<?xml version="1.0" encoding="utf-8"?><testsuites name="pytest tests"><testsuite name="pytest" errors="0" failures="0" skipped="0" tests="183" time="30.049" timestamp="2026-05-03T20:12:30.993170+01:00" hostname="DESKTOP-SCK95NG"><testcase classname="tests.test_unit_answer_evaluator.TestNormalise" name="test_basic" time="0.002" /><testcase classname="tests.test_unit_answer_evaluator.TestNormalise" name="test_strips_articles" time="0.001" /><testcase classname="tests.test_unit_answer_evaluator.TestNormalise" name="test_empty" time="0.001" /><testcase classname="tests.test_unit_answer_evaluator.TestTokenSet" name="test_tokens" time="0.001" /><testcase classname="tests.test_unit_answer_evaluator.TestAnswerEvaluator" name="test_mcq_correct" time="0.003" /><testcase classname="tests.test_unit_answer_evaluator.TestAnswerEvaluator" name="test_mcq_wrong" time="0.002" /><testcase classname="tests.test_unit_answer_evaluator.TestAnswerEvaluator" name="test_mcq_partial_credit" time="0.002" /><testcase classname="tests.test_unit_answer_evaluator.TestAnswerEvaluator" name="test_mcq_time_bonus" time="0.002" /><testcase classname="tests.test_unit_answer_evaluator.TestAnswerEvaluator" name="test_tf_correct" time="0.001" /><testcase classname="tests.test_unit_answer_evaluator.TestAnswerEvaluator" name="test_tf_wrong" time="0.002" /><testcase classname="tests.test_unit_answer_evaluator.TestAnswerEvaluator" name="test_dnd_full_correct" time="0.002" /><testcase classname="tests.test_unit_answer_evaluator.TestAnswerEvaluator" name="test_dnd_partial" time="0.002" /><testcase classname="tests.test_unit_answer_evaluator.TestAnswerEvaluator" name="test_open_ended" time="0.002" /><testcase classname="tests.test_unit_answer_evaluator.TestAnswerEvaluator" name="test_batch_evaluate" time="0.002" /><testcase classname="tests.test_unit_answer_evaluator.TestAnswerEvaluator" name="test_difficulty_multiplier" time="0.002" /><testcase classname="tests.test_unit_api.TestRootAndHealth" name="test_root" time="4.192" /><testcase classname="tests.test_unit_api.TestRootAndHealth" name="test_health" time="0.009" /><testcase classname="tests.test_unit_api.TestClassifyRoutes" name="test_classify_difficulty" time="0.007" /><testcase classname="tests.test_unit_api.TestClassifyRoutes" name="test_classify_batch" time="0.006" /><testcase classname="tests.test_unit_api.TestEvaluateRoutes" name="test_evaluate_answer" time="0.007" /><testcase classname="tests.test_unit_api.TestEvaluateRoutes" name="test_evaluate_batch" time="0.006" /><testcase classname="tests.test_unit_api.TestFeedbackRoutes" name="test_record_feedback" time="0.006" /><testcase classname="tests.test_unit_api.TestFeedbackRoutes" name="test_user_rating" time="0.006" /><testcase classname="tests.test_unit_api.TestMonitorRoutes" name="test_monitor_health" time="0.008" /><testcase classname="tests.test_unit_api.TestMonitorRoutes" name="test_monitor_throughput" time="0.008" /><testcase classname="tests.test_unit_api_auth" name="test_unauthenticated_request" time="0.005" /><testcase classname="tests.test_unit_api_auth" name="test_invalid_token" time="0.004" /><testcase classname="tests.test_unit_api_auth" name="test_expired_token" time="0.005" /><testcase classname="tests.test_unit_api_auth" name="test_valid_authenticated_request" time="0.007" /><testcase classname="tests.test_unit_api_auth" name="test_permission_forbidden_edge_case" time="0.006" /><testcase classname="tests.test_unit_api_auth" name="test_valid_admin_request" time="0.006" /><testcase classname="tests.test_unit_brainrush_generation" name="test_distribute_difficulties_adaptive_counts" time="0.001" /><testcase classname="tests.test_unit_brainrush_generation" name="test_distribute_difficulties_fixed" time="0.001" /><testcase classname="tests.test_unit_brainrush_generation" name="test_validate_brainrush_mcq_rules" time="0.001" /><testcase classname="tests.test_unit_brainrush_generation" name="test_brainrush_allowed_counts" time="0.000" /><testcase classname="tests.test_unit_brainrush_generation" name="test_brainrush_session_question_ok_mcq_and_letter_answer" time="0.001" /><testcase classname="tests.test_unit_brainrush_generation" name="test_brainrush_session_question_ok_rejects_short_or_duplicate" time="0.000" /><testcase classname="tests.test_unit_brainrush_generation" name="test_topic_specs_cover_all_courses" time="0.002" /><testcase classname="tests.test_unit_brainrush_generation" name="test_topic_specs_six_questions_use_three_courses" time="0.001" /><testcase classname="tests.test_unit_brainrush_generation" name="test_topic_specs_buckets_by_course_id_not_duplicate_titles" time="0.001" /><testcase classname="tests.test_unit_brainrush_generation" name="test_topic_specs_round_robin_distinct_chapter_titles" time="0.001" /><testcase classname="tests.test_unit_brainrush_generation" name="test_validate_brainrush_rejects_syllabus_mcq_stem" time="0.001" /><testcase classname="tests.test_unit_brainrush_generation" name="test_validate_brainrush_rejects_choix_placeholder_options" time="0.001" /><testcase classname="tests.test_unit_brainrush_generation" name="test_normalize_stem_and_similarity" time="0.001" /><testcase classname="tests.test_unit_brainrush_generation" name="test_validate_brainrush_true_false_vf" time="0.001" /><testcase classname="tests.test_unit_brainrush_generation" name="test_validate_true_false_rejects_syllabus_meta" time="0.000" /><testcase classname="tests.test_unit_brainrush_generation" name="test_validate_brainrush_dragdrop_rejects_placeholders" time="0.000" /><testcase classname="tests.test_unit_brainrush_generation" name="test_brainrush_session_question_ok_true_false" time="0.000" /><testcase classname="tests.test_unit_brainrush_generation" name="test_passes_grounding_gate_requires_valid_and_confidence" time="0.000" /><testcase classname="tests.test_unit_brainrush_generation" name="test_generate_mcq_raises_when_confidence_below_threshold" time="0.008" /><testcase classname="tests.test_unit_brainrush_generation" name="test_generate_mcq_raises_on_short_context" time="0.002" /><testcase classname="tests.test_unit_brainrush_generation" name="test_fetch_brainrush_context_uses_best_length" time="0.001" /><testcase classname="tests.test_unit_brainrush_generation" name="test_fetch_brainrush_context_scoped_course_never_calls_global_search" time="0.001" /><testcase classname="tests.test_unit_config.TestConfig" name="test_config_dict_has_required_keys" time="0.000" /><testcase classname="tests.test_unit_config.TestConfig" name="test_defaults_are_strings" time="0.001" /><testcase classname="tests.test_unit_config.TestConfig" name="test_mask_uri_hides_credentials" time="0.000" /><testcase classname="tests.test_unit_config.TestConfig" name="test_mask_uri_empty" time="0.000" /><testcase classname="tests.test_unit_config.TestConfig" name="test_mask_uri_simple" time="0.000" /><testcase classname="tests.test_unit_difficulty_classifier.TestLinguisticFeatures" name="test_basic_text" time="0.001" /><testcase classname="tests.test_unit_difficulty_classifier.TestLinguisticFeatures" name="test_empty" time="0.001" /><testcase classname="tests.test_unit_difficulty_classifier.TestLinguisticFeatures" name="test_long_words_ratio" time="0.001" /><testcase classname="tests.test_unit_difficulty_classifier.TestTechnicalDensity" name="test_no_terms" time="0.001" /><testcase classname="tests.test_unit_difficulty_classifier.TestTechnicalDensity" name="test_with_terms" time="0.001" /><testcase classname="tests.test_unit_difficulty_classifier.TestCognitiveLoad" name="test_easy_verbs" time="0.001" /><testcase classname="tests.test_unit_difficulty_classifier.TestCognitiveLoad" name="test_hard_verbs" time="0.001" /><testcase classname="tests.test_unit_difficulty_classifier.TestCognitiveLoad" name="test_multi_step" time="0.001" /><testcase classname="tests.test_unit_difficulty_classifier.TestCognitiveLoad" name="test_negations" time="0.001" /><testcase classname="tests.test_unit_difficulty_classifier.TestStructuralComplexity" name="test_has_code" time="0.001" /><testcase classname="tests.test_unit_difficulty_classifier.TestStructuralComplexity" name="test_no_code" time="0.001" /><testcase classname="tests.test_unit_difficulty_classifier.TestDifficultyClassifier" name="test_classify_easy" time="0.002" /><testcase classname="tests.test_unit_difficulty_classifier.TestDifficultyClassifier" name="test_classify_hard" time="0.002" /><testcase classname="tests.test_unit_difficulty_classifier.TestDifficultyClassifier" name="test_classify_text" time="0.001" /><testcase classname="tests.test_unit_difficulty_classifier.TestDifficultyClassifier" name="test_batch_classify" time="0.002" /><testcase classname="tests.test_unit_difficulty_classifier.TestDifficultyClassifier" name="test_suggest_adjustment_no_change" time="0.002" /><testcase classname="tests.test_unit_difficulty_classifier.TestDifficultyClassifier" name="test_suggest_adjustment_mismatch" time="0.002" /><testcase classname="tests.test_unit_document_chunker.TestChunkTextRecursive" name="test_basic_split" time="0.001" /><testcase classname="tests.test_unit_document_chunker.TestChunkTextRecursive" name="test_empty_text" time="0.001" /><testcase classname="tests.test_unit_document_chunker.TestChunkTextRecursive" name="test_short_text" time="0.001" /><testcase classname="tests.test_unit_document_chunker.TestChunkFallback" name="test_basic" time="0.000" /><testcase classname="tests.test_unit_document_chunker.TestChunkFallback" name="test_empty" time="0.000" /><testcase classname="tests.test_unit_document_chunker.TestChunkBySentences" name="test_splits_sentences" time="0.001" /><testcase classname="tests.test_unit_document_chunker.TestChunkBySentences" name="test_empty" time="0.001" /><testcase classname="tests.test_unit_document_chunker.TestChunkCourseContent" name="test_course_with_modules" time="0.002" /><testcase classname="tests.test_unit_document_chunker.TestChunkCourseContent" name="test_course_empty_modules" time="0.001" /><testcase classname="tests.test_unit_document_chunker.TestChunkExerciseContent" name="test_exercise" time="0.001" /><testcase classname="tests.test_unit_feedback_loop.TestAIFeedbackLoop" name="test_record_signal" time="0.003" /><testcase classname="tests.test_unit_feedback_loop.TestAIFeedbackLoop" name="test_record_question_feedback" time="0.002" /><testcase classname="tests.test_unit_feedback_loop.TestAIFeedbackLoop" name="test_record_response_latency" time="0.002" /><testcase classname="tests.test_unit_feedback_loop.TestAIFeedbackLoop" name="test_record_user_rating" time="0.002" /><testcase classname="tests.test_unit_feedback_loop.TestAIFeedbackLoop" name="test_record_hallucination" time="0.002" /><testcase classname="tests.test_unit_feedback_loop.TestAIFeedbackLoop" name="test_get_signal_stats_empty" time="0.002" /><testcase classname="tests.test_unit_feedback_loop.TestAIFeedbackLoop" name="test_get_signal_stats_with_data" time="0.002" /><testcase classname="tests.test_unit_feedback_loop.TestAIFeedbackLoop" name="test_generate_tuning_recommendations" time="0.002" /><testcase classname="tests.test_unit_feedback_loop.TestAIFeedbackLoop" name="test_purge_old_signals" time="0.003" /><testcase classname="tests.test_unit_hybrid_response_cache" name="test_hybrid_cache_fallback_without_redis" time="0.001" /><testcase classname="tests.test_unit_hybrid_response_cache" name="test_hybrid_cache_redis_hit" time="4.092" /><testcase classname="tests.test_unit_hybrid_response_cache" name="test_hybrid_cache_redis_miss_local_hit" time="4.098" /><testcase classname="tests.test_unit_hybrid_response_cache" name="test_hybrid_cache_redis_failure_fallback" time="4.095" /><testcase classname="tests.test_unit_hybrid_response_cache" name="test_hybrid_cache_set_both" time="4.098" /><testcase classname="tests.test_unit_hybrid_response_cache" name="test_hybrid_cache_empty_key" time="0.001" /><testcase classname="tests.test_unit_learning_path_inputs" name="test_personalized_recommendations_request_valid" time="0.001" /><testcase classname="tests.test_unit_learning_path_inputs" name="test_personalized_recommendations_request_defaults" time="0.000" /><testcase classname="tests.test_unit_learning_path_inputs" name="test_personalized_recommendations_request_invalid_n_results" time="0.001" /><testcase classname="tests.test_unit_learning_path_inputs" name="test_personalized_recommendations_request_missing_profile" time="0.000" /><testcase classname="tests.test_unit_learning_path_inputs" name="test_personalized_recommendations_request_empty_profile" time="0.000" /><testcase classname="tests.test_unit_level_progression" name="test_upsert_from_level_test_happy_path" time="0.002" /><testcase classname="tests.test_unit_level_progression" name="test_upsert_from_level_test_missing_id" time="0.001" /><testcase classname="tests.test_unit_level_progression" name="test_upsert_from_level_test_pace_modes" time="0.004" /><testcase classname="tests.test_unit_level_progression" name="test_record_learning_event_updates_engagement" time="0.002" /><testcase classname="tests.test_unit_level_progression" name="test_record_learning_event_score_clamping" time="0.002" /><testcase classname="tests.test_unit_level_progression" name="test_record_learning_event_invalid_input" time="0.002" /><testcase classname="tests.test_unit_level_progression" name="test_record_learning_event_updates_concept_mastery" time="0.002" /><testcase classname="tests.test_unit_monitor.TestAIPerformanceMonitor" name="test_record_request" time="0.002" /><testcase classname="tests.test_unit_monitor.TestAIPerformanceMonitor" name="test_record_request_error" time="0.002" /><testcase classname="tests.test_unit_monitor.TestAIPerformanceMonitor" name="test_get_endpoint_stats_empty" time="0.002" /><testcase classname="tests.test_unit_monitor.TestAIPerformanceMonitor" name="test_get_endpoint_stats_with_data" time="0.002" /><testcase classname="tests.test_unit_monitor.TestAIPerformanceMonitor" name="test_get_error_log" time="0.002" /><testcase classname="tests.test_unit_monitor.TestAIPerformanceMonitor" name="test_get_system_health" time="0.002" /><testcase classname="tests.test_unit_monitor.TestAIPerformanceMonitor" name="test_get_throughput" time="0.002" /><testcase classname="tests.test_unit_monitor.TestAIPerformanceMonitor" name="test_purge_old_metrics" time="0.002" /><testcase classname="tests.test_unit_monitor.TestAIPerformanceMonitor" name="test_record_request_db_failure" time="0.003" /><testcase classname="tests.test_unit_monitor.TestAIPerformanceMonitor" name="test_get_endpoint_stats_db_failure" time="0.003" /><testcase classname="tests.test_unit_monitor.TestAIPerformanceMonitor" name="test_get_endpoint_stats_p95_edge" time="0.002" /><testcase classname="tests.test_unit_monitor.TestAIPerformanceMonitor" name="test_get_system_health_degraded" time="0.003" /><testcase classname="tests.test_unit_monitor.TestAIPerformanceMonitor" name="test_get_system_health_slow" time="0.002" /><testcase classname="tests.test_unit_prompt_engineer.TestAdvancedPromptEngineer" name="test_few_shot_learning" time="0.002" /><testcase classname="tests.test_unit_prompt_engineer.TestAdvancedPromptEngineer" name="test_chain_of_thought" time="0.002" /><testcase classname="tests.test_unit_prompt_engineer.TestAdvancedPromptEngineer" name="test_role_playing_default" time="0.002" /><testcase classname="tests.test_unit_prompt_engineer.TestAdvancedPromptEngineer" name="test_role_playing_custom" time="0.002" /><testcase classname="tests.test_unit_prompt_engineer.TestAdvancedPromptEngineer" name="test_constraint_specification" time="0.002" /><testcase classname="tests.test_unit_prompt_engineer.TestAdvancedPromptEngineer" name="test_output_structuring" time="0.004" /><testcase classname="tests.test_unit_prompt_engineer.TestAdvancedPromptEngineer" name="test_build_optimized_question_prompt" time="0.002" /><testcase classname="tests.test_unit_prompt_engineer.TestAdvancedPromptEngineer" name="test_build_optimized_chatbot_prompt" time="0.002" /><testcase classname="tests.test_unit_prompt_engineer.TestAdvancedPromptEngineer" name="test_analyze_prompt_quality" time="0.003" /><testcase classname="tests.test_unit_prompt_engineer.TestAdvancedPromptEngineer" name="test_analyze_prompt_too_short" time="0.003" /><testcase classname="tests.test_unit_prompt_engineer.TestAdvancedPromptEngineer" name="test_few_shot_empty_examples_returns_base" time="0.002" /><testcase classname="tests.test_unit_prompt_engineer.TestAdvancedPromptEngineer" name="test_constraint_empty_returns_base" time="0.002" /><testcase classname="tests.test_unit_prompt_engineer.TestAdvancedPromptEngineer" name="test_output_structuring_nested_shape" time="0.002" /><testcase classname="tests.test_unit_prompt_engineer.TestExamples" name="test_examples_exist" time="0.001" /><testcase classname="tests.test_unit_prompt_engineer.TestExamples" name="test_examples_have_required_keys" time="0.001" /><testcase classname="tests.test_unit_quality_validator.TestBloomTaxonomy" name="test_bloom_levels[Define recursion-Remember]" time="0.003" /><testcase classname="tests.test_unit_quality_validator.TestBloomTaxonomy" name="test_bloom_levels[Explain how loops work-Understand]" time="0.001" /><testcase classname="tests.test_unit_quality_validator.TestBloomTaxonomy" name="test_bloom_levels[Solve the equation-Apply]" time="0.001" /><testcase classname="tests.test_unit_quality_validator.TestBloomTaxonomy" name="test_bloom_levels[Compare lists and tuples-Analyze]" time="0.001" /><testcase classname="tests.test_unit_quality_validator.TestBloomTaxonomy" name="test_bloom_levels[Evaluate the algorithm-Evaluate]" time="0.001" /><testcase classname="tests.test_unit_quality_validator.TestBloomTaxonomy" name="test_bloom_levels[Design a data structure-Create]" time="0.001" /><testcase classname="tests.test_unit_quality_validator.TestBloomTaxonomy" name="test_bloom_levels[Which keyword starts a loop?-Remember]" time="0.001" /><testcase classname="tests.test_unit_quality_validator.TestBloomTaxonomy" name="test_bloom_levels[-Unknown]" time="0.001" /><testcase classname="tests.test_unit_quality_validator.TestPatternDetection" name="test_detects_duplicates" time="0.001" /><testcase classname="tests.test_unit_quality_validator.TestPatternDetection" name="test_detects_overused_format" time="0.001" /><testcase classname="tests.test_unit_quality_validator.TestPatternDetection" name="test_empty_batch" time="0.000" /><testcase classname="tests.test_unit_quality_validator.TestQuestionQualityValidator" name="test_clarity_good" time="0.002" /><testcase classname="tests.test_unit_quality_validator.TestQuestionQualityValidator" name="test_clarity_vague" time="0.001" /><testcase classname="tests.test_unit_quality_validator.TestQuestionQualityValidator" name="test_answer_quality_valid" time="0.001" /><testcase classname="tests.test_unit_quality_validator.TestQuestionQualityValidator" name="test_answer_quality_missing" time="0.001" /><testcase classname="tests.test_unit_quality_validator.TestQuestionQualityValidator" name="test_distractor_quality" time="0.003" /><testcase classname="tests.test_unit_quality_validator.TestQuestionQualityValidator" name="test_explanation_too_short" time="0.003" /><testcase classname="tests.test_unit_quality_validator.TestQuestionQualityValidator" name="test_explanation_good" time="0.002" /><testcase classname="tests.test_unit_quality_validator.TestQuestionQualityValidator" name="test_overall_quality_high" time="0.002" /><testcase classname="tests.test_unit_quality_validator.TestQuestionQualityValidator" name="test_validate_against_source" time="0.002" /><testcase classname="tests.test_unit_quality_validator.TestQuestionQualityValidator" name="test_batch_quality" time="0.003" /><testcase classname="tests.test_unit_question_validator.TestHelpers" name="test_valid_difficulties" time="0.000" /><testcase classname="tests.test_unit_question_validator.TestHelpers" name="test_valid_question_types" time="0.000" /><testcase classname="tests.test_unit_question_validator.TestHelpers" name="test_sanitize_empty" time="0.000" /><testcase classname="tests.test_unit_question_validator.TestHelpers" name="test_sanitize_whitespace_and_caps" time="0.001" /><testcase classname="tests.test_unit_question_validator.TestMCQValidation" name="test_valid_mcq" time="0.001" /><testcase classname="tests.test_unit_question_validator.TestMCQValidation" name="test_missing_fields" time="0.001" /><testcase classname="tests.test_unit_question_validator.TestMCQValidation" name="test_wrong_option_count" time="0.001" /><testcase classname="tests.test_unit_question_validator.TestMCQValidation" name="test_correct_answer_not_in_options" time="0.001" /><testcase classname="tests.test_unit_question_validator.TestMCQValidation" name="test_duplicate_options" time="0.001" /><testcase classname="tests.test_unit_question_validator.TestMCQValidation" name="test_question_too_short" time="0.001" /><testcase classname="tests.test_unit_question_validator.TestTrueFalseValidation" name="test_valid_tf" time="0.001" /><testcase classname="tests.test_unit_question_validator.TestTrueFalseValidation" name="test_wrong_options" time="0.001" /><testcase classname="tests.test_unit_question_validator.TestTrueFalseValidation" name="test_wrong_correct_answer" time="0.001" /><testcase classname="tests.test_unit_question_validator.TestDragDropValidation" name="test_valid_dnd" time="0.001" /><testcase classname="tests.test_unit_question_validator.TestDragDropValidation" name="test_mismatched_length" time="0.001" /><testcase classname="tests.test_unit_question_validator.TestDragDropValidation" name="test_missing_pair_mapping" time="0.001" /><testcase classname="tests.test_unit_question_validator.TestBatchValidation" name="test_batch_report" time="0.001" /><testcase classname="tests.test_unit_question_validator.TestBatchValidation" name="test_json_format_valid" time="0.001" /><testcase classname="tests.test_unit_question_validator.TestBatchValidation" name="test_json_format_invalid" time="0.001" /><testcase classname="tests.test_unit_rag_service" name="test_search_returns_ranked_course_results" time="0.002" /><testcase classname="tests.test_unit_rag_service" name="test_answer_question_with_rag_contract" time="0.003" /><testcase classname="tests.test_unit_rag_service" name="test_get_context_for_course_ids_uses_filtered_search" time="0.002" /></testsuite></testsuites>