TN:
SF:src\app.controller.ts
FN:6,(anonymous_2)
FNF:1
FNH:0
FNDA:0,(anonymous_2)
DA:1,0
DA:4,0
DA:6,0
DA:7,0
LF:4
LH:0
BRF:0
BRH:0
end_of_record
TN:
SF:src\app.module.ts
FN:35,(anonymous_1)
FNF:1
FNH:0
FNDA:0,(anonymous_1)
DA:1,0
DA:2,0
DA:3,0
DA:4,0
DA:5,0
DA:6,0
DA:7,0
DA:8,0
DA:9,0
DA:10,0
DA:11,0
DA:12,0
DA:13,0
DA:14,0
DA:15,0
DA:16,0
DA:17,0
DA:18,0
DA:19,0
DA:20,0
DA:21,0
DA:22,0
DA:23,0
DA:24,0
DA:35,0
DA:65,0
LF:26
LH:0
BRF:0
BRH:0
end_of_record
TN:
SF:src\drop-stale-index.ts
FN:6,bootstrap
FN:14,(anonymous_1)
FN:17,(anonymous_2)
FNF:3
FNH:0
FNDA:0,bootstrap
FNDA:0,(anonymous_1)
FNDA:0,(anonymous_2)
DA:1,0
DA:2,0
DA:3,0
DA:7,0
DA:8,0
DA:9,0
DA:10,0
DA:12,0
DA:13,0
DA:14,0
DA:16,0
DA:17,0
DA:18,0
DA:19,0
DA:20,0
DA:22,0
DA:25,0
DA:26,0
DA:27,0
DA:29,0
DA:30,0
DA:34,0
LF:22
LH:0
BRDA:17,0,0,0
BRDA:17,0,1,0
BRF:2
BRH:0
end_of_record
TN:
SF:src\main.ts
FN:10,bootstrap
FN:60,(anonymous_1)
FNF:2
FNH:1
FNDA:5,bootstrap
FNDA:0,(anonymous_1)
DA:1,1
DA:2,1
DA:3,1
DA:4,1
DA:5,1
DA:6,1
DA:7,1
DA:8,1
DA:10,1
DA:12,5
DA:13,1
DA:15,5
DA:18,5
DA:25,5
DA:37,5
DA:38,5
DA:39,4
DA:42,5
DA:43,5
DA:44,4
DA:47,5
DA:48,5
DA:49,4
DA:52,5
DA:55,5
DA:56,5
DA:61,0
DA:66,5
DA:67,4
DA:74,4
DA:78,5
DA:90,5
DA:94,5
DA:95,5
DA:96,5
DA:97,4
DA:100,1
DA:103,1
DA:104,1
DA:108,1
DA:112,1
DA:113,0
LF:42
LH:40
BRDA:12,0,0,1
BRDA:38,1,0,4
BRDA:43,2,0,4
BRDA:48,3,0,4
BRDA:58,4,0,4
BRDA:58,4,1,1
BRDA:59,5,0,4
BRDA:59,5,1,1
BRDA:61,6,0,0
BRDA:61,6,1,0
BRDA:61,6,2,0
BRDA:66,7,0,4
BRDA:94,8,0,5
BRDA:94,8,1,0
BRDA:100,9,0,1
BRDA:100,9,1,0
BRDA:100,10,0,1
BRDA:100,10,1,1
BRDA:100,10,2,1
BRDA:103,11,0,1
BRDA:112,12,0,0
BRF:21
BRH:15
end_of_record
TN:
SF:src\academic\academic.controller.ts
FN:16,(anonymous_4)
FN:21,(anonymous_5)
FN:31,(anonymous_6)
FN:39,(anonymous_7)
FN:46,(anonymous_8)
FN:53,(anonymous_9)
FN:60,(anonymous_10)
FN:67,(anonymous_11)
FN:74,(anonymous_12)
FN:81,(anonymous_13)
FN:88,(anonymous_14)
FN:95,(anonymous_15)
FN:102,(anonymous_16)
FN:109,(anonymous_17)
FN:116,(anonymous_18)
FN:123,(anonymous_19)
FNF:16
FNH:0
FNDA:0,(anonymous_4)
FNDA:0,(anonymous_5)
FNDA:0,(anonymous_6)
FNDA:0,(anonymous_7)
FNDA:0,(anonymous_8)
FNDA:0,(anonymous_9)
FNDA:0,(anonymous_10)
FNDA:0,(anonymous_11)
FNDA:0,(anonymous_12)
FNDA:0,(anonymous_13)
FNDA:0,(anonymous_14)
FNDA:0,(anonymous_15)
FNDA:0,(anonymous_16)
FNDA:0,(anonymous_17)
FNDA:0,(anonymous_18)
FNDA:0,(anonymous_19)
DA:1,0
DA:2,0
DA:3,0
DA:4,0
DA:5,0
DA:6,0
DA:7,0
DA:8,0
DA:9,0
DA:10,0
DA:11,0
DA:12,0
DA:15,0
DA:16,0
DA:21,0
DA:22,0
DA:23,0
DA:24,0
DA:25,0
DA:31,0
DA:32,0
DA:33,0
DA:39,0
DA:40,0
DA:46,0
DA:47,0
DA:53,0
DA:54,0
DA:60,0
DA:61,0
DA:67,0
DA:68,0
DA:74,0
DA:75,0
DA:81,0
DA:82,0
DA:88,0
DA:89,0
DA:95,0
DA:96,0
DA:102,0
DA:103,0
DA:109,0
DA:110,0
DA:116,0
DA:117,0
DA:123,0
DA:124,0
LF:48
LH:0
BRDA:23,0,0,0
BRDA:23,0,1,0
BRDA:23,0,2,0
BRDA:23,0,3,0
BRDA:32,1,0,0
BRDA:32,1,1,0
BRDA:32,1,2,0
BRDA:32,1,3,0
BRF:8
BRH:0
end_of_record
TN:
SF:src\academic\academic.module.ts
FNF:0
FNH:0
DA:1,0
DA:2,0
DA:3,0
DA:4,0
DA:5,0
DA:6,0
DA:7,0
DA:8,0
DA:9,0
DA:10,0
DA:11,0
DA:12,0
DA:29,0
LF:13
LH:0
BRF:0
BRH:0
end_of_record
TN:
SF:src\academic\academic.service.ts
FN:45,(anonymous_4)
FN:62,(anonymous_5)
FN:72,(anonymous_6)
FN:85,(anonymous_7)
FN:93,(anonymous_8)
FN:106,(anonymous_9)
FN:115,(anonymous_10)
FN:119,(anonymous_11)
FN:132,(anonymous_12)
FN:140,(anonymous_13)
FN:150,(anonymous_14)
FN:158,(anonymous_15)
FN:159,(anonymous_16)
FN:165,(anonymous_17)
FN:169,(anonymous_18)
FN:170,(anonymous_19)
FN:183,(anonymous_20)
FN:195,(anonymous_21)
FN:197,(anonymous_22)
FN:203,(anonymous_23)
FN:214,(anonymous_24)
FN:223,(anonymous_25)
FN:225,(anonymous_26)
FN:234,(anonymous_27)
FN:263,(anonymous_28)
FN:265,(anonymous_29)
FN:268,(anonymous_30)
FN:277,(anonymous_31)
FN:298,(anonymous_32)
FN:336,(anonymous_33)
FN:345,(anonymous_34)
FN:351,(anonymous_35)
FN:365,(anonymous_36)
FN:399,(anonymous_37)
FN:418,(anonymous_38)
FN:437,(anonymous_39)
FN:448,(anonymous_40)
FN:462,(anonymous_41)
FN:467,(anonymous_42)
FN:471,(anonymous_43)
FN:475,(anonymous_44)
FN:478,(anonymous_45)
FN:487,(anonymous_46)
FN:490,(anonymous_47)
FN:500,(anonymous_48)
FN:523,(anonymous_49)
FN:534,(anonymous_50)
FN:541,(anonymous_51)
FN:559,(anonymous_52)
FN:570,(anonymous_53)
FN:579,(anonymous_54)
FN:600,(anonymous_55)
FNF:52
FNH:9
FNDA:6,(anonymous_4)
FNDA:1,(anonymous_5)
FNDA:1,(anonymous_6)
FNDA:0,(anonymous_7)
FNDA:1,(anonymous_8)
FNDA:1,(anonymous_9)
FNDA:0,(anonymous_10)
FNDA:0,(anonymous_11)
FNDA:0,(anonymous_12)
FNDA:0,(anonymous_13)
FNDA:0,(anonymous_14)
FNDA:0,(anonymous_15)
FNDA:0,(anonymous_16)
FNDA:0,(anonymous_17)
FNDA:0,(anonymous_18)
FNDA:0,(anonymous_19)
FNDA:0,(anonymous_20)
FNDA:0,(anonymous_21)
FNDA:0,(anonymous_22)
FNDA:0,(anonymous_23)
FNDA:0,(anonymous_24)
FNDA:0,(anonymous_25)
FNDA:0,(anonymous_26)
FNDA:1,(anonymous_27)
FNDA:0,(anonymous_28)
FNDA:0,(anonymous_29)
FNDA:2,(anonymous_30)
FNDA:2,(anonymous_31)
FNDA:0,(anonymous_32)
FNDA:0,(anonymous_33)
FNDA:0,(anonymous_34)
FNDA:0,(anonymous_35)
FNDA:1,(anonymous_36)
FNDA:0,(anonymous_37)
FNDA:0,(anonymous_38)
FNDA:0,(anonymous_39)
FNDA:0,(anonymous_40)
FNDA:0,(anonymous_41)
FNDA:0,(anonymous_42)
FNDA:0,(anonymous_43)
FNDA:0,(anonymous_44)
FNDA:0,(anonymous_45)
FNDA:0,(anonymous_46)
FNDA:0,(anonymous_47)
FNDA:0,(anonymous_48)
FNDA:0,(anonymous_49)
FNDA:0,(anonymous_50)
FNDA:0,(anonymous_51)
FNDA:0,(anonymous_52)
FNDA:0,(anonymous_53)
FNDA:0,(anonymous_54)
FNDA:0,(anonymous_55)
DA:1,1
DA:2,1
DA:3,1
DA:4,1
DA:5,1
DA:6,1
DA:11,1
DA:12,1
DA:13,1
DA:14,1
DA:15,1
DA:44,1
DA:47,6
DA:49,6
DA:51,6
DA:53,6
DA:55,6
DA:56,6
DA:57,6
DA:59,6
DA:63,1
DA:73,1
DA:74,1
DA:75,1
DA:77,1
DA:78,0
DA:79,0
DA:82,1
DA:86,0
DA:87,0
DA:90,0
DA:94,1
DA:99,1
DA:100,1
DA:103,0
DA:107,1
DA:108,1
DA:109,0
DA:112,1
DA:116,0
DA:120,0
DA:125,0
DA:126,0
DA:129,0
DA:133,0
DA:134,0
DA:137,0
DA:141,0
DA:151,0
DA:158,0
DA:159,0
DA:162,0
DA:165,0
DA:169,0
DA:170,0
DA:171,0
DA:184,0
DA:194,0
DA:195,0
DA:197,0
DA:203,0
DA:215,0
DA:222,0
DA:223,0
DA:225,0
DA:235,1
DA:236,1
DA:242,1
DA:264,0
DA:265,0
DA:269,2
DA:270,2
DA:271,1
DA:274,1
DA:278,2
DA:279,2
DA:280,1
DA:283,1
DA:284,1
DA:295,1
DA:299,0
DA:300,0
DA:302,0
DA:303,0
DA:304,0
DA:305,0
DA:307,0
DA:310,0
DA:311,0
DA:313,0
DA:314,0
DA:316,0
DA:317,0
DA:319,0
DA:320,0
DA:322,0
DA:323,0
DA:325,0
DA:326,0
DA:329,0
DA:331,0
DA:332,0
DA:335,0
DA:337,0
DA:342,0
DA:346,0
DA:347,0
DA:349,0
DA:350,0
DA:352,0
DA:356,0
DA:362,0
DA:366,1
DA:367,1
DA:369,0
DA:373,0
DA:374,0
DA:375,0
DA:378,0
DA:379,0
DA:382,0
DA:394,0
DA:396,0
DA:400,0
DA:401,0
DA:403,0
DA:407,0
DA:411,0
DA:412,0
DA:415,0
DA:419,0
DA:420,0
DA:422,0
DA:434,0
DA:438,0
DA:439,0
DA:441,0
DA:445,0
DA:449,0
DA:450,0
DA:455,0
DA:456,0
DA:459,0
DA:463,0
DA:466,0
DA:467,0
DA:470,0
DA:471,0
DA:474,0
DA:475,0
DA:478,0
DA:480,0
DA:481,0
DA:485,0
DA:487,0
DA:491,0
DA:494,0
DA:495,0
DA:497,0
DA:498,0
DA:500,0
DA:506,0
DA:518,0
DA:520,0
DA:524,0
DA:527,0
DA:528,0
DA:530,0
DA:533,0
DA:534,0
DA:537,0
DA:538,0
DA:540,0
DA:541,0
DA:544,0
DA:545,0
DA:549,0
DA:551,0
DA:560,0
DA:562,0
DA:563,0
DA:565,0
DA:571,0
DA:572,0
DA:580,0
DA:582,0
DA:587,0
DA:588,0
DA:591,0
DA:597,0
DA:601,0
DA:603,0
DA:607,0
LF:193
LH:47
BRDA:63,0,0,1
BRDA:63,0,1,0
BRDA:73,1,0,1
BRDA:73,1,1,0
BRDA:86,2,0,0
BRDA:99,3,0,1
BRDA:99,4,0,1
BRDA:99,4,1,1
BRDA:108,5,0,0
BRDA:125,6,0,0
BRDA:133,7,0,0
BRDA:178,8,0,0
BRDA:178,8,1,0
BRDA:202,9,0,0
BRDA:202,9,1,0
BRDA:270,10,0,1
BRDA:278,11,0,2
BRDA:278,11,1,1
BRDA:279,12,0,1
BRDA:287,13,0,1
BRDA:287,13,1,1
BRDA:288,14,0,1
BRDA:288,14,1,1
BRDA:289,15,0,1
BRDA:289,15,1,1
BRDA:290,16,0,1
BRDA:290,16,1,1
BRDA:291,17,0,1
BRDA:291,17,1,0
BRDA:292,18,0,1
BRDA:292,18,1,1
BRDA:302,19,0,0
BRDA:303,20,0,0
BRDA:303,20,1,0
BRDA:304,21,0,0
BRDA:310,22,0,0
BRDA:311,23,0,0
BRDA:311,23,1,0
BRDA:313,24,0,0
BRDA:314,25,0,0
BRDA:314,25,1,0
BRDA:316,26,0,0
BRDA:317,27,0,0
BRDA:317,27,1,0
BRDA:319,28,0,0
BRDA:320,29,0,0
BRDA:320,29,1,0
BRDA:322,30,0,0
BRDA:325,31,0,0
BRDA:331,32,0,0
BRDA:373,33,0,0
BRDA:373,34,0,0
BRDA:373,34,1,0
BRDA:378,35,0,0
BRDA:378,36,0,0
BRDA:378,36,1,0
BRDA:411,37,0,0
BRDA:411,38,0,0
BRDA:411,38,1,0
BRDA:411,39,0,0
BRDA:411,39,1,0
BRDA:455,40,0,0
BRDA:480,41,0,0
BRDA:530,42,0,0
BRDA:544,43,0,0
BRDA:544,44,0,0
BRDA:544,44,1,0
BRDA:587,45,0,0
BRF:68
BRH:20
end_of_record
TN:
SF:src\academic\dto\create-school-class.dto.ts
FNF:0
FNH:0
DA:1,0
DA:3,0
DA:5,0
DA:9,0
DA:13,0
DA:17,0
DA:21,0
DA:26,0
DA:30,0
LF:9
LH:0
BRF:0
BRH:0
end_of_record
TN:
SF:src\academic\dto\manage-class-instructor.dto.ts
FNF:0
FNH:0
DA:1,0
DA:3,0
DA:6,0
LF:3
LH:0
BRF:0
BRH:0
end_of_record
TN:
SF:src\academic\dto\manage-class-student.dto.ts
FNF:0
FNH:0
DA:1,0
DA:3,0
DA:5,0
LF:3
LH:0
BRF:0
BRH:0
end_of_record
TN:
SF:src\academic\dto\manage-class-subject.dto.ts
FNF:0
FNH:0
DA:1,0
DA:3,0
DA:5,0
LF:3
LH:0
BRF:0
BRH:0
end_of_record
TN:
SF:src\academic\dto\submit-attendance.dto.ts
FN:29,(anonymous_2)
FNF:1
FNH:0
FNDA:0,(anonymous_2)
DA:1,0
DA:2,0
DA:7,0
DA:11,0
DA:14,0
DA:17,0
DA:21,0
DA:25,0
DA:29,0
DA:30,0
LF:10
LH:0
BRF:0
BRH:0
end_of_record
TN:
SF:src\academic\dto\update-school-class.dto.ts
FNF:0
FNH:0
DA:1,0
DA:3,0
DA:6,0
DA:10,0
DA:14,0
DA:18,0
DA:22,0
DA:27,0
DA:31,0
LF:9
LH:0
BRF:0
BRH:0
end_of_record
TN:
SF:src\academic\schemas\attendance.schema.ts
FNF:0
FNH:0
DA:1,1
DA:2,1
DA:7,1
DA:9,1
DA:16,1
DA:19,1
DA:22,1
DA:24,1
DA:27,1
DA:30,1
DA:33,1
DA:36,1
DA:42,1
DA:45,1
LF:14
LH:14
BRF:0
BRH:0
end_of_record
TN:
SF:src\academic\schemas\class-enrollment.schema.ts
FNF:0
FNH:0
DA:1,2
DA:2,2
DA:7,2
DA:9,2
DA:12,2
DA:15,2
DA:21,2
DA:22,2
LF:8
LH:8
BRF:0
BRH:0
end_of_record
TN:
SF:src\academic\schemas\class-instructor.schema.ts
FNF:0
FNH:0
DA:1,1
DA:2,1
DA:7,1
DA:9,1
DA:12,1
DA:15,1
DA:21,1
DA:22,1
LF:8
LH:8
BRF:0
BRH:0
end_of_record
TN:
SF:src\academic\schemas\class-subject.schema.ts
FNF:0
FNH:0
DA:1,3
DA:2,3
DA:7,3
DA:9,3
DA:12,3
DA:15,3
DA:21,3
DA:22,3
LF:8
LH:8
BRF:0
BRH:0
end_of_record
TN:
SF:src\academic\schemas\school-class.schema.ts
FNF:0
FNH:0
DA:1,2
DA:7,2
DA:9,2
DA:12,2
DA:15,2
DA:18,2
DA:21,2
DA:24,2
DA:27,2
DA:30,2
DA:36,2
LF:11
LH:11
BRF:0
BRH:0
end_of_record
TN:
SF:src\activity\activity.controller.ts
FN:11,(anonymous_4)
FN:16,(anonymous_5)
FNF:2
FNH:0
FNDA:0,(anonymous_4)
FNDA:0,(anonymous_5)
DA:1,0
DA:2,0
DA:3,0
DA:4,0
DA:5,0
DA:6,0
DA:7,0
DA:10,0
DA:11,0
DA:16,0
DA:22,0
DA:23,0
DA:28,0
DA:30,0
LF:14
LH:0
BRDA:22,0,0,0
BRDA:24,1,0,0
BRDA:24,1,1,0
BRF:3
BRH:0
end_of_record
TN:
SF:src\activity\activity.module.ts
FNF:0
FNH:0
DA:1,0
DA:2,0
DA:3,0
DA:4,0
DA:5,0
DA:6,0
DA:7,0
DA:8,0
DA:9,0
DA:23,0
LF:10
LH:0
BRF:0
BRH:0
end_of_record
TN:
SF:src\activity\activity.service.ts
FN:24,(anonymous_4)
FN:29,(anonymous_5)
FN:53,(anonymous_6)
FN:57,(anonymous_7)
FN:87,classifyChannelFromHeaders
FNF:5
FNH:5
FNDA:26,(anonymous_4)
FNDA:7,(anonymous_5)
FNDA:2,(anonymous_6)
FNDA:8,(anonymous_7)
FNDA:15,classifyChannelFromHeaders
DA:1,5
DA:2,5
DA:3,5
DA:4,5
DA:10,5
DA:23,5
DA:25,26
DA:26,26
DA:34,7
DA:45,7
DA:46,7
DA:54,2
DA:65,8
DA:66,8
DA:70,8
DA:71,1
DA:73,8
DA:74,1
DA:77,8
DA:87,5
DA:91,15
DA:92,15
DA:93,4
DA:95,11
DA:96,3
DA:98,8
DA:99,8
DA:100,4
DA:102,4
DA:103,2
DA:105,2
LF:31
LH:31
BRDA:37,0,0,7
BRDA:37,0,1,5
BRDA:43,1,0,7
BRDA:43,1,1,5
BRDA:48,2,0,7
BRDA:48,2,1,5
BRDA:65,3,0,8
BRDA:65,3,1,6
BRDA:70,4,0,1
BRDA:73,5,0,1
BRDA:91,6,0,15
BRDA:91,6,1,7
BRDA:92,7,0,4
BRDA:95,8,0,3
BRDA:98,9,0,8
BRDA:98,9,1,2
BRDA:99,10,0,4
BRDA:102,11,0,2
BRF:18
BRH:18
end_of_record
TN:
SF:src\activity\session.service.ts
FN:12,(anonymous_4)
FN:19,(anonymous_5)
FN:59,(anonymous_6)
FN:69,(anonymous_7)
FN:83,(anonymous_8)
FN:92,(anonymous_9)
FN:103,(anonymous_10)
FN:113,(anonymous_11)
FN:121,(anonymous_12)
FN:126,(anonymous_13)
FN:127,(anonymous_14)
FN:128,(anonymous_15)
FN:140,(anonymous_16)
FN:143,(anonymous_17)
FNF:14
FNH:0
FNDA:0,(anonymous_4)
FNDA:0,(anonymous_5)
FNDA:0,(anonymous_6)
FNDA:0,(anonymous_7)
FNDA:0,(anonymous_8)
FNDA:0,(anonymous_9)
FNDA:0,(anonymous_10)
FNDA:0,(anonymous_11)
FNDA:0,(anonymous_12)
FNDA:0,(anonymous_13)
FNDA:0,(anonymous_14)
FNDA:0,(anonymous_15)
FNDA:0,(anonymous_16)
FNDA:0,(anonymous_17)
DA:1,9
DA:2,9
DA:3,9
DA:4,9
DA:5,9
DA:6,9
DA:8,9
DA:11,9
DA:14,0
DA:16,0
DA:27,0
DA:28,0
DA:29,0
DA:30,0
DA:32,0
DA:37,0
DA:38,0
DA:39,0
DA:40,0
DA:41,0
DA:42,0
DA:43,0
DA:44,0
DA:47,0
DA:60,0
DA:61,0
DA:70,0
DA:71,0
DA:80,0
DA:84,0
DA:85,0
DA:89,0
DA:97,0
DA:100,0
DA:104,0
DA:105,0
DA:109,0
DA:110,0
DA:117,0
DA:118,0
DA:125,0
DA:126,0
DA:127,0
DA:128,0
DA:130,0
DA:131,0
DA:135,0
DA:139,0
DA:140,0
DA:144,0
DA:145,0
DA:146,0
DA:148,0
LF:53
LH:8
BRDA:28,0,0,0
BRDA:28,0,1,0
BRDA:29,1,0,0
BRDA:29,1,1,0
BRDA:30,2,0,0
BRDA:30,2,1,0
BRDA:37,3,0,0
BRDA:59,4,0,0
BRDA:69,5,0,0
BRDA:80,6,0,0
BRDA:80,6,1,0
BRDA:130,7,0,0
BRDA:135,8,0,0
BRDA:135,8,1,0
BRDA:145,9,0,0
BRF:15
BRH:0
end_of_record
TN:
SF:src\activity\tracking.controller.ts
FN:21,(anonymous_4)
FN:30,(anonymous_5)
FN:58,(anonymous_6)
FN:86,(anonymous_7)
FNF:4
FNH:0
FNDA:0,(anonymous_4)
FNDA:0,(anonymous_5)
FNDA:0,(anonymous_6)
FNDA:0,(anonymous_7)
DA:1,0
DA:10,0
DA:11,0
DA:12,0
DA:13,0
DA:14,0
DA:15,0
DA:16,0
DA:20,0
DA:22,0
DA:23,0
DA:30,0
DA:36,0
DA:37,0
DA:38,0
DA:41,0
DA:47,0
DA:58,0
DA:59,0
DA:60,0
DA:61,0
DA:64,0
DA:69,0
DA:79,0
DA:86,0
DA:87,0
DA:88,0
DA:89,0
DA:92,0
DA:96,0
DA:101,0
LF:31
LH:0
BRDA:36,0,0,0
BRDA:36,0,1,0
BRDA:36,0,2,0
BRDA:37,1,0,0
BRDA:42,2,0,0
BRDA:42,2,1,0
BRDA:59,3,0,0
BRDA:59,3,1,0
BRDA:59,3,2,0
BRDA:60,4,0,0
BRDA:76,5,0,0
BRDA:76,5,1,0
BRDA:87,6,0,0
BRDA:87,6,1,0
BRDA:87,6,2,0
BRDA:88,7,0,0
BRF:16
BRH:0
end_of_record
TN:
SF:src\activity\dto\log-activity.dto.ts
FNF:0
FNH:0
DA:1,0
DA:2,0
DA:10,0
DA:12,0
DA:16,0
DA:21,0
DA:26,0
DA:31,0
DA:36,0
DA:42,0
DA:47,0
LF:11
LH:0
BRF:0
BRH:0
end_of_record
TN:
SF:src\activity\schemas\activity.schema.ts
FN:6,(anonymous_2)
FN:27,(anonymous_3)
FNF:2
FNH:2
FNDA:9,(anonymous_2)
FNDA:9,(anonymous_3)
DA:1,9
DA:2,9
DA:6,9
DA:7,9
DA:8,9
DA:9,9
DA:10,9
DA:11,9
DA:12,9
DA:13,9
DA:14,9
DA:15,9
DA:16,9
DA:17,9
DA:18,9
DA:19,9
DA:20,9
DA:21,9
DA:22,9
DA:23,9
DA:27,9
DA:28,9
DA:29,9
DA:30,9
DA:34,9
DA:36,9
DA:39,9
DA:42,9
DA:45,9
DA:48,9
DA:51,9
DA:54,9
DA:57,9
DA:60,9
DA:67,9
DA:70,9
DA:72,9
DA:73,9
DA:74,9
DA:75,9
LF:40
LH:40
BRDA:6,0,0,9
BRDA:6,0,1,9
BRDA:27,1,0,9
BRDA:27,1,1,9
BRF:4
BRH:4
end_of_record
TN:
SF:src\activity\schemas\user-session.schema.ts
FNF:0
FNH:0
DA:1,9
DA:2,9
DA:3,9
DA:8,9
DA:10,9
DA:13,9
DA:16,9
DA:19,9
DA:22,9
DA:29,9
DA:36,9
DA:39,9
DA:42,9
DA:44,9
DA:45,9
LF:15
LH:15
BRF:0
BRH:0
end_of_record
TN:
SF:src\adaptive-learning\adaptive-learning.controller.ts
FN:19,(anonymous_4)
FN:23,(anonymous_5)
FN:28,(anonymous_6)
FN:33,(anonymous_7)
FN:38,(anonymous_8)
FN:43,(anonymous_9)
FN:48,(anonymous_10)
FN:53,(anonymous_11)
FN:58,(anonymous_12)
FN:64,(anonymous_13)
FN:69,(anonymous_14)
FN:74,(anonymous_15)
FN:79,(anonymous_16)
FN:84,(anonymous_17)
FN:89,(anonymous_18)
FN:94,(anonymous_19)
FN:100,(anonymous_20)
FN:105,(anonymous_21)
FN:114,(anonymous_22)
FN:119,(anonymous_23)
FN:124,(anonymous_24)
FN:133,(anonymous_25)
FN:138,(anonymous_26)
FN:143,(anonymous_27)
FN:148,(anonymous_28)
FN:153,(anonymous_29)
FN:158,(anonymous_30)
FN:163,(anonymous_31)
FN:168,(anonymous_32)
FN:174,(anonymous_33)
FN:178,(anonymous_34)
FN:183,(anonymous_35)
FN:188,(anonymous_36)
FN:193,(anonymous_37)
FN:198,(anonymous_38)
FN:203,(anonymous_39)
FN:208,(anonymous_40)
FN:213,(anonymous_41)
FN:218,(anonymous_42)
FN:224,(anonymous_43)
FN:229,(anonymous_44)
FN:235,(anonymous_45)
FN:240,(anonymous_46)
FN:245,(anonymous_47)
FN:250,(anonymous_48)
FN:257,(anonymous_49)
FN:270,(anonymous_50)
FN:284,(anonymous_51)
FNF:48
FNH:5
FNDA:6,(anonymous_4)
FNDA:1,(anonymous_5)
FNDA:0,(anonymous_6)
FNDA:2,(anonymous_7)
FNDA:0,(anonymous_8)
FNDA:0,(anonymous_9)
FNDA:0,(anonymous_10)
FNDA:0,(anonymous_11)
FNDA:0,(anonymous_12)
FNDA:0,(anonymous_13)
FNDA:0,(anonymous_14)
FNDA:0,(anonymous_15)
FNDA:0,(anonymous_16)
FNDA:0,(anonymous_17)
FNDA:0,(anonymous_18)
FNDA:0,(anonymous_19)
FNDA:1,(anonymous_20)
FNDA:0,(anonymous_21)
FNDA:0,(anonymous_22)
FNDA:1,(anonymous_23)
FNDA:0,(anonymous_24)
FNDA:0,(anonymous_25)
FNDA:0,(anonymous_26)
FNDA:0,(anonymous_27)
FNDA:0,(anonymous_28)
FNDA:0,(anonymous_29)
FNDA:0,(anonymous_30)
FNDA:0,(anonymous_31)
FNDA:0,(anonymous_32)
FNDA:0,(anonymous_33)
FNDA:0,(anonymous_34)
FNDA:0,(anonymous_35)
FNDA:0,(anonymous_36)
FNDA:0,(anonymous_37)
FNDA:0,(anonymous_38)
FNDA:0,(anonymous_39)
FNDA:0,(anonymous_40)
FNDA:0,(anonymous_41)
FNDA:0,(anonymous_42)
FNDA:0,(anonymous_43)
FNDA:0,(anonymous_44)
FNDA:0,(anonymous_45)
FNDA:0,(anonymous_46)
FNDA:0,(anonymous_47)
FNDA:0,(anonymous_48)
FNDA:0,(anonymous_49)
FNDA:0,(anonymous_50)
FNDA:0,(anonymous_51)
DA:1,1
DA:11,1
DA:12,1
DA:13,1
DA:14,1
DA:15,1
DA:18,1
DA:19,6
DA:23,1
DA:24,1
DA:28,1
DA:29,0
DA:33,1
DA:34,2
DA:38,1
DA:39,0
DA:43,1
DA:44,0
DA:48,1
DA:49,0
DA:53,1
DA:54,0
DA:58,1
DA:59,0
DA:64,1
DA:65,0
DA:69,1
DA:70,0
DA:74,1
DA:75,0
DA:79,1
DA:80,0
DA:84,1
DA:85,0
DA:89,1
DA:90,0
DA:94,1
DA:95,0
DA:100,1
DA:101,1
DA:105,1
DA:109,0
DA:114,1
DA:115,0
DA:119,1
DA:120,1
DA:124,1
DA:127,0
DA:133,1
DA:134,0
DA:138,1
DA:139,0
DA:143,1
DA:144,0
DA:148,1
DA:149,0
DA:153,1
DA:154,0
DA:158,1
DA:159,0
DA:163,1
DA:164,0
DA:168,1
DA:169,0
DA:174,1
DA:175,0
DA:178,1
DA:179,0
DA:183,1
DA:184,0
DA:188,1
DA:189,0
DA:193,1
DA:194,0
DA:198,1
DA:199,0
DA:203,1
DA:204,0
DA:208,1
DA:209,0
DA:213,1
DA:214,0
DA:218,1
DA:219,0
DA:224,1
DA:225,0
DA:229,1
DA:230,0
DA:235,1
DA:236,0
DA:240,1
DA:241,0
DA:245,1
DA:246,0
DA:250,1
DA:251,0
DA:257,1
DA:261,0
DA:270,1
DA:275,0
DA:284,1
DA:285,0
LF:102
LH:59
BRF:0
BRH:0
end_of_record
TN:
SF:src\adaptive-learning\adaptive-learning.module.ts
FNF:0
FNH:0
DA:1,0
DA:2,0
DA:3,0
DA:4,0
DA:5,0
DA:9,0
DA:13,0
DA:17,0
DA:18,0
DA:22,0
DA:23,0
DA:24,0
DA:28,0
DA:29,0
DA:33,0
DA:34,0
DA:38,0
DA:42,0
DA:46,0
DA:50,0
DA:51,0
DA:133,0
LF:22
LH:0
BRF:0
BRH:0
end_of_record
TN:
SF:src\adaptive-learning\adaptive-learning.service.ts
FN:67,(anonymous_4)
FN:108,(anonymous_5)
FN:126,(anonymous_6)
FN:130,(anonymous_7)
FN:137,(anonymous_8)
FN:149,(anonymous_9)
FN:153,(anonymous_10)
FN:158,(anonymous_11)
FN:191,(anonymous_12)
FN:195,(anonymous_13)
FN:264,(anonymous_14)
FN:269,(anonymous_15)
FN:274,(anonymous_16)
FN:275,(anonymous_17)
FN:276,(anonymous_18)
FN:277,(anonymous_19)
FN:278,(anonymous_20)
FN:279,(anonymous_21)
FN:284,(anonymous_22)
FN:289,(anonymous_23)
FN:296,(anonymous_24)
FN:302,(anonymous_25)
FN:308,(anonymous_26)
FN:309,(anonymous_27)
FN:313,(anonymous_28)
FN:314,(anonymous_29)
FN:315,(anonymous_30)
FN:334,(anonymous_31)
FN:397,(anonymous_32)
FN:420,(anonymous_33)
FN:424,(anonymous_34)
FN:428,(anonymous_35)
FN:436,(anonymous_36)
FN:440,(anonymous_37)
FN:453,(anonymous_38)
FN:476,(anonymous_39)
FN:478,(anonymous_40)
FN:483,(anonymous_41)
FN:491,(anonymous_42)
FN:496,(anonymous_43)
FN:505,(anonymous_44)
FN:518,(anonymous_45)
FN:526,(anonymous_46)
FN:530,(anonymous_47)
FN:543,(anonymous_48)
FN:551,(anonymous_49)
FN:561,(anonymous_50)
FN:579,(anonymous_51)
FN:593,(anonymous_52)
FN:603,(anonymous_53)
FN:608,(anonymous_54)
FN:613,(anonymous_55)
FN:642,(anonymous_56)
FN:666,(anonymous_57)
FN:678,(anonymous_58)
FN:695,(anonymous_59)
FN:708,(anonymous_60)
FN:717,(anonymous_61)
FN:730,(anonymous_62)
FN:734,(anonymous_63)
FN:741,(anonymous_64)
FN:748,(anonymous_65)
FN:755,(anonymous_66)
FN:762,(anonymous_67)
FN:779,(anonymous_68)
FN:804,(anonymous_69)
FN:811,(anonymous_70)
FN:818,(anonymous_71)
FN:823,(anonymous_72)
FN:830,(anonymous_73)
FN:836,(anonymous_74)
FN:849,(anonymous_75)
FN:850,(anonymous_76)
FN:868,(anonymous_77)
FN:901,(anonymous_78)
FN:903,(anonymous_79)
FN:910,(anonymous_80)
FN:912,(anonymous_81)
FN:955,(anonymous_82)
FN:965,(anonymous_83)
FN:1046,(anonymous_84)
FN:1064,(anonymous_85)
FN:1068,(anonymous_86)
FN:1075,(anonymous_87)
FN:1106,(anonymous_88)
FN:1110,(anonymous_89)
FN:1132,(anonymous_90)
FN:1154,(anonymous_91)
FN:1185,(anonymous_92)
FN:1197,(anonymous_93)
FN:1202,(anonymous_94)
FN:1214,(anonymous_95)
FN:1236,(anonymous_96)
FN:1247,(anonymous_97)
FN:1251,(anonymous_98)
FN:1263,(anonymous_99)
FN:1298,(anonymous_100)
FN:1369,(anonymous_101)
FN:1403,(anonymous_102)
FN:1440,(anonymous_103)
FN:1481,(anonymous_104)
FN:1489,(anonymous_105)
FN:1557,(anonymous_106)
FN:1564,(anonymous_107)
FN:1567,(anonymous_108)
FN:1595,(anonymous_109)
FN:1631,(anonymous_110)
FN:1642,(anonymous_111)
FN:1643,(anonymous_112)
FN:1648,(anonymous_113)
FN:1649,(anonymous_114)
FN:1654,(anonymous_115)
FN:1661,(anonymous_116)
FN:1662,(anonymous_117)
FN:1668,(anonymous_118)
FN:1764,(anonymous_119)
FN:1794,(anonymous_120)
FN:1844,(anonymous_121)
FN:1858,(anonymous_122)
FN:1861,(anonymous_123)
FN:1884,(anonymous_124)
FN:1896,(anonymous_125)
FN:1918,(anonymous_126)
FN:1955,(anonymous_127)
FN:2076,(anonymous_128)
FN:2102,(anonymous_129)
FN:2114,(anonymous_130)
FN:2120,(anonymous_131)
FN:2125,(anonymous_132)
FN:2152,(anonymous_133)
FN:2166,(anonymous_134)
FN:2175,(anonymous_135)
FN:2200,(anonymous_136)
FN:2212,(anonymous_137)
FN:2213,(anonymous_138)
FN:2235,(anonymous_139)
FN:2258,(anonymous_140)
FN:2280,(anonymous_141)
FN:2311,(anonymous_142)
FN:2324,(anonymous_143)
FN:2334,(anonymous_144)
FN:2339,(anonymous_145)
FN:2347,(anonymous_146)
FN:2384,(anonymous_147)
FN:2392,(anonymous_148)
FN:2433,(anonymous_149)
FN:2452,(anonymous_150)
FN:2466,(anonymous_151)
FN:2487,(anonymous_152)
FN:2503,(anonymous_153)
FN:2507,(anonymous_154)
FN:2514,(anonymous_155)
FN:2529,(anonymous_156)
FN:2531,(anonymous_157)
FN:2545,(anonymous_158)
FN:2551,(anonymous_159)
FN:2563,(anonymous_160)
FN:2570,(anonymous_161)
FN:2585,(anonymous_162)
FN:2587,(anonymous_163)
FN:2601,(anonymous_164)
FN:2609,(anonymous_165)
FN:2616,(anonymous_166)
FN:2631,(anonymous_167)
FN:2633,(anonymous_168)
FN:2655,(anonymous_169)
FN:2698,(anonymous_170)
FN:2712,(anonymous_171)
FN:2716,(anonymous_172)
FN:2718,(anonymous_173)
FN:2724,(anonymous_174)
FN:2732,(anonymous_175)
FN:2740,(anonymous_176)
FN:2749,(anonymous_177)
FN:2757,(anonymous_178)
FN:2765,(anonymous_179)
FN:2767,(anonymous_180)
FN:2771,(anonymous_181)
FN:2796,(anonymous_182)
FN:2797,(anonymous_183)
FN:2802,(anonymous_184)
FN:2869,(anonymous_185)
FN:2879,(anonymous_186)
FN:2914,(anonymous_187)
FN:2917,(anonymous_188)
FN:2937,(anonymous_189)
FN:3036,(anonymous_190)
FN:3083,(anonymous_191)
FN:3092,(anonymous_192)
FN:3099,(anonymous_193)
FN:3102,(anonymous_194)
FN:3105,(anonymous_195)
FN:3106,(anonymous_196)
FN:3109,(anonymous_197)
FN:3110,(anonymous_198)
FN:3123,(anonymous_199)
FN:3169,(anonymous_200)
FN:3177,(anonymous_201)
FN:3186,(anonymous_202)
FN:3189,(anonymous_203)
FN:3208,(anonymous_204)
FN:3257,(anonymous_205)
FN:3267,(anonymous_206)
FN:3271,(anonymous_207)
FN:3275,(anonymous_208)
FN:3287,(anonymous_209)
FN:3288,(anonymous_210)
FN:3300,(anonymous_211)
FN:3324,(anonymous_212)
FN:3328,(anonymous_213)
FN:3333,(anonymous_214)
FN:3336,(anonymous_215)
FN:3342,(anonymous_216)
FN:3363,(anonymous_217)
FN:3365,(anonymous_218)
FN:3399,(anonymous_219)
FN:3408,(anonymous_220)
FN:3458,(anonymous_221)
FN:3460,(anonymous_222)
FN:3466,(anonymous_223)
FN:3488,(anonymous_224)
FN:3515,(anonymous_225)
FN:3530,(anonymous_226)
FN:3538,(anonymous_227)
FN:3616,(anonymous_228)
FN:3628,(anonymous_229)
FN:3641,(anonymous_230)
FN:3642,(anonymous_231)
FN:3674,(anonymous_232)
FN:3707,(anonymous_233)
FN:3716,(anonymous_234)
FN:3720,(anonymous_235)
FN:3723,(anonymous_236)
FN:3742,(anonymous_237)
FN:3751,(anonymous_238)
FN:3760,(anonymous_239)
FN:3761,(anonymous_240)
FN:3763,(anonymous_241)
FN:3788,(anonymous_242)
FN:3806,(anonymous_243)
FN:3833,(anonymous_244)
FN:3837,(anonymous_245)
FN:3843,(anonymous_246)
FN:3850,(anonymous_247)
FN:4089,(anonymous_248)
FN:4100,(anonymous_249)
FN:4115,(anonymous_250)
FN:4127,(anonymous_251)
FN:4133,(anonymous_252)
FN:4175,(anonymous_253)
FN:4193,(anonymous_254)
FN:4209,(anonymous_255)
FN:4219,(anonymous_256)
FN:4221,(anonymous_257)
FN:4223,(anonymous_258)
FN:4227,(anonymous_259)
FN:4233,(anonymous_260)
FN:4270,(anonymous_261)
FN:4274,(anonymous_262)
FN:4278,(anonymous_263)
FN:4293,(anonymous_264)
FN:4303,(anonymous_265)
FN:4312,(anonymous_266)
FN:4313,(anonymous_267)
FN:4344,(anonymous_268)
FN:4356,(anonymous_269)
FN:4363,(anonymous_270)
FN:4365,(anonymous_271)
FN:4368,(anonymous_272)
FN:4371,(anonymous_273)
FN:4392,(anonymous_274)
FN:4399,(anonymous_275)
FN:4416,(anonymous_276)
FN:4421,(anonymous_277)
FN:4444,(anonymous_278)
FN:4458,(anonymous_279)
FN:4475,(anonymous_280)
FN:4510,(anonymous_281)
FN:4527,(anonymous_282)
FN:4539,(anonymous_283)
FN:4546,(anonymous_284)
FN:4555,(anonymous_285)
FN:4559,(anonymous_286)
FN:4566,(anonymous_287)
FN:4574,(anonymous_288)
FN:4585,(anonymous_289)
FN:4593,(anonymous_290)
FN:4598,(anonymous_291)
FN:4606,(anonymous_292)
FN:4883,(anonymous_293)
FN:4892,(anonymous_294)
FN:4899,(anonymous_295)
FN:4919,(anonymous_296)
FN:4933,(anonymous_297)
FN:4935,(anonymous_298)
FN:4944,(anonymous_299)
FN:4945,(anonymous_300)
FN:4978,(anonymous_301)
FN:4979,(anonymous_302)
FN:5002,(anonymous_303)
FN:5022,(anonymous_304)
FN:5032,(anonymous_305)
FN:5041,(anonymous_306)
FN:5063,(anonymous_307)
FN:5064,(anonymous_308)
FN:5066,(anonymous_309)
FN:5067,(anonymous_310)
FN:5144,(anonymous_311)
FN:5157,(anonymous_312)
FN:5163,(anonymous_313)
FN:5173,(anonymous_314)
FN:5196,(anonymous_315)
FN:5203,(anonymous_316)
FN:5215,(anonymous_317)
FN:5226,(anonymous_318)
FN:5234,(anonymous_319)
FN:5256,(anonymous_320)
FN:5260,(anonymous_321)
FN:5282,(anonymous_322)
FN:5299,(anonymous_323)
FN:5305,(anonymous_324)
FN:5315,(anonymous_325)
FN:5346,(anonymous_326)
FN:5356,(anonymous_327)
FN:5399,(anonymous_328)
FN:5408,(anonymous_329)
FNF:326
FNH:6
FNDA:11,(anonymous_4)
FNDA:1,(anonymous_5)
FNDA:0,(anonymous_6)
FNDA:2,(anonymous_7)
FNDA:0,(anonymous_8)
FNDA:0,(anonymous_9)
FNDA:0,(anonymous_10)
FNDA:0,(anonymous_11)
FNDA:0,(anonymous_12)
FNDA:0,(anonymous_13)
FNDA:0,(anonymous_14)
FNDA:0,(anonymous_15)
FNDA:0,(anonymous_16)
FNDA:0,(anonymous_17)
FNDA:0,(anonymous_18)
FNDA:0,(anonymous_19)
FNDA:0,(anonymous_20)
FNDA:0,(anonymous_21)
FNDA:0,(anonymous_22)
FNDA:0,(anonymous_23)
FNDA:0,(anonymous_24)
FNDA:0,(anonymous_25)
FNDA:0,(anonymous_26)
FNDA:0,(anonymous_27)
FNDA:0,(anonymous_28)
FNDA:0,(anonymous_29)
FNDA:0,(anonymous_30)
FNDA:0,(anonymous_31)
FNDA:0,(anonymous_32)
FNDA:0,(anonymous_33)
FNDA:0,(anonymous_34)
FNDA:0,(anonymous_35)
FNDA:0,(anonymous_36)
FNDA:0,(anonymous_37)
FNDA:0,(anonymous_38)
FNDA:0,(anonymous_39)
FNDA:0,(anonymous_40)
FNDA:0,(anonymous_41)
FNDA:0,(anonymous_42)
FNDA:0,(anonymous_43)
FNDA:0,(anonymous_44)
FNDA:0,(anonymous_45)
FNDA:0,(anonymous_46)
FNDA:0,(anonymous_47)
FNDA:0,(anonymous_48)
FNDA:0,(anonymous_49)
FNDA:0,(anonymous_50)
FNDA:0,(anonymous_51)
FNDA:0,(anonymous_52)
FNDA:0,(anonymous_53)
FNDA:0,(anonymous_54)
FNDA:0,(anonymous_55)
FNDA:0,(anonymous_56)
FNDA:0,(anonymous_57)
FNDA:0,(anonymous_58)
FNDA:0,(anonymous_59)
FNDA:0,(anonymous_60)
FNDA:0,(anonymous_61)
FNDA:0,(anonymous_62)
FNDA:0,(anonymous_63)
FNDA:0,(anonymous_64)
FNDA:0,(anonymous_65)
FNDA:0,(anonymous_66)
FNDA:0,(anonymous_67)
FNDA:0,(anonymous_68)
FNDA:0,(anonymous_69)
FNDA:0,(anonymous_70)
FNDA:0,(anonymous_71)
FNDA:0,(anonymous_72)
FNDA:0,(anonymous_73)
FNDA:0,(anonymous_74)
FNDA:0,(anonymous_75)
FNDA:0,(anonymous_76)
FNDA:0,(anonymous_77)
FNDA:0,(anonymous_78)
FNDA:0,(anonymous_79)
FNDA:0,(anonymous_80)
FNDA:0,(anonymous_81)
FNDA:0,(anonymous_82)
FNDA:0,(anonymous_83)
FNDA:0,(anonymous_84)
FNDA:0,(anonymous_85)
FNDA:0,(anonymous_86)
FNDA:0,(anonymous_87)
FNDA:0,(anonymous_88)
FNDA:0,(anonymous_89)
FNDA:0,(anonymous_90)
FNDA:0,(anonymous_91)
FNDA:0,(anonymous_92)
FNDA:0,(anonymous_93)
FNDA:0,(anonymous_94)
FNDA:0,(anonymous_95)
FNDA:0,(anonymous_96)
FNDA:0,(anonymous_97)
FNDA:2,(anonymous_98)
FNDA:4,(anonymous_99)
FNDA:9,(anonymous_100)
FNDA:0,(anonymous_101)
FNDA:0,(anonymous_102)
FNDA:0,(anonymous_103)
FNDA:0,(anonymous_104)
FNDA:0,(anonymous_105)
FNDA:0,(anonymous_106)
FNDA:0,(anonymous_107)
FNDA:0,(anonymous_108)
FNDA:0,(anonymous_109)
FNDA:0,(anonymous_110)
FNDA:0,(anonymous_111)
FNDA:0,(anonymous_112)
FNDA:0,(anonymous_113)
FNDA:0,(anonymous_114)
FNDA:0,(anonymous_115)
FNDA:0,(anonymous_116)
FNDA:0,(anonymous_117)
FNDA:0,(anonymous_118)
FNDA:0,(anonymous_119)
FNDA:0,(anonymous_120)
FNDA:0,(anonymous_121)
FNDA:0,(anonymous_122)
FNDA:0,(anonymous_123)
FNDA:0,(anonymous_124)
FNDA:0,(anonymous_125)
FNDA:0,(anonymous_126)
FNDA:0,(anonymous_127)
FNDA:0,(anonymous_128)
FNDA:0,(anonymous_129)
FNDA:0,(anonymous_130)
FNDA:0,(anonymous_131)
FNDA:0,(anonymous_132)
FNDA:0,(anonymous_133)
FNDA:0,(anonymous_134)
FNDA:0,(anonymous_135)
FNDA:0,(anonymous_136)
FNDA:0,(anonymous_137)
FNDA:0,(anonymous_138)
FNDA:0,(anonymous_139)
FNDA:0,(anonymous_140)
FNDA:0,(anonymous_141)
FNDA:0,(anonymous_142)
FNDA:0,(anonymous_143)
FNDA:0,(anonymous_144)
FNDA:0,(anonymous_145)
FNDA:0,(anonymous_146)
FNDA:0,(anonymous_147)
FNDA:0,(anonymous_148)
FNDA:0,(anonymous_149)
FNDA:0,(anonymous_150)
FNDA:0,(anonymous_151)
FNDA:0,(anonymous_152)
FNDA:0,(anonymous_153)
FNDA:0,(anonymous_154)
FNDA:0,(anonymous_155)
FNDA:0,(anonymous_156)
FNDA:0,(anonymous_157)
FNDA:0,(anonymous_158)
FNDA:0,(anonymous_159)
FNDA:0,(anonymous_160)
FNDA:0,(anonymous_161)
FNDA:0,(anonymous_162)
FNDA:0,(anonymous_163)
FNDA:0,(anonymous_164)
FNDA:0,(anonymous_165)
FNDA:0,(anonymous_166)
FNDA:0,(anonymous_167)
FNDA:0,(anonymous_168)
FNDA:0,(anonymous_169)
FNDA:0,(anonymous_170)
FNDA:0,(anonymous_171)
FNDA:0,(anonymous_172)
FNDA:0,(anonymous_173)
FNDA:0,(anonymous_174)
FNDA:0,(anonymous_175)
FNDA:0,(anonymous_176)
FNDA:0,(anonymous_177)
FNDA:0,(anonymous_178)
FNDA:0,(anonymous_179)
FNDA:0,(anonymous_180)
FNDA:0,(anonymous_181)
FNDA:0,(anonymous_182)
FNDA:0,(anonymous_183)
FNDA:0,(anonymous_184)
FNDA:0,(anonymous_185)
FNDA:0,(anonymous_186)
FNDA:0,(anonymous_187)
FNDA:0,(anonymous_188)
FNDA:0,(anonymous_189)
FNDA:0,(anonymous_190)
FNDA:0,(anonymous_191)
FNDA:0,(anonymous_192)
FNDA:0,(anonymous_193)
FNDA:0,(anonymous_194)
FNDA:0,(anonymous_195)
FNDA:0,(anonymous_196)
FNDA:0,(anonymous_197)
FNDA:0,(anonymous_198)
FNDA:0,(anonymous_199)
FNDA:0,(anonymous_200)
FNDA:0,(anonymous_201)
FNDA:0,(anonymous_202)
FNDA:0,(anonymous_203)
FNDA:0,(anonymous_204)
FNDA:0,(anonymous_205)
FNDA:0,(anonymous_206)
FNDA:0,(anonymous_207)
FNDA:0,(anonymous_208)
FNDA:0,(anonymous_209)
FNDA:0,(anonymous_210)
FNDA:0,(anonymous_211)
FNDA:0,(anonymous_212)
FNDA:0,(anonymous_213)
FNDA:0,(anonymous_214)
FNDA:0,(anonymous_215)
FNDA:0,(anonymous_216)
FNDA:0,(anonymous_217)
FNDA:0,(anonymous_218)
FNDA:0,(anonymous_219)
FNDA:0,(anonymous_220)
FNDA:0,(anonymous_221)
FNDA:0,(anonymous_222)
FNDA:0,(anonymous_223)
FNDA:0,(anonymous_224)
FNDA:0,(anonymous_225)
FNDA:0,(anonymous_226)
FNDA:0,(anonymous_227)
FNDA:0,(anonymous_228)
FNDA:0,(anonymous_229)
FNDA:0,(anonymous_230)
FNDA:0,(anonymous_231)
FNDA:0,(anonymous_232)
FNDA:0,(anonymous_233)
FNDA:0,(anonymous_234)
FNDA:0,(anonymous_235)
FNDA:0,(anonymous_236)
FNDA:0,(anonymous_237)
FNDA:0,(anonymous_238)
FNDA:0,(anonymous_239)
FNDA:0,(anonymous_240)
FNDA:0,(anonymous_241)
FNDA:0,(anonymous_242)
FNDA:0,(anonymous_243)
FNDA:0,(anonymous_244)
FNDA:0,(anonymous_245)
FNDA:0,(anonymous_246)
FNDA:0,(anonymous_247)
FNDA:0,(anonymous_248)
FNDA:0,(anonymous_249)
FNDA:0,(anonymous_250)
FNDA:0,(anonymous_251)
FNDA:0,(anonymous_252)
FNDA:0,(anonymous_253)
FNDA:0,(anonymous_254)
FNDA:0,(anonymous_255)
FNDA:0,(anonymous_256)
FNDA:0,(anonymous_257)
FNDA:0,(anonymous_258)
FNDA:0,(anonymous_259)
FNDA:0,(anonymous_260)
FNDA:0,(anonymous_261)
FNDA:0,(anonymous_262)
FNDA:0,(anonymous_263)
FNDA:0,(anonymous_264)
FNDA:0,(anonymous_265)
FNDA:0,(anonymous_266)
FNDA:0,(anonymous_267)
FNDA:0,(anonymous_268)
FNDA:0,(anonymous_269)
FNDA:0,(anonymous_270)
FNDA:0,(anonymous_271)
FNDA:0,(anonymous_272)
FNDA:0,(anonymous_273)
FNDA:0,(anonymous_274)
FNDA:0,(anonymous_275)
FNDA:0,(anonymous_276)
FNDA:0,(anonymous_277)
FNDA:0,(anonymous_278)
FNDA:0,(anonymous_279)
FNDA:0,(anonymous_280)
FNDA:0,(anonymous_281)
FNDA:0,(anonymous_282)
FNDA:0,(anonymous_283)
FNDA:0,(anonymous_284)
FNDA:0,(anonymous_285)
FNDA:0,(anonymous_286)
FNDA:0,(anonymous_287)
FNDA:0,(anonymous_288)
FNDA:0,(anonymous_289)
FNDA:0,(anonymous_290)
FNDA:0,(anonymous_291)
FNDA:0,(anonymous_292)
FNDA:0,(anonymous_293)
FNDA:0,(anonymous_294)
FNDA:0,(anonymous_295)
FNDA:0,(anonymous_296)
FNDA:0,(anonymous_297)
FNDA:0,(anonymous_298)
FNDA:0,(anonymous_299)
FNDA:0,(anonymous_300)
FNDA:0,(anonymous_301)
FNDA:0,(anonymous_302)
FNDA:0,(anonymous_303)
FNDA:0,(anonymous_304)
FNDA:0,(anonymous_305)
FNDA:0,(anonymous_306)
FNDA:0,(anonymous_307)
FNDA:0,(anonymous_308)
FNDA:0,(anonymous_309)
FNDA:0,(anonymous_310)
FNDA:0,(anonymous_311)
FNDA:0,(anonymous_312)
FNDA:0,(anonymous_313)
FNDA:0,(anonymous_314)
FNDA:0,(anonymous_315)
FNDA:0,(anonymous_316)
FNDA:0,(anonymous_317)
FNDA:0,(anonymous_318)
FNDA:0,(anonymous_319)
FNDA:0,(anonymous_320)
FNDA:0,(anonymous_321)
FNDA:0,(anonymous_322)
FNDA:0,(anonymous_323)
FNDA:0,(anonymous_324)
FNDA:0,(anonymous_325)
FNDA:0,(anonymous_326)
FNDA:0,(anonymous_327)
FNDA:0,(anonymous_328)
FNDA:0,(anonymous_329)
DA:1,2
DA:2,2
DA:3,2
DA:4,2
DA:5,2
DA:9,2
DA:13,2
DA:17,2
DA:18,2
DA:22,2
DA:27,2
DA:28,2
DA:32,2
DA:33,2
DA:37,2
DA:38,2
DA:42,2
DA:46,2
DA:50,2
DA:55,2
DA:59,2
DA:62,2
DA:63,11
DA:64,11
DA:69,11
DA:71,11
DA:73,11
DA:75,11
DA:77,11
DA:79,11
DA:81,11
DA:83,11
DA:85,11
DA:87,11
DA:89,11
DA:91,11
DA:93,11
DA:95,11
DA:97,11
DA:99,11
DA:101,11
DA:109,1
DA:123,1
DA:127,0
DA:131,2
DA:132,2
DA:133,1
DA:134,1
DA:141,0
DA:144,0
DA:145,0
DA:146,0
DA:150,0
DA:154,0
DA:155,0
DA:162,0
DA:171,0
DA:188,0
DA:192,0
DA:260,0
DA:264,0
DA:269,0
DA:274,0
DA:275,0
DA:276,0
DA:277,0
DA:278,0
DA:279,0
DA:284,0
DA:289,0
DA:296,0
DA:302,0
DA:308,0
DA:309,0
DA:312,0
DA:313,0
DA:314,0
DA:315,0
DA:319,0
DA:334,0
DA:337,0
DA:340,0
DA:344,0
DA:349,0
DA:354,0
DA:416,0
DA:420,0
DA:424,0
DA:428,0
DA:431,0
DA:436,0
DA:440,0
DA:442,0
DA:451,0
DA:452,0
DA:453,0
DA:456,0
DA:462,0
DA:464,0
DA:476,0
DA:478,0
DA:489,0
DA:490,0
DA:491,0
DA:493,0
DA:496,0
DA:504,0
DA:505,0
DA:506,0
DA:507,0
DA:508,0
DA:509,0
DA:510,0
DA:513,0
DA:518,0
DA:526,0
DA:538,0
DA:539,0
DA:540,0
DA:543,0
DA:550,0
DA:551,0
DA:554,0
DA:569,0
DA:572,0
DA:573,0
DA:591,0
DA:593,0
DA:594,0
DA:595,0
DA:596,0
DA:597,0
DA:598,0
DA:601,0
DA:603,0
DA:607,0
DA:608,0
DA:610,0
DA:612,0
DA:614,0
DA:616,0
DA:619,0
DA:625,0
DA:643,0
DA:644,0
DA:647,0
DA:648,0
DA:663,0
DA:677,0
DA:678,0
DA:679,0
DA:680,0
DA:681,0
DA:682,0
DA:683,0
DA:693,0
DA:695,0
DA:696,0
DA:697,0
DA:698,0
DA:699,0
DA:704,0
DA:705,0
DA:708,0
DA:709,0
DA:714,0
DA:729,0
DA:730,0
DA:732,0
DA:734,0
DA:739,0
DA:741,0
DA:746,0
DA:748,0
DA:753,0
DA:754,0
DA:755,0
DA:756,0
DA:757,0
DA:758,0
DA:759,0
DA:760,0
DA:762,0
DA:763,0
DA:769,0
DA:792,0
DA:793,0
DA:801,0
DA:804,0
DA:811,0
DA:818,0
DA:823,0
DA:831,0
DA:832,0
DA:835,0
DA:836,0
DA:837,0
DA:838,0
DA:839,0
DA:840,0
DA:841,0
DA:844,0
DA:845,0
DA:848,0
DA:849,0
DA:850,0
DA:852,0
DA:853,0
DA:854,0
DA:858,0
DA:859,0
DA:861,0
DA:865,0
DA:874,0
DA:875,0
DA:876,0
DA:879,0
DA:881,0
DA:887,0
DA:899,0
DA:901,0
DA:904,0
DA:908,0
DA:910,0
DA:913,0
DA:918,0
DA:924,0
DA:952,0
DA:953,0
DA:954,0
DA:955,0
DA:964,0
DA:965,0
DA:977,0
DA:980,0
DA:984,0
DA:998,0
DA:1001,0
DA:1007,0
DA:1008,0
DA:1019,0
DA:1022,0
DA:1029,0
DA:1030,0
DA:1032,0
DA:1039,0
DA:1050,0
DA:1051,0
DA:1054,0
DA:1055,0
DA:1056,0
DA:1057,0
DA:1058,0
DA:1060,0
DA:1065,0
DA:1069,0
DA:1070,0
DA:1071,0
DA:1072,0
DA:1079,0
DA:1106,0
DA:1107,0
DA:1110,0
DA:1111,0
DA:1112,0
DA:1132,0
DA:1133,0
DA:1134,0
DA:1154,0
DA:1155,0
DA:1156,0
DA:1157,0
DA:1177,0
DA:1184,0
DA:1185,0
DA:1186,0
DA:1187,0
DA:1188,0
DA:1191,0
DA:1192,0
DA:1196,0
DA:1198,0
DA:1205,0
DA:1206,0
DA:1208,0
DA:1209,0
DA:1211,0
DA:1215,0
DA:1240,0
DA:1243,0
DA:1244,0
DA:1248,0
DA:1252,2
DA:1256,2
DA:1272,4
DA:1276,4
DA:1279,4
DA:1286,4
DA:1287,1
DA:1298,9
DA:1299,3
DA:1302,3
DA:1303,3
DA:1304,3
DA:1306,3
DA:1308,2
DA:1309,1
DA:1310,1
DA:1311,1
DA:1312,1
DA:1313,0
DA:1314,0
DA:1315,0
DA:1317,1
DA:1318,1
DA:1320,1
DA:1322,1
DA:1323,0
DA:1324,0
DA:1325,0
DA:1326,1
DA:1327,1
DA:1328,1
DA:1329,1
DA:1331,0
DA:1332,0
DA:1336,0
DA:1337,0
DA:1341,3
DA:1343,2
DA:1345,2
DA:1358,3
DA:1380,0
DA:1386,0
DA:1390,0
DA:1392,0
DA:1393,0
DA:1402,0
DA:1403,0
DA:1407,0
DA:1408,0
DA:1410,0
DA:1411,0
DA:1417,0
DA:1418,0
DA:1419,0
DA:1425,0
DA:1427,0
DA:1430,0
DA:1459,0
DA:1461,0
DA:1466,0
DA:1467,0
DA:1475,0
DA:1476,0
DA:1479,0
DA:1481,0
DA:1482,0
DA:1484,0
DA:1485,0
DA:1489,0
DA:1490,0
DA:1491,0
DA:1495,0
DA:1496,0
DA:1497,0
DA:1498,0
DA:1499,0
DA:1500,0
DA:1501,0
DA:1502,0
DA:1504,0
DA:1508,0
DA:1509,0
DA:1510,0
DA:1513,0
DA:1514,0
DA:1518,0
DA:1519,0
DA:1520,0
DA:1521,0
DA:1522,0
DA:1523,0
DA:1525,0
DA:1529,0
DA:1530,0
DA:1531,0
DA:1532,0
DA:1533,0
DA:1536,0
DA:1549,0
DA:1556,0
DA:1558,0
DA:1563,0
DA:1564,0
DA:1566,0
DA:1567,0
DA:1571,0
DA:1572,0
DA:1573,0
DA:1574,0
DA:1581,0
DA:1588,0
DA:1589,0
DA:1603,0
DA:1607,0
DA:1608,0
DA:1611,0
DA:1612,0
DA:1613,0
DA:1616,0
DA:1629,0
DA:1631,0
DA:1632,0
DA:1633,0
DA:1634,0
DA:1636,0
DA:1637,0
DA:1641,0
DA:1642,0
DA:1643,0
DA:1647,0
DA:1648,0
DA:1649,0
DA:1652,0
DA:1654,0
DA:1660,0
DA:1661,0
DA:1662,0
DA:1666,0
DA:1668,0
DA:1671,0
DA:1679,0
DA:1682,0
DA:1683,0
DA:1692,0
DA:1696,0
DA:1697,0
DA:1706,0
DA:1711,0
DA:1717,0
DA:1718,0
DA:1727,0
DA:1731,0
DA:1732,0
DA:1733,0
DA:1734,0
DA:1743,0
DA:1747,0
DA:1768,0
DA:1769,0
DA:1779,0
DA:1780,0
DA:1782,0
DA:1783,0
DA:1785,0
DA:1787,0
DA:1790,0
DA:1811,0
DA:1815,0
DA:1816,0
DA:1819,0
DA:1820,0
DA:1821,0
DA:1823,0
DA:1829,0
DA:1842,0
DA:1844,0
DA:1845,0
DA:1846,0
DA:1847,0
DA:1854,0
DA:1855,0
DA:1858,0
DA:1859,0
DA:1860,0
DA:1861,0
DA:1863,0
DA:1864,0
DA:1867,0
DA:1876,0
DA:1878,0
DA:1880,0
DA:1882,0
DA:1884,0
DA:1885,0
DA:1892,0
DA:1893,0
DA:1896,0
DA:1897,0
DA:1904,0
DA:1905,0
DA:1909,0
DA:1918,0
DA:1919,0
DA:1920,0
DA:1922,0
DA:1923,0
DA:1924,0
DA:1926,0
DA:1927,0
DA:1929,0
DA:1930,0
DA:1931,0
DA:1933,0
DA:1935,0
DA:1936,0
DA:1937,0
DA:1939,0
DA:1940,0
DA:1942,0
DA:1944,0
DA:1955,0
DA:1957,0
DA:1964,0
DA:1971,0
DA:1973,0
DA:1979,0
DA:1980,0
DA:1983,0
DA:1990,0
DA:1991,0
DA:1992,0
DA:1994,0
DA:2005,0
DA:2008,0
DA:2015,0
DA:2019,0
DA:2023,0
DA:2040,0
DA:2041,0
DA:2044,0
DA:2045,0
DA:2055,0
DA:2056,0
DA:2059,0
DA:2087,0
DA:2091,0
DA:2092,0
DA:2095,0
DA:2100,0
DA:2102,0
DA:2103,0
DA:2104,0
DA:2105,0
DA:2106,0
DA:2108,0
DA:2111,0
DA:2112,0
DA:2114,0
DA:2119,0
DA:2120,0
DA:2124,0
DA:2126,0
DA:2136,0
DA:2138,0
DA:2139,0
DA:2140,0
DA:2142,0
DA:2144,0
DA:2146,0
DA:2147,0
DA:2150,0
DA:2152,0
DA:2156,0
DA:2157,0
DA:2158,0
DA:2159,0
DA:2162,0
DA:2164,0
DA:2166,0
DA:2169,0
DA:2170,0
DA:2174,0
DA:2176,0
DA:2182,0
DA:2183,0
DA:2184,0
DA:2185,0
DA:2188,0
DA:2190,0
DA:2191,0
DA:2199,0
DA:2200,0
DA:2203,0
DA:2212,0
DA:2213,0
DA:2214,0
DA:2215,0
DA:2216,0
DA:2217,0
DA:2219,0
DA:2220,0
DA:2227,0
DA:2228,0
DA:2229,0
DA:2230,0
DA:2234,0
DA:2237,0
DA:2242,0
DA:2248,0
DA:2259,0
DA:2260,0
DA:2262,0
DA:2266,0
DA:2296,0
DA:2300,0
DA:2301,0
DA:2304,0
DA:2310,0
DA:2311,0
DA:2312,0
DA:2313,0
DA:2314,0
DA:2315,0
DA:2317,0
DA:2321,0
DA:2322,0
DA:2325,0
DA:2333,0
DA:2334,0
DA:2338,0
DA:2340,0
DA:2346,0
DA:2348,0
DA:2368,0
DA:2370,0
DA:2371,0
DA:2372,0
DA:2374,0
DA:2375,0
DA:2378,0
DA:2379,0
DA:2383,0
DA:2385,0
DA:2391,0
DA:2393,0
DA:2400,0
DA:2401,0
DA:2402,0
DA:2403,0
DA:2404,0
DA:2410,0
DA:2411,0
DA:2412,0
DA:2413,0
DA:2414,0
DA:2419,0
DA:2420,0
DA:2424,0
DA:2425,0
DA:2431,0
DA:2433,0
DA:2438,0
DA:2439,0
DA:2441,0
DA:2442,0
DA:2446,0
DA:2447,0
DA:2451,0
DA:2452,0
DA:2453,0
DA:2456,0
DA:2457,0
DA:2459,0
DA:2460,0
DA:2463,0
DA:2464,0
DA:2466,0
DA:2467,0
DA:2468,0
DA:2469,0
DA:2472,0
DA:2487,0
DA:2490,0
DA:2498,0
DA:2502,0
DA:2503,0
DA:2506,0
DA:2507,0
DA:2513,0
DA:2514,0
DA:2517,0
DA:2530,0
DA:2531,0
DA:2533,0
DA:2544,0
DA:2546,0
DA:2550,0
DA:2551,0
DA:2552,0
DA:2557,0
DA:2563,0
DA:2569,0
DA:2570,0
DA:2573,0
DA:2586,0
DA:2587,0
DA:2589,0
DA:2600,0
DA:2602,0
DA:2608,0
DA:2609,0
DA:2615,0
DA:2616,0
DA:2619,0
DA:2632,0
DA:2633,0
DA:2635,0
DA:2644,0
DA:2670,0
DA:2675,0
DA:2676,0
DA:2698,0
DA:2712,0
DA:2714,0
DA:2716,0
DA:2718,0
DA:2723,0
DA:2724,0
DA:2728,0
DA:2731,0
DA:2732,0
DA:2733,0
DA:2734,0
DA:2736,0
DA:2740,0
DA:2747,0
DA:2749,0
DA:2750,0
DA:2751,0
DA:2753,0
DA:2754,0
DA:2757,0
DA:2758,0
DA:2764,0
DA:2765,0
DA:2767,0
DA:2770,0
DA:2771,0
DA:2774,0
DA:2775,0
DA:2776,0
DA:2781,0
DA:2792,0
DA:2795,0
DA:2796,0
DA:2797,0
DA:2800,0
DA:2802,0
DA:2805,0
DA:2810,0
DA:2826,0
DA:2827,0
DA:2828,0
DA:2836,0
DA:2837,0
DA:2838,0
DA:2840,0
DA:2841,0
DA:2842,0
DA:2844,0
DA:2848,0
DA:2850,0
DA:2855,0
DA:2868,0
DA:2870,0
DA:2874,0
DA:2879,0
DA:2882,0
DA:2897,0
DA:2898,0
DA:2912,0
DA:2913,0
DA:2914,0
DA:2916,0
DA:2917,0
DA:2920,0
DA:2925,0
DA:2937,0
DA:2939,0
DA:2945,0
DA:2948,0
DA:2965,0
DA:3011,0
DA:3014,0
DA:3016,0
DA:3048,0
DA:3052,0
DA:3053,0
DA:3056,0
DA:3058,0
DA:3064,0
DA:3065,0
DA:3067,0
DA:3073,0
DA:3081,0
DA:3083,0
DA:3084,0
DA:3085,0
DA:3086,0
DA:3088,0
DA:3089,0
DA:3092,0
DA:3093,0
DA:3094,0
DA:3097,0
DA:3099,0
DA:3100,0
DA:3102,0
DA:3104,0
DA:3105,0
DA:3106,0
DA:3108,0
DA:3109,0
DA:3110,0
DA:3112,0
DA:3123,0
DA:3124,0
DA:3125,0
DA:3126,0
DA:3129,0
DA:3134,0
DA:3138,0
DA:3145,0
DA:3151,0
DA:3152,0
DA:3153,0
DA:3154,0
DA:3155,0
DA:3157,0
DA:3160,0
DA:3169,0
DA:3170,0
DA:3171,0
DA:3172,0
DA:3174,0
DA:3177,0
DA:3185,0
DA:3186,0
DA:3188,0
DA:3189,0
DA:3193,0
DA:3195,0
DA:3200,0
DA:3220,0
DA:3224,0
DA:3225,0
DA:3228,0
DA:3232,0
DA:3237,0
DA:3244,0
DA:3245,0
DA:3255,0
DA:3257,0
DA:3258,0
DA:3259,0
DA:3260,0
DA:3262,0
DA:3263,0
DA:3266,0
DA:3267,0
DA:3271,0
DA:3273,0
DA:3275,0
DA:3280,0
DA:3285,0
DA:3287,0
DA:3288,0
DA:3291,0
DA:3300,0
DA:3305,0
DA:3306,0
DA:3307,0
DA:3309,0
DA:3312,0
DA:3313,0
DA:3315,0
DA:3316,0
DA:3324,0
DA:3325,0
DA:3328,0
DA:3329,0
DA:3332,0
DA:3333,0
DA:3335,0
DA:3336,0
DA:3342,0
DA:3343,0
DA:3344,0
DA:3345,0
DA:3349,0
DA:3350,0
DA:3351,0
DA:3352,0
DA:3355,0
DA:3362,0
DA:3363,0
DA:3367,0
DA:3373,0
DA:3376,0
DA:3382,0
DA:3392,0
DA:3400,0
DA:3455,0
DA:3457,0
DA:3458,0
DA:3459,0
DA:3460,0
DA:3464,0
DA:3466,0
DA:3473,0
DA:3486,0
DA:3488,0
DA:3489,0
DA:3490,0
DA:3491,0
DA:3500,0
DA:3501,0
DA:3502,0
DA:3503,0
DA:3505,0
DA:3510,0
DA:3514,0
DA:3515,0
DA:3530,0
DA:3532,0
DA:3538,0
DA:3539,0
DA:3540,0
DA:3545,0
DA:3548,0
DA:3549,0
DA:3550,0
DA:3553,0
DA:3616,0
DA:3627,0
DA:3628,0
DA:3629,0
DA:3630,0
DA:3631,0
DA:3635,0
DA:3638,0
DA:3639,0
DA:3640,0
DA:3641,0
DA:3642,0
DA:3644,0
DA:3645,0
DA:3646,0
DA:3647,0
DA:3648,0
DA:3651,0
DA:3652,0
DA:3654,0
DA:3659,0
DA:3689,0
DA:3694,0
DA:3695,0
DA:3706,0
DA:3707,0
DA:3708,0
DA:3709,0
DA:3710,0
DA:3712,0
DA:3715,0
DA:3716,0
DA:3720,0
DA:3723,0
DA:3725,0
DA:3726,0
DA:3727,0
DA:3729,0
DA:3731,0
DA:3734,0
DA:3742,0
DA:3743,0
DA:3744,0
DA:3745,0
DA:3746,0
DA:3748,0
DA:3750,0
DA:3751,0
DA:3752,0
DA:3753,0
DA:3754,0
DA:3756,0
DA:3759,0
DA:3760,0
DA:3762,0
DA:3764,0
DA:3768,0
DA:3769,0
DA:3770,0
DA:3771,0
DA:3772,0
DA:3774,0
DA:3776,0
DA:3777,0
DA:3779,0
DA:3788,0
DA:3790,0
DA:3796,0
DA:3822,0
DA:3832,0
DA:3833,0
DA:3835,0
DA:3837,0
DA:3841,0
DA:3842,0
DA:3843,0
DA:3846,0
DA:3847,0
DA:3849,0
DA:3850,0
DA:3851,0
DA:3854,0
DA:3855,0
DA:3857,0
DA:3864,0
DA:3869,0
DA:3887,0
DA:4089,0
DA:4090,0
DA:4091,0
DA:4092,0
DA:4094,0
DA:4100,0
DA:4101,0
DA:4103,0
DA:4107,0
DA:4116,0
DA:4118,0
DA:4119,0
DA:4120,0
DA:4122,0
DA:4123,0
DA:4124,0
DA:4128,0
DA:4129,0
DA:4130,0
DA:4150,0
DA:4155,0
DA:4161,0
DA:4163,0
DA:4167,0
DA:4180,0
DA:4181,0
DA:4182,0
DA:4187,0
DA:4197,0
DA:4198,0
DA:4199,0
DA:4202,0
DA:4206,0
DA:4210,0
DA:4213,0
DA:4214,0
DA:4215,0
DA:4216,0
DA:4220,0
DA:4221,0
DA:4223,0
DA:4224,0
DA:4232,0
DA:4233,0
DA:4235,0
DA:4236,0
DA:4243,0
DA:4244,0
DA:4250,0
DA:4251,0
DA:4257,0
DA:4258,0
DA:4264,0
DA:4274,0
DA:4275,0
DA:4282,0
DA:4283,0
DA:4284,0
DA:4285,0
DA:4286,0
DA:4287,0
DA:4290,0
DA:4297,0
DA:4298,0
DA:4301,0
DA:4304,0
DA:4305,0
DA:4312,0
DA:4313,0
DA:4315,0
DA:4317,0
DA:4318,0
DA:4321,0
DA:4322,0
DA:4323,0
DA:4324,0
DA:4326,0
DA:4327,0
DA:4329,0
DA:4332,0
DA:4333,0
DA:4336,0
DA:4337,0
DA:4341,0
DA:4355,0
DA:4356,0
DA:4357,0
DA:4358,0
DA:4359,0
DA:4362,0
DA:4363,0
DA:4364,0
DA:4366,0
DA:4368,0
DA:4370,0
DA:4371,0
DA:4375,0
DA:4389,0
DA:4396,0
DA:4399,0
DA:4400,0
DA:4401,0
DA:4402,0
DA:4403,0
DA:4404,0
DA:4405,0
DA:4410,0
DA:4421,0
DA:4422,0
DA:4423,0
DA:4426,0
DA:4429,0
DA:4430,0
DA:4431,0
DA:4432,0
DA:4434,0
DA:4435,0
DA:4437,0
DA:4438,0
DA:4441,0
DA:4442,0
DA:4444,0
DA:4445,0
DA:4451,0
DA:4467,0
DA:4473,0
DA:4475,0
DA:4476,0
DA:4477,0
DA:4478,0
DA:4485,0
DA:4486,0
DA:4487,0
DA:4488,0
DA:4499,0
DA:4500,0
DA:4501,0
DA:4502,0
DA:4506,0
DA:4507,0
DA:4510,0
DA:4511,0
DA:4512,0
DA:4513,0
DA:4516,0
DA:4519,0
DA:4520,0
DA:4521,0
DA:4522,0
DA:4524,0
DA:4527,0
DA:4528,0
DA:4542,0
DA:4543,0
DA:4549,0
DA:4556,0
DA:4560,0
DA:4561,0
DA:4562,0
DA:4563,0
DA:4567,0
DA:4570,0
DA:4571,0
DA:4578,0
DA:4581,0
DA:4582,0
DA:4586,0
DA:4594,0
DA:4595,0
DA:4599,0
DA:4608,0
DA:4613,0
DA:4618,0
DA:4624,0
DA:4627,0
DA:4628,0
DA:4874,0
DA:4879,0
DA:4882,0
DA:4883,0
DA:4884,0
DA:4885,0
DA:4886,0
DA:4889,0
DA:4893,0
DA:4894,0
DA:4896,0
DA:4899,0
DA:4901,0
DA:4902,0
DA:4903,0
DA:4907,0
DA:4910,0
DA:4917,0
DA:4919,0
DA:4920,0
DA:4921,0
DA:4922,0
DA:4924,0
DA:4925,0
DA:4926,0
DA:4931,0
DA:4933,0
DA:4935,0
DA:4943,0
DA:4944,0
DA:4945,0
DA:4953,0
DA:4969,0
DA:4972,0
DA:4978,0
DA:4979,0
DA:4999,0
DA:5004,0
DA:5010,0
DA:5011,0
DA:5017,0
DA:5020,0
DA:5021,0
DA:5022,0
DA:5023,0
DA:5024,0
DA:5025,0
DA:5029,0
DA:5033,0
DA:5038,0
DA:5051,0
DA:5052,0
DA:5053,0
DA:5056,0
DA:5061,0
DA:5062,0
DA:5063,0
DA:5064,0
DA:5065,0
DA:5066,0
DA:5067,0
DA:5068,0
DA:5069,0
DA:5075,0
DA:5076,0
DA:5078,0
DA:5107,0
DA:5137,0
DA:5147,0
DA:5151,0
DA:5152,0
DA:5154,0
DA:5162,0
DA:5163,0
DA:5172,0
DA:5173,0
DA:5183,0
DA:5202,0
DA:5203,0
DA:5211,0
DA:5212,0
DA:5213,0
DA:5215,0
DA:5216,0
DA:5217,0
DA:5218,0
DA:5219,0
DA:5220,0
DA:5221,0
DA:5223,0
DA:5226,0
DA:5239,0
DA:5245,0
DA:5246,0
DA:5249,0
DA:5250,0
DA:5251,0
DA:5253,0
DA:5254,0
DA:5256,0
DA:5257,0
DA:5263,0
DA:5264,0
DA:5265,0
DA:5266,0
DA:5269,0
DA:5270,0
DA:5274,0
DA:5279,0
DA:5283,0
DA:5300,0
DA:5301,0
DA:5302,0
DA:5306,0
DA:5307,0
DA:5308,0
DA:5328,0
DA:5334,0
DA:5338,0
DA:5339,0
DA:5344,0
DA:5346,0
DA:5355,0
DA:5357,0
DA:5358,0
DA:5360,0
DA:5361,0
DA:5366,0
DA:5369,0
DA:5373,0
DA:5388,0
DA:5394,0
DA:5398,0
DA:5399,0
DA:5403,0
DA:5407,0
DA:5408,0
DA:5412,0
DA:5420,0
DA:5421,0
DA:5422,0
DA:5425,0
DA:5426,0
DA:5427,0
DA:5438,0
DA:5439,0
DA:5444,0
DA:5450,0
DA:5451,0
DA:5452,0
DA:5463,0
DA:5464,0
DA:5467,0
LF:1351
LH:77
BRDA:65,0,0,11
BRDA:65,0,1,10
BRDA:132,1,0,1
BRDA:144,2,0,0
BRDA:155,3,0,0
BRDA:155,3,1,0
BRDA:163,4,0,0
BRDA:163,4,1,0
BRDA:164,5,0,0
BRDA:164,5,1,0
BRDA:165,6,0,0
BRDA:165,6,1,0
BRDA:166,7,0,0
BRDA:166,7,1,0
BRDA:167,8,0,0
BRDA:167,8,1,0
BRDA:168,9,0,0
BRDA:168,9,1,0
BRDA:313,10,0,0
BRDA:313,10,1,0
BRDA:314,11,0,0
BRDA:314,11,1,0
BRDA:315,12,0,0
BRDA:315,12,1,0
BRDA:319,13,0,0
BRDA:319,13,1,0
BRDA:352,14,0,0
BRDA:352,14,1,0
BRDA:358,15,0,0
BRDA:358,15,1,0
BRDA:358,15,2,0
BRDA:359,16,0,0
BRDA:359,16,1,0
BRDA:359,17,0,0
BRDA:359,17,1,0
BRDA:361,18,0,0
BRDA:361,18,1,0
BRDA:361,19,0,0
BRDA:361,19,1,0
BRDA:361,19,2,0
BRDA:362,20,0,0
BRDA:362,20,1,0
BRDA:363,21,0,0
BRDA:363,21,1,0
BRDA:366,22,0,0
BRDA:366,22,1,0
BRDA:375,23,0,0
BRDA:375,23,1,0
BRDA:375,24,0,0
BRDA:375,24,1,0
BRDA:376,25,0,0
BRDA:376,25,1,0
BRDA:376,25,2,0
BRDA:377,26,0,0
BRDA:377,26,1,0
BRDA:436,27,0,0
BRDA:436,27,1,0
BRDA:442,28,0,0
BRDA:442,28,1,0
BRDA:456,29,0,0
BRDA:456,29,1,0
BRDA:475,30,0,0
BRDA:475,30,1,0
BRDA:479,31,0,0
BRDA:479,31,1,0
BRDA:489,32,0,0
BRDA:489,32,1,0
BRDA:493,33,0,0
BRDA:493,33,1,0
BRDA:496,34,0,0
BRDA:496,34,1,0
BRDA:506,35,0,0
BRDA:506,35,1,0
BRDA:506,36,0,0
BRDA:506,36,1,0
BRDA:507,37,0,0
BRDA:507,37,1,0
BRDA:509,38,0,0
BRDA:509,38,1,0
BRDA:522,39,0,0
BRDA:522,39,1,0
BRDA:538,40,0,0
BRDA:538,40,1,0
BRDA:539,41,0,0
BRDA:539,41,1,0
BRDA:540,42,0,0
BRDA:540,42,1,0
BRDA:543,43,0,0
BRDA:543,43,1,0
BRDA:551,44,0,0
BRDA:551,44,1,0
BRDA:569,45,0,0
BRDA:569,45,1,0
BRDA:570,46,0,0
BRDA:570,46,1,0
BRDA:571,47,0,0
BRDA:571,47,1,0
BRDA:572,48,0,0
BRDA:572,48,1,0
BRDA:593,49,0,0
BRDA:593,49,1,0
BRDA:594,50,0,0
BRDA:594,50,1,0
BRDA:594,51,0,0
BRDA:594,51,1,0
BRDA:595,52,0,0
BRDA:595,52,1,0
BRDA:596,53,0,0
BRDA:596,53,1,0
BRDA:601,54,0,0
BRDA:601,54,1,0
BRDA:603,55,0,0
BRDA:603,55,1,0
BRDA:607,56,0,0
BRDA:607,56,1,0
BRDA:614,57,0,0
BRDA:614,57,1,0
BRDA:616,58,0,0
BRDA:616,58,1,0
BRDA:616,59,0,0
BRDA:616,59,1,0
BRDA:619,60,0,0
BRDA:619,60,1,0
BRDA:619,61,0,0
BRDA:619,61,1,0
BRDA:621,62,0,0
BRDA:621,62,1,0
BRDA:628,63,0,0
BRDA:628,63,1,0
BRDA:633,64,0,0
BRDA:633,64,1,0
BRDA:636,65,0,0
BRDA:636,65,1,0
BRDA:647,66,0,0
BRDA:650,67,0,0
BRDA:650,67,1,0
BRDA:678,68,0,0
BRDA:678,68,1,0
BRDA:679,69,0,0
BRDA:679,69,1,0
BRDA:680,70,0,0
BRDA:681,71,0,0
BRDA:681,71,1,0
BRDA:695,72,0,0
BRDA:695,72,1,0
BRDA:696,73,0,0
BRDA:696,73,1,0
BRDA:697,74,0,0
BRDA:698,75,0,0
BRDA:698,75,1,0
BRDA:729,76,0,0
BRDA:729,76,1,0
BRDA:730,77,0,0
BRDA:730,77,1,0
BRDA:732,78,0,0
BRDA:732,78,1,0
BRDA:738,79,0,0
BRDA:738,79,1,0
BRDA:738,80,0,0
BRDA:738,80,1,0
BRDA:739,81,0,0
BRDA:739,81,1,0
BRDA:745,82,0,0
BRDA:745,82,1,0
BRDA:745,83,0,0
BRDA:745,83,1,0
BRDA:747,84,0,0
BRDA:747,84,1,0
BRDA:748,85,0,0
BRDA:748,85,1,0
BRDA:755,86,0,0
BRDA:755,86,1,0
BRDA:756,87,0,0
BRDA:756,87,1,0
BRDA:756,88,0,0
BRDA:756,88,1,0
BRDA:757,89,0,0
BRDA:757,89,1,0
BRDA:758,90,0,0
BRDA:758,90,1,0
BRDA:764,91,0,0
BRDA:764,91,1,0
BRDA:792,92,0,0
BRDA:831,93,0,0
BRDA:831,94,0,0
BRDA:831,94,1,0
BRDA:837,95,0,0
BRDA:839,96,0,0
BRDA:844,97,0,0
BRDA:858,98,0,0
BRDA:858,98,1,0
BRDA:874,99,0,0
BRDA:874,99,1,0
BRDA:875,100,0,0
BRDA:879,101,0,0
BRDA:879,101,1,0
BRDA:881,102,0,0
BRDA:881,102,1,0
BRDA:881,103,0,0
BRDA:881,103,1,0
BRDA:881,103,2,0
BRDA:891,104,0,0
BRDA:891,104,1,0
BRDA:892,105,0,0
BRDA:892,105,1,0
BRDA:892,105,2,0
BRDA:894,106,0,0
BRDA:894,106,1,0
BRDA:894,106,2,0
BRDA:899,107,0,0
BRDA:899,107,1,0
BRDA:901,108,0,0
BRDA:901,108,1,0
BRDA:901,108,2,0
BRDA:904,109,0,0
BRDA:904,109,1,0
BRDA:908,110,0,0
BRDA:908,110,1,0
BRDA:910,111,0,0
BRDA:910,111,1,0
BRDA:910,111,2,0
BRDA:913,112,0,0
BRDA:913,112,1,0
BRDA:918,113,0,0
BRDA:918,113,1,0
BRDA:920,114,0,0
BRDA:920,114,1,0
BRDA:953,115,0,0
BRDA:953,115,1,0
BRDA:954,116,0,0
BRDA:954,116,1,0
BRDA:956,117,0,0
BRDA:956,117,1,0
BRDA:957,118,0,0
BRDA:957,118,1,0
BRDA:958,119,0,0
BRDA:958,119,1,0
BRDA:959,120,0,0
BRDA:959,120,1,0
BRDA:960,121,0,0
BRDA:960,121,1,0
BRDA:964,122,0,0
BRDA:964,122,1,0
BRDA:966,123,0,0
BRDA:966,123,1,0
BRDA:969,124,0,0
BRDA:969,124,1,0
BRDA:971,125,0,0
BRDA:971,125,1,0
BRDA:977,126,0,0
BRDA:977,126,1,0
BRDA:980,127,0,0
BRDA:980,127,1,0
BRDA:988,128,0,0
BRDA:988,128,1,0
BRDA:989,129,0,0
BRDA:989,129,1,0
BRDA:989,129,2,0
BRDA:989,129,3,0
BRDA:998,130,0,0
BRDA:998,130,1,0
BRDA:998,130,2,0
BRDA:998,130,3,0
BRDA:1001,131,0,0
BRDA:1001,131,1,0
BRDA:1001,131,2,0
BRDA:1001,131,3,0
BRDA:1001,131,4,0
BRDA:1007,132,0,0
BRDA:1023,133,0,0
BRDA:1023,133,1,0
BRDA:1033,134,0,0
BRDA:1033,134,1,0
BRDA:1034,135,0,0
BRDA:1034,135,1,0
BRDA:1070,136,0,0
BRDA:1106,137,0,0
BRDA:1106,137,1,0
BRDA:1110,138,0,0
BRDA:1110,138,1,0
BRDA:1111,139,0,0
BRDA:1111,139,1,0
BRDA:1113,140,0,0
BRDA:1113,140,1,0
BRDA:1114,141,0,0
BRDA:1114,141,1,0
BRDA:1114,141,2,0
BRDA:1117,142,0,0
BRDA:1117,142,1,0
BRDA:1119,143,0,0
BRDA:1119,143,1,0
BRDA:1119,143,2,0
BRDA:1121,144,0,0
BRDA:1121,144,1,0
BRDA:1122,145,0,0
BRDA:1122,145,1,0
BRDA:1122,145,2,0
BRDA:1122,145,3,0
BRDA:1132,146,0,0
BRDA:1132,146,1,0
BRDA:1133,147,0,0
BRDA:1133,147,1,0
BRDA:1135,148,0,0
BRDA:1135,148,1,0
BRDA:1136,149,0,0
BRDA:1136,149,1,0
BRDA:1136,149,2,0
BRDA:1139,150,0,0
BRDA:1139,150,1,0
BRDA:1139,150,2,0
BRDA:1141,151,0,0
BRDA:1141,151,1,0
BRDA:1141,151,2,0
BRDA:1143,152,0,0
BRDA:1143,152,1,0
BRDA:1144,153,0,0
BRDA:1144,153,1,0
BRDA:1144,153,2,0
BRDA:1144,153,3,0
BRDA:1154,154,0,0
BRDA:1154,154,1,0
BRDA:1155,155,0,0
BRDA:1155,155,1,0
BRDA:1156,156,0,0
BRDA:1156,156,1,0
BRDA:1158,157,0,0
BRDA:1158,157,1,0
BRDA:1159,158,0,0
BRDA:1159,158,1,0
BRDA:1159,158,2,0
BRDA:1162,159,0,0
BRDA:1162,159,1,0
BRDA:1162,159,2,0
BRDA:1164,160,0,0
BRDA:1164,160,1,0
BRDA:1164,160,2,0
BRDA:1166,161,0,0
BRDA:1166,161,1,0
BRDA:1167,162,0,0
BRDA:1167,162,1,0
BRDA:1167,162,2,0
BRDA:1167,162,3,0
BRDA:1186,163,0,0
BRDA:1186,163,1,0
BRDA:1188,164,0,0
BRDA:1188,164,1,0
BRDA:1191,165,0,0
BRDA:1205,166,0,0
BRDA:1208,167,0,0
BRDA:1217,168,0,0
BRDA:1217,168,1,0
BRDA:1218,169,0,0
BRDA:1218,169,1,0
BRDA:1219,170,0,0
BRDA:1219,170,1,0
BRDA:1220,171,0,0
BRDA:1220,171,1,0
BRDA:1222,172,0,0
BRDA:1222,172,1,0
BRDA:1222,172,2,0
BRDA:1222,172,3,0
BRDA:1223,173,0,0
BRDA:1223,173,1,0
BRDA:1223,174,0,0
BRDA:1223,174,1,0
BRDA:1223,175,0,0
BRDA:1223,175,1,0
BRDA:1224,176,0,0
BRDA:1224,176,1,0
BRDA:1224,176,2,0
BRDA:1226,177,0,0
BRDA:1226,177,1,0
BRDA:1226,177,2,0
BRDA:1226,177,3,0
BRDA:1226,177,4,0
BRDA:1232,178,0,0
BRDA:1232,178,1,0
BRDA:1243,179,0,0
BRDA:1256,180,0,2
BRDA:1256,180,1,1
BRDA:1276,181,0,4
BRDA:1276,181,1,0
BRDA:1286,182,0,1
BRDA:1306,183,0,2
BRDA:1306,183,1,1
BRDA:1308,184,0,1
BRDA:1308,184,1,1
BRDA:1312,185,0,0
BRDA:1312,185,1,1
BRDA:1320,186,0,1
BRDA:1320,186,1,0
BRDA:1322,187,0,0
BRDA:1322,187,1,1
BRDA:1326,188,0,1
BRDA:1326,188,1,0
BRDA:1341,189,0,2
BRDA:1343,190,0,1
BRDA:1343,190,1,1
BRDA:1343,191,0,0
BRDA:1343,191,1,1
BRDA:1390,192,0,0
BRDA:1390,192,1,0
BRDA:1392,193,0,0
BRDA:1410,194,0,0
BRDA:1410,194,1,0
BRDA:1412,195,0,0
BRDA:1412,195,1,0
BRDA:1414,196,0,0
BRDA:1414,196,1,0
BRDA:1418,197,0,0
BRDA:1418,197,1,0
BRDA:1420,198,0,0
BRDA:1420,198,1,0
BRDA:1422,199,0,0
BRDA:1422,199,1,0
BRDA:1466,200,0,0
BRDA:1466,201,0,0
BRDA:1466,201,1,0
BRDA:1482,202,0,0
BRDA:1482,202,1,0
BRDA:1482,203,0,0
BRDA:1482,203,1,0
BRDA:1484,204,0,0
BRDA:1490,205,0,0
BRDA:1490,205,1,0
BRDA:1495,206,0,0
BRDA:1495,206,1,0
BRDA:1497,207,0,0
BRDA:1497,207,1,0
BRDA:1499,208,0,0
BRDA:1499,208,1,0
BRDA:1501,209,0,0
BRDA:1501,209,1,0
BRDA:1518,210,0,0
BRDA:1518,210,1,0
BRDA:1520,211,0,0
BRDA:1520,211,1,0
BRDA:1522,212,0,0
BRDA:1522,212,1,0
BRDA:1530,213,0,0
BRDA:1530,213,1,0
BRDA:1532,214,0,0
BRDA:1537,215,0,0
BRDA:1537,215,1,0
BRDA:1572,216,0,0
BRDA:1607,217,0,0
BRDA:1611,218,0,0
BRDA:1611,218,1,0
BRDA:1612,219,0,0
BRDA:1612,219,1,0
BRDA:1613,220,0,0
BRDA:1613,220,1,0
BRDA:1632,221,0,0
BRDA:1632,221,1,0
BRDA:1633,222,0,0
BRDA:1696,223,0,0
BRDA:1711,224,0,0
BRDA:1711,224,1,0
BRDA:1713,225,0,0
BRDA:1713,225,1,0
BRDA:1731,226,0,0
BRDA:1766,227,0,0
BRDA:1779,228,0,0
BRDA:1782,229,0,0
BRDA:1788,230,0,0
BRDA:1788,230,1,0
BRDA:1815,231,0,0
BRDA:1819,232,0,0
BRDA:1819,232,1,0
BRDA:1820,233,0,0
BRDA:1820,233,1,0
BRDA:1821,234,0,0
BRDA:1821,234,1,0
BRDA:1845,235,0,0
BRDA:1845,235,1,0
BRDA:1846,236,0,0
BRDA:1878,237,0,0
BRDA:1880,238,0,0
BRDA:1880,238,1,0
BRDA:1882,239,0,0
BRDA:1882,239,1,0
BRDA:1922,240,0,0
BRDA:1922,240,1,0
BRDA:1923,241,0,0
BRDA:1923,241,1,0
BRDA:1924,242,0,0
BRDA:1924,242,1,0
BRDA:1926,243,0,0
BRDA:1926,243,1,0
BRDA:1926,243,2,0
BRDA:1929,244,0,0
BRDA:1930,245,0,0
BRDA:1931,246,0,0
BRDA:1935,247,0,0
BRDA:1936,248,0,0
BRDA:1937,249,0,0
BRDA:1937,250,0,0
BRDA:1937,250,1,0
BRDA:1939,251,0,0
BRDA:1940,252,0,0
BRDA:1949,253,0,0
BRDA:1949,253,1,0
BRDA:1973,254,0,0
BRDA:1973,254,1,0
BRDA:1975,255,0,0
BRDA:1975,255,1,0
BRDA:1980,256,0,0
BRDA:1983,257,0,0
BRDA:1983,257,1,0
BRDA:1985,258,0,0
BRDA:1985,258,1,0
BRDA:1992,259,0,0
BRDA:1992,259,1,0
BRDA:2000,260,0,0
BRDA:2000,260,1,0
BRDA:2006,261,0,0
BRDA:2006,261,1,0
BRDA:2006,261,2,0
BRDA:2009,262,0,0
BRDA:2009,262,1,0
BRDA:2009,262,2,0
BRDA:2015,263,0,0
BRDA:2015,263,1,0
BRDA:2019,264,0,0
BRDA:2019,264,1,0
BRDA:2020,265,0,0
BRDA:2020,265,1,0
BRDA:2027,266,0,0
BRDA:2027,266,1,0
BRDA:2031,267,0,0
BRDA:2031,267,1,0
BRDA:2033,268,0,0
BRDA:2033,268,1,0
BRDA:2044,269,0,0
BRDA:2091,270,0,0
BRDA:2103,271,0,0
BRDA:2103,271,1,0
BRDA:2104,272,0,0
BRDA:2105,273,0,0
BRDA:2111,274,0,0
BRDA:2111,274,1,0
BRDA:2114,275,0,0
BRDA:2114,275,1,0
BRDA:2119,276,0,0
BRDA:2119,276,1,0
BRDA:2125,277,0,0
BRDA:2125,277,1,0
BRDA:2126,278,0,0
BRDA:2126,278,1,0
BRDA:2139,279,0,0
BRDA:2139,279,1,0
BRDA:2140,280,0,0
BRDA:2140,281,0,0
BRDA:2140,281,1,0
BRDA:2142,282,0,0
BRDA:2142,282,1,0
BRDA:2146,283,0,0
BRDA:2146,284,0,0
BRDA:2146,284,1,0
BRDA:2146,285,0,0
BRDA:2146,285,1,0
BRDA:2152,286,0,0
BRDA:2152,286,1,0
BRDA:2158,287,0,0
BRDA:2164,288,0,0
BRDA:2164,289,0,0
BRDA:2164,289,1,0
BRDA:2169,290,0,0
BRDA:2175,291,0,0
BRDA:2175,291,1,0
BRDA:2176,292,0,0
BRDA:2176,292,1,0
BRDA:2184,293,0,0
BRDA:2190,294,0,0
BRDA:2214,295,0,0
BRDA:2214,295,1,0
BRDA:2215,296,0,0
BRDA:2216,297,0,0
BRDA:2217,298,0,0
BRDA:2219,299,0,0
BRDA:2228,300,0,0
BRDA:2228,300,1,0
BRDA:2237,301,0,0
BRDA:2237,301,1,0
BRDA:2242,302,0,0
BRDA:2242,302,1,0
BRDA:2244,303,0,0
BRDA:2244,303,1,0
BRDA:2259,304,0,0
BRDA:2270,305,0,0
BRDA:2270,305,1,0
BRDA:2300,306,0,0
BRDA:2312,307,0,0
BRDA:2312,307,1,0
BRDA:2313,308,0,0
BRDA:2314,309,0,0
BRDA:2321,310,0,0
BRDA:2321,310,1,0
BRDA:2325,311,0,0
BRDA:2325,311,1,0
BRDA:2333,312,0,0
BRDA:2333,312,1,0
BRDA:2339,313,0,0
BRDA:2339,313,1,0
BRDA:2340,314,0,0
BRDA:2340,314,1,0
BRDA:2347,315,0,0
BRDA:2347,315,1,0
BRDA:2348,316,0,0
BRDA:2348,316,1,0
BRDA:2371,317,0,0
BRDA:2371,317,1,0
BRDA:2372,318,0,0
BRDA:2372,319,0,0
BRDA:2372,319,1,0
BRDA:2374,320,0,0
BRDA:2374,320,1,0
BRDA:2378,321,0,0
BRDA:2378,322,0,0
BRDA:2378,322,1,0
BRDA:2378,323,0,0
BRDA:2378,323,1,0
BRDA:2384,324,0,0
BRDA:2384,324,1,0
BRDA:2385,325,0,0
BRDA:2385,325,1,0
BRDA:2392,326,0,0
BRDA:2392,326,1,0
BRDA:2393,327,0,0
BRDA:2393,327,1,0
BRDA:2402,328,0,0
BRDA:2412,329,0,0
BRDA:2420,330,0,0
BRDA:2421,331,0,0
BRDA:2421,331,1,0
BRDA:2431,332,0,0
BRDA:2431,332,1,0
BRDA:2441,333,0,0
BRDA:2446,334,0,0
BRDA:2446,335,0,0
BRDA:2446,335,1,0
BRDA:2446,336,0,0
BRDA:2446,336,1,0
BRDA:2453,337,0,0
BRDA:2453,337,1,0
BRDA:2456,338,0,0
BRDA:2468,339,0,0
BRDA:2469,340,0,0
BRDA:2490,341,0,0
BRDA:2490,341,1,0
BRDA:2506,342,0,0
BRDA:2509,343,0,0
BRDA:2509,343,1,0
BRDA:2533,344,0,0
BRDA:2533,344,1,0
BRDA:2546,345,0,0
BRDA:2546,345,1,0
BRDA:2550,346,0,0
BRDA:2558,347,0,0
BRDA:2558,347,1,0
BRDA:2558,348,0,0
BRDA:2558,348,1,0
BRDA:2559,349,0,0
BRDA:2559,349,1,0
BRDA:2559,350,0,0
BRDA:2559,350,1,0
BRDA:2565,351,0,0
BRDA:2565,351,1,0
BRDA:2589,352,0,0
BRDA:2589,352,1,0
BRDA:2602,353,0,0
BRDA:2602,353,1,0
BRDA:2602,353,2,0
BRDA:2602,353,3,0
BRDA:2608,354,0,0
BRDA:2611,355,0,0
BRDA:2611,355,1,0
BRDA:2635,356,0,0
BRDA:2635,356,1,0
BRDA:2675,357,0,0
BRDA:2675,358,0,0
BRDA:2675,358,1,0
BRDA:2699,359,0,0
BRDA:2699,359,1,0
BRDA:2702,360,0,0
BRDA:2702,360,1,0
BRDA:2705,361,0,0
BRDA:2705,361,1,0
BRDA:2706,362,0,0
BRDA:2706,362,1,0
BRDA:2707,363,0,0
BRDA:2707,363,1,0
BRDA:2708,364,0,0
BRDA:2708,364,1,0
BRDA:2733,365,0,0
BRDA:2740,366,0,0
BRDA:2740,366,1,0
BRDA:2750,367,0,0
BRDA:2781,368,0,0
BRDA:2781,368,1,0
BRDA:2800,369,0,0
BRDA:2805,370,0,0
BRDA:2806,371,0,0
BRDA:2806,371,1,0
BRDA:2806,371,2,0
BRDA:2827,372,0,0
BRDA:2827,373,0,0
BRDA:2827,373,1,0
BRDA:2841,374,0,0
BRDA:2848,375,0,0
BRDA:2848,375,1,0
BRDA:2850,376,0,0
BRDA:2851,377,0,0
BRDA:2851,377,1,0
BRDA:2851,377,2,0
BRDA:2870,378,0,0
BRDA:2870,378,1,0
BRDA:2870,378,2,0
BRDA:2874,379,0,0
BRDA:2875,380,0,0
BRDA:2875,380,1,0
BRDA:2897,381,0,0
BRDA:2897,382,0,0
BRDA:2897,382,1,0
BRDA:2920,383,0,0
BRDA:2921,384,0,0
BRDA:2921,384,1,0
BRDA:2921,384,2,0
BRDA:2939,385,0,0
BRDA:2939,385,1,0
BRDA:2945,386,0,0
BRDA:2945,386,1,0
BRDA:3011,387,0,0
BRDA:3011,387,1,0
BRDA:3014,388,0,0
BRDA:3014,388,1,0
BRDA:3018,389,0,0
BRDA:3018,389,1,0
BRDA:3052,390,0,0
BRDA:3056,391,0,0
BRDA:3056,391,1,0
BRDA:3058,392,0,0
BRDA:3058,392,1,0
BRDA:3060,393,0,0
BRDA:3060,393,1,0
BRDA:3064,394,0,0
BRDA:3064,394,1,0
BRDA:3065,395,0,0
BRDA:3065,395,1,0
BRDA:3084,396,0,0
BRDA:3084,396,1,0
BRDA:3085,397,0,0
BRDA:3098,398,0,0
BRDA:3098,398,1,0
BRDA:3101,399,0,0
BRDA:3101,399,1,0
BRDA:3109,400,0,0
BRDA:3109,400,1,0
BRDA:3129,401,0,0
BRDA:3129,401,1,0
BRDA:3129,401,2,0
BRDA:3129,401,3,0
BRDA:3134,402,0,0
BRDA:3134,402,1,0
BRDA:3134,402,2,0
BRDA:3134,402,3,0
BRDA:3138,403,0,0
BRDA:3138,403,1,0
BRDA:3140,404,0,0
BRDA:3140,404,1,0
BRDA:3145,405,0,0
BRDA:3145,405,1,0
BRDA:3145,406,0,0
BRDA:3145,406,1,0
BRDA:3147,407,0,0
BRDA:3147,407,1,0
BRDA:3147,408,0,0
BRDA:3147,408,1,0
BRDA:3152,409,0,0
BRDA:3152,409,1,0
BRDA:3154,410,0,0
BRDA:3154,410,1,0
BRDA:3165,411,0,0
BRDA:3165,411,1,0
BRDA:3171,412,0,0
BRDA:3186,413,0,0
BRDA:3186,413,1,0
BRDA:3189,414,0,0
BRDA:3189,414,1,0
BRDA:3193,415,0,0
BRDA:3193,415,1,0
BRDA:3193,416,0,0
BRDA:3193,416,1,0
BRDA:3224,417,0,0
BRDA:3228,418,0,0
BRDA:3228,418,1,0
BRDA:3244,419,0,0
BRDA:3244,420,0,0
BRDA:3244,420,1,0
BRDA:3258,421,0,0
BRDA:3258,421,1,0
BRDA:3259,422,0,0
BRDA:3274,423,0,0
BRDA:3274,423,1,0
BRDA:3277,424,0,0
BRDA:3277,424,1,0
BRDA:3286,425,0,0
BRDA:3286,425,1,0
BRDA:3305,426,0,0
BRDA:3305,426,1,0
BRDA:3306,427,0,0
BRDA:3307,428,0,0
BRDA:3315,429,0,0
BRDA:3315,430,0,0
BRDA:3315,430,1,0
BRDA:3333,431,0,0
BRDA:3333,431,1,0
BRDA:3337,432,0,0
BRDA:3337,432,1,0
BRDA:3343,433,0,0
BRDA:3343,433,1,0
BRDA:3344,434,0,0
BRDA:3351,435,0,0
BRDA:3351,436,0,0
BRDA:3351,436,1,0
BRDA:3357,437,0,0
BRDA:3357,437,1,0
BRDA:3367,438,0,0
BRDA:3367,438,1,0
BRDA:3369,439,0,0
BRDA:3369,439,1,0
BRDA:3376,440,0,0
BRDA:3376,440,1,0
BRDA:3378,441,0,0
BRDA:3378,441,1,0
BRDA:3395,442,0,0
BRDA:3395,442,1,0
BRDA:3400,443,0,0
BRDA:3400,443,1,0
BRDA:3460,444,0,0
BRDA:3460,444,1,0
BRDA:3464,445,0,0
BRDA:3464,445,1,0
BRDA:3473,446,0,0
BRDA:3473,446,1,0
BRDA:3489,447,0,0
BRDA:3489,447,1,0
BRDA:3490,448,0,0
BRDA:3501,449,0,0
BRDA:3503,450,0,0
BRDA:3503,450,1,0
BRDA:3505,451,0,0
BRDA:3506,452,0,0
BRDA:3506,452,1,0
BRDA:3506,452,2,0
BRDA:3520,453,0,0
BRDA:3520,453,1,0
BRDA:3524,454,0,0
BRDA:3524,454,1,0
BRDA:3540,455,0,0
BRDA:3541,456,0,0
BRDA:3541,456,1,0
BRDA:3541,456,2,0
BRDA:3549,457,0,0
BRDA:3558,458,0,0
BRDA:3558,458,1,0
BRDA:3566,459,0,0
BRDA:3566,459,1,0
BRDA:3578,460,0,0
BRDA:3578,460,1,0
BRDA:3586,461,0,0
BRDA:3586,461,1,0
BRDA:3598,462,0,0
BRDA:3598,462,1,0
BRDA:3606,463,0,0
BRDA:3606,463,1,0
BRDA:3617,464,0,0
BRDA:3617,464,1,0
BRDA:3618,465,0,0
BRDA:3618,465,1,0
BRDA:3620,466,0,0
BRDA:3620,466,1,0
BRDA:3623,467,0,0
BRDA:3623,467,1,0
BRDA:3624,468,0,0
BRDA:3624,468,1,0
BRDA:3629,469,0,0
BRDA:3639,470,0,0
BRDA:3651,471,0,0
BRDA:3651,471,1,0
BRDA:3694,472,0,0
BRDA:3709,473,0,0
BRDA:3719,474,0,0
BRDA:3719,474,1,0
BRDA:3723,475,0,0
BRDA:3723,475,1,0
BRDA:3726,476,0,0
BRDA:3726,476,1,0
BRDA:3727,477,0,0
BRDA:3727,477,1,0
BRDA:3734,478,0,0
BRDA:3734,478,1,0
BRDA:3736,479,0,0
BRDA:3736,479,1,0
BRDA:3738,480,0,0
BRDA:3738,480,1,0
BRDA:3752,481,0,0
BRDA:3752,481,1,0
BRDA:3752,482,0,0
BRDA:3752,482,1,0
BRDA:3753,483,0,0
BRDA:3770,484,0,0
BRDA:3770,484,1,0
BRDA:3771,485,0,0
BRDA:3771,485,1,0
BRDA:3833,486,0,0
BRDA:3833,486,1,0
BRDA:3835,487,0,0
BRDA:3835,487,1,0
BRDA:3841,488,0,0
BRDA:3841,488,1,0
BRDA:3843,489,0,0
BRDA:3843,489,1,0
BRDA:3843,490,0,0
BRDA:3843,490,1,0
BRDA:3864,491,0,0
BRDA:3864,491,1,0
BRDA:3864,491,2,0
BRDA:3869,492,0,0
BRDA:3869,492,1,0
BRDA:3869,493,0,0
BRDA:3869,493,1,0
BRDA:3896,494,0,0
BRDA:3896,494,1,0
BRDA:3909,495,0,0
BRDA:3909,495,1,0
BRDA:3921,496,0,0
BRDA:3921,496,1,0
BRDA:3923,497,0,0
BRDA:3923,497,1,0
BRDA:3923,498,0,0
BRDA:3923,498,1,0
BRDA:3942,499,0,0
BRDA:3942,499,1,0
BRDA:3952,500,0,0
BRDA:3952,500,1,0
BRDA:3963,501,0,0
BRDA:3963,501,1,0
BRDA:3963,502,0,0
BRDA:3963,502,1,0
BRDA:3989,503,0,0
BRDA:3989,503,1,0
BRDA:4002,504,0,0
BRDA:4002,504,1,0
BRDA:4002,505,0,0
BRDA:4002,505,1,0
BRDA:4015,506,0,0
BRDA:4015,506,1,0
BRDA:4031,507,0,0
BRDA:4031,507,1,0
BRDA:4044,508,0,0
BRDA:4044,508,1,0
BRDA:4057,509,0,0
BRDA:4057,509,1,0
BRDA:4069,510,0,0
BRDA:4069,510,1,0
BRDA:4071,511,0,0
BRDA:4071,511,1,0
BRDA:4075,512,0,0
BRDA:4075,512,1,0
BRDA:4084,513,0,0
BRDA:4084,513,1,0
BRDA:4090,514,0,0
BRDA:4096,515,0,0
BRDA:4096,515,1,0
BRDA:4103,516,0,0
BRDA:4103,516,1,0
BRDA:4116,517,0,0
BRDA:4122,518,0,0
BRDA:4123,519,0,0
BRDA:4128,520,0,0
BRDA:4129,521,0,0
BRDA:4150,522,0,0
BRDA:4150,522,1,0
BRDA:4155,523,0,0
BRDA:4155,523,1,0
BRDA:4157,524,0,0
BRDA:4157,524,1,0
BRDA:4163,525,0,0
BRDA:4163,525,1,0
BRDA:4180,526,0,0
BRDA:4180,527,0,0
BRDA:4180,527,1,0
BRDA:4197,528,0,0
BRDA:4197,529,0,0
BRDA:4197,529,1,0
BRDA:4199,530,0,0
BRDA:4214,531,0,0
BRDA:4214,531,1,0
BRDA:4220,532,0,0
BRDA:4230,533,0,0
BRDA:4235,534,0,0
BRDA:4238,535,0,0
BRDA:4238,535,1,0
BRDA:4243,536,0,0
BRDA:4246,537,0,0
BRDA:4246,537,1,0
BRDA:4250,538,0,0
BRDA:4257,539,0,0
BRDA:4275,540,0,0
BRDA:4275,540,1,0
BRDA:4284,541,0,0
BRDA:4284,541,1,0
BRDA:4284,542,0,0
BRDA:4284,542,1,0
BRDA:4286,543,0,0
BRDA:4287,544,0,0
BRDA:4287,544,1,0
BRDA:4297,545,0,0
BRDA:4315,546,0,0
BRDA:4326,547,0,0
BRDA:4326,547,1,0
BRDA:4332,548,0,0
BRDA:4336,549,0,0
BRDA:4336,550,0,0
BRDA:4336,550,1,0
BRDA:4357,551,0,0
BRDA:4357,551,1,0
BRDA:4357,552,0,0
BRDA:4357,552,1,0
BRDA:4358,553,0,0
BRDA:4368,554,0,0
BRDA:4368,554,1,0
BRDA:4370,555,0,0
BRDA:4370,555,1,0
BRDA:4376,556,0,0
BRDA:4376,556,1,0
BRDA:4377,557,0,0
BRDA:4377,557,1,0
BRDA:4380,558,0,0
BRDA:4380,558,1,0
BRDA:4383,559,0,0
BRDA:4383,559,1,0
BRDA:4401,560,0,0
BRDA:4403,561,0,0
BRDA:4421,562,0,0
BRDA:4421,562,1,0
BRDA:4422,563,0,0
BRDA:4437,564,0,0
BRDA:4437,565,0,0
BRDA:4437,565,1,0
BRDA:4441,566,0,0
BRDA:4441,567,0,0
BRDA:4441,567,1,0
BRDA:4441,567,2,0
BRDA:4445,568,0,0
BRDA:4445,568,1,0
BRDA:4476,569,0,0
BRDA:4476,569,1,0
BRDA:4477,570,0,0
BRDA:4480,571,0,0
BRDA:4480,571,1,0
BRDA:4485,572,0,0
BRDA:4487,573,0,0
BRDA:4490,574,0,0
BRDA:4490,574,1,0
BRDA:4492,575,0,0
BRDA:4492,575,1,0
BRDA:4499,576,0,0
BRDA:4501,577,0,0
BRDA:4506,578,0,0
BRDA:4511,579,0,0
BRDA:4511,579,1,0
BRDA:4512,580,0,0
BRDA:4512,580,1,0
BRDA:4520,581,0,0
BRDA:4561,582,0,0
BRDA:4570,583,0,0
BRDA:4581,584,0,0
BRDA:4627,585,0,0
BRDA:4894,586,0,0
BRDA:4902,587,0,0
BRDA:4910,588,0,0
BRDA:4910,588,1,0
BRDA:4912,589,0,0
BRDA:4912,589,1,0
BRDA:4920,590,0,0
BRDA:4920,590,1,0
BRDA:4921,591,0,0
BRDA:4925,592,0,0
BRDA:4969,593,0,0
BRDA:4983,594,0,0
BRDA:4983,594,1,0
BRDA:4983,595,0,0
BRDA:4983,595,1,0
BRDA:5010,596,0,0
BRDA:5017,597,0,0
BRDA:5021,598,0,0
BRDA:5038,599,0,0
BRDA:5038,599,1,0
BRDA:5051,600,0,0
BRDA:5051,600,1,0
BRDA:5052,601,0,0
BRDA:5057,602,0,0
BRDA:5057,602,1,0
BRDA:5111,603,0,0
BRDA:5111,603,1,0
BRDA:5116,604,0,0
BRDA:5116,604,1,0
BRDA:5116,604,2,0
BRDA:5118,605,0,0
BRDA:5118,605,1,0
BRDA:5119,606,0,0
BRDA:5119,606,1,0
BRDA:5151,607,0,0
BRDA:5162,608,0,0
BRDA:5162,608,1,0
BRDA:5164,609,0,0
BRDA:5164,609,1,0
BRDA:5164,609,2,0
BRDA:5165,610,0,0
BRDA:5165,610,1,0
BRDA:5166,611,0,0
BRDA:5166,611,1,0
BRDA:5166,612,0,0
BRDA:5166,612,1,0
BRDA:5167,613,0,0
BRDA:5167,613,1,0
BRDA:5167,613,2,0
BRDA:5168,614,0,0
BRDA:5168,614,1,0
BRDA:5172,615,0,0
BRDA:5172,615,1,0
BRDA:5174,616,0,0
BRDA:5174,616,1,0
BRDA:5177,617,0,0
BRDA:5177,617,1,0
BRDA:5179,618,0,0
BRDA:5179,618,1,0
BRDA:5185,619,0,0
BRDA:5185,619,1,0
BRDA:5185,619,2,0
BRDA:5185,619,3,0
BRDA:5186,620,0,0
BRDA:5186,620,1,0
BRDA:5186,620,2,0
BRDA:5186,620,3,0
BRDA:5189,621,0,0
BRDA:5189,621,1,0
BRDA:5190,622,0,0
BRDA:5190,622,1,0
BRDA:5202,623,0,0
BRDA:5202,624,0,0
BRDA:5202,624,1,0
BRDA:5204,625,0,0
BRDA:5204,625,1,0
BRDA:5204,626,0,0
BRDA:5204,626,1,0
BRDA:5205,627,0,0
BRDA:5205,627,1,0
BRDA:5206,628,0,0
BRDA:5206,628,1,0
BRDA:5207,629,0,0
BRDA:5207,629,1,0
BRDA:5211,630,0,0
BRDA:5211,630,1,0
BRDA:5212,631,0,0
BRDA:5212,631,1,0
BRDA:5216,632,0,0
BRDA:5216,632,1,0
BRDA:5216,633,0,0
BRDA:5216,633,1,0
BRDA:5218,634,0,0
BRDA:5218,634,1,0
BRDA:5220,635,0,0
BRDA:5228,636,0,0
BRDA:5228,636,1,0
BRDA:5240,637,0,0
BRDA:5240,637,1,0
BRDA:5240,637,2,0
BRDA:5240,637,3,0
BRDA:5245,638,0,0
BRDA:5245,639,0,0
BRDA:5245,639,1,0
BRDA:5249,640,0,0
BRDA:5249,640,1,0
BRDA:5250,641,0,0
BRDA:5250,642,0,0
BRDA:5250,642,1,0
BRDA:5253,643,0,0
BRDA:5256,644,0,0
BRDA:5256,644,1,0
BRDA:5265,645,0,0
BRDA:5265,645,1,0
BRDA:5269,646,0,0
BRDA:5269,646,1,0
BRDA:5284,647,0,0
BRDA:5284,647,1,0
BRDA:5285,648,0,0
BRDA:5285,648,1,0
BRDA:5286,649,0,0
BRDA:5286,649,1,0
BRDA:5287,650,0,0
BRDA:5287,650,1,0
BRDA:5288,651,0,0
BRDA:5288,651,1,0
BRDA:5289,652,0,0
BRDA:5289,652,1,0
BRDA:5290,653,0,0
BRDA:5290,653,1,0
BRDA:5291,654,0,0
BRDA:5291,654,1,0
BRDA:5292,655,0,0
BRDA:5292,655,1,0
BRDA:5295,656,0,0
BRDA:5295,656,1,0
BRDA:5295,656,2,0
BRDA:5300,657,0,0
BRDA:5301,658,0,0
BRDA:5306,659,0,0
BRDA:5307,660,0,0
BRDA:5338,661,0,0
BRDA:5338,662,0,0
BRDA:5338,662,1,0
BRDA:5344,663,0,0
BRDA:5344,663,1,0
BRDA:5355,664,0,0
BRDA:5355,664,1,0
BRDA:5357,665,0,0
BRDA:5357,665,1,0
BRDA:5357,665,2,0
BRDA:5358,666,0,0
BRDA:5360,667,0,0
BRDA:5360,667,1,0
BRDA:5360,667,2,0
BRDA:5363,668,0,0
BRDA:5363,668,1,0
BRDA:5366,669,0,0
BRDA:5366,669,1,0
BRDA:5369,670,0,0
BRDA:5369,670,1,0
BRDA:5377,671,0,0
BRDA:5377,671,1,0
BRDA:5388,672,0,0
BRDA:5388,672,1,0
BRDA:5388,672,2,0
BRDA:5388,672,3,0
BRDA:5394,673,0,0
BRDA:5394,673,1,0
BRDA:5395,674,0,0
BRDA:5395,674,1,0
BRDA:5396,675,0,0
BRDA:5396,675,1,0
BRDA:5396,675,2,0
BRDA:5399,676,0,0
BRDA:5399,676,1,0
BRDA:5399,677,0,0
BRDA:5399,677,1,0
BRDA:5403,678,0,0
BRDA:5403,678,1,0
BRDA:5404,679,0,0
BRDA:5404,679,1,0
BRDA:5405,680,0,0
BRDA:5405,680,1,0
BRDA:5405,680,2,0
BRDA:5408,681,0,0
BRDA:5408,681,1,0
BRDA:5408,682,0,0
BRDA:5408,682,1,0
BRDA:5426,683,0,0
BRDA:5426,683,1,0
BRDA:5444,684,0,0
BRDA:5444,684,1,0
BRDA:5446,685,0,0
BRDA:5446,685,1,0
BRDA:5451,686,0,0
BRDA:5451,686,1,0
BRDA:5471,687,0,0
BRDA:5471,687,1,0
BRDA:5471,687,2,0
BRF:1280
BRH:19
end_of_record
TN:
SF:src\adaptive-learning\dto\create-question.dto.ts
FNF:0
FNH:0
DA:1,1
DA:3,1
DA:6,1
DA:10,1
DA:14,1
DA:18,1
DA:21,1
LF:7
LH:7
BRF:0
BRH:0
end_of_record
TN:
SF:src\adaptive-learning\dto\create-recommendation.dto.ts
FNF:0
FNH:0
DA:1,1
DA:3,1
DA:6,1
DA:10,1
DA:13,1
DA:17,1
DA:21,1
DA:25,1
DA:31,1
LF:9
LH:9
BRF:0
BRH:0
end_of_record
TN:
SF:src\adaptive-learning\dto\create-student-performance.dto.ts
FNF:0
FNH:0
DA:1,1
DA:6,1
DA:9,1
DA:12,1
DA:17,1
DA:21,1
DA:25,1
DA:29,1
DA:33,1
LF:9
LH:9
BRF:0
BRH:0
end_of_record
TN:
SF:src\adaptive-learning\dto\create-student-profile.dto.ts
FNF:0
FNH:0
DA:1,1
DA:11,1
DA:13,1
DA:17,1
DA:20,1
DA:30,1
DA:36,1
DA:41,1
DA:46,1
LF:9
LH:9
BRF:0
BRH:0
end_of_record
TN:
SF:src\adaptive-learning\schemas\goal-settings.schema.ts
FNF:0
FNH:0
DA:1,2
DA:7,2
DA:9,2
DA:12,2
DA:15,2
DA:18,2
DA:21,2
DA:28,2
DA:31,2
DA:34,2
LF:10
LH:10
BRF:0
BRH:0
end_of_record
TN:
SF:src\adaptive-learning\schemas\level-test.schema.ts
FNF:0
FNH:0
DA:1,2
DA:7,2
DA:10,2
DA:23,2
DA:41,2
DA:49,2
DA:55,2
DA:68,2
DA:88,2
DA:101,2
DA:104,2
DA:107,2
LF:12
LH:12
BRF:0
BRH:0
end_of_record
TN:
SF:src\adaptive-learning\schemas\post-evaluation-test.schema.ts
FNF:0
FNH:0
DA:1,2
DA:7,2
DA:9,2
DA:12,2
DA:18,2
DA:32,2
DA:51,2
DA:59,2
DA:72,2
DA:80,2
DA:83,2
DA:86,2
LF:12
LH:12
BRF:0
BRH:0
end_of_record
TN:
SF:src\adaptive-learning\schemas\question.schema.ts
FNF:0
FNH:0
DA:1,2
DA:7,2
DA:10,2
DA:13,2
DA:16,2
DA:19,2
DA:25,2
DA:28,2
LF:8
LH:8
BRF:0
BRH:0
end_of_record
TN:
SF:src\adaptive-learning\schemas\recommendation.schema.ts
FNF:0
FNH:0
DA:1,2
DA:7,2
DA:10,2
DA:13,2
DA:16,2
DA:20,2
DA:26,2
DA:29,2
DA:32,2
DA:35,2
DA:38,2
DA:41,2
LF:12
LH:12
BRF:0
BRH:0
end_of_record
TN:
SF:src\adaptive-learning\schemas\student-performance.schema.ts
FNF:0
FNH:0
DA:1,2
DA:7,2
DA:10,2
DA:13,2
DA:16,2
DA:19,2
DA:22,2
DA:28,2
DA:32,2
DA:38,2
DA:41,2
LF:11
LH:11
BRF:0
BRH:0
end_of_record
TN:
SF:src\admin\admin.controller.ts
FN:16,(anonymous_4)
FN:25,(anonymous_5)
FN:32,(anonymous_6)
FN:39,(anonymous_7)
FN:46,(anonymous_8)
FN:53,(anonymous_9)
FN:72,(anonymous_10)
FN:98,(anonymous_11)
FN:105,(anonymous_12)
FN:126,(anonymous_13)
FN:133,(anonymous_14)
FNF:11
FNH:0
FNDA:0,(anonymous_4)
FNDA:0,(anonymous_5)
FNDA:0,(anonymous_6)
FNDA:0,(anonymous_7)
FNDA:0,(anonymous_8)
FNDA:0,(anonymous_9)
FNDA:0,(anonymous_10)
FNDA:0,(anonymous_11)
FNDA:0,(anonymous_12)
FNDA:0,(anonymous_13)
FNDA:0,(anonymous_14)
DA:1,0
DA:2,0
DA:3,0
DA:4,0
DA:5,0
DA:6,0
DA:7,0
DA:8,0
DA:9,0
DA:10,0
DA:11,0
DA:12,0
DA:15,0
DA:17,0
DA:18,0
DA:19,0
DA:25,0
DA:26,0
DA:32,0
DA:33,0
DA:39,0
DA:40,0
DA:46,0
DA:47,0
DA:53,0
DA:62,0
DA:63,0
DA:64,0
DA:65,0
DA:66,0
DA:72,0
DA:82,0
DA:83,0
DA:84,0
DA:86,0
DA:87,0
DA:89,0
DA:90,0
DA:92,0
DA:98,0
DA:99,0
DA:105,0
DA:106,0
DA:109,0
DA:110,0
DA:111,0
DA:112,0
DA:113,0
DA:116,0
DA:120,0
DA:126,0
DA:127,0
DA:133,0
DA:134,0
DA:135,0
DA:138,0
DA:139,0
DA:140,0
DA:142,0
DA:147,0
LF:60
LH:0
BRDA:63,0,0,0
BRDA:63,0,1,0
BRDA:63,0,2,0
BRDA:65,1,0,0
BRDA:65,1,1,0
BRDA:83,2,0,0
BRDA:83,3,0,0
BRDA:83,3,1,0
BRDA:84,4,0,0
BRDA:84,4,1,0
BRDA:84,4,2,0
BRDA:86,5,0,0
BRDA:89,6,0,0
BRDA:109,7,0,0
BRDA:112,8,0,0
BRDA:138,9,0,0
BRDA:138,10,0,0
BRDA:138,10,1,0
BRDA:138,10,2,0
BRF:19
BRH:0
end_of_record
TN:
SF:src\alert-config\alert-config.controller.ts
FN:29,(anonymous_4)
FN:33,(anonymous_5)
FN:39,(anonymous_6)
FNF:3
FNH:0
FNDA:0,(anonymous_4)
FNDA:0,(anonymous_5)
FNDA:0,(anonymous_6)
DA:1,0
DA:2,0
DA:3,0
DA:4,0
DA:5,0
DA:6,0
DA:7,0
DA:13,0
DA:18,0
DA:23,0
DA:28,0
DA:29,0
DA:33,0
DA:34,0
DA:39,0
DA:40,0
LF:16
LH:0
BRF:0
BRH:0
end_of_record
TN:
SF:src\alert-config\alert-config.module.ts
FNF:0
FNH:0
DA:1,0
DA:2,0
DA:3,0
DA:4,0
DA:5,0
DA:15,0
LF:6
LH:0
BRF:0
BRH:0
end_of_record
TN:
SF:src\alert-config\alert-config.schema.ts
FNF:0
FNH:0
DA:1,1
DA:7,1
DA:9,1
DA:12,1
DA:15,1
DA:18,1
LF:6
LH:6
BRF:0
BRH:0
end_of_record
TN:
SF:src\alert-config\alert-config.service.ts
FN:14,(anonymous_4)
FN:19,(anonymous_5)
FN:34,(anonymous_6)
FN:46,(anonymous_7)
FNF:4
FNH:4
FNDA:3,(anonymous_4)
FNDA:2,(anonymous_5)
FNDA:2,(anonymous_6)
FNDA:2,(anonymous_7)
DA:1,1
DA:2,1
DA:3,1
DA:4,1
DA:13,1
DA:16,3
DA:20,2
DA:22,2
DA:23,1
DA:28,1
DA:31,2
DA:35,2
DA:37,1
DA:39,1
DA:40,1
DA:41,1
DA:43,1
DA:47,2
DA:49,2
DA:50,0
DA:53,2
DA:54,0
DA:57,2
DA:58,1
LF:24
LH:22
BRDA:22,0,0,1
BRDA:49,1,0,0
BRDA:49,2,0,2
BRDA:49,2,1,2
BRDA:49,2,2,2
BRDA:53,3,0,0
BRDA:53,4,0,2
BRDA:53,4,1,2
BRDA:53,4,2,2
BRDA:57,5,0,1
BRDA:57,6,0,2
BRDA:57,6,1,1
BRF:12
BRH:10
end_of_record
TN:
SF:src\analytics\ab-intervention-automation.service.ts
FN:30,(anonymous_4)
FN:47,(anonymous_5)
FN:56,(anonymous_6)
FN:66,(anonymous_7)
FN:97,(anonymous_8)
FN:119,(anonymous_9)
FN:122,(anonymous_10)
FN:135,(anonymous_11)
FN:149,(anonymous_12)
FN:168,(anonymous_13)
FN:189,(anonymous_14)
FN:190,(anonymous_15)
FN:191,(anonymous_16)
FN:192,(anonymous_17)
FN:209,(anonymous_18)
FN:227,(anonymous_19)
FN:229,(anonymous_20)
FN:239,(anonymous_21)
FN:256,(anonymous_22)
FN:300,(anonymous_23)
FN:343,(anonymous_24)
FN:361,(anonymous_25)
FN:367,(anonymous_26)
FN:368,(anonymous_27)
FN:370,(anonymous_28)
FN:373,(anonymous_29)
FN:374,(anonymous_30)
FN:376,(anonymous_31)
FN:389,(anonymous_32)
FN:404,(anonymous_33)
FN:406,(anonymous_34)
FN:415,(anonymous_35)
FN:443,(anonymous_36)
FNF:33
FNH:0
FNDA:0,(anonymous_4)
FNDA:0,(anonymous_5)
FNDA:0,(anonymous_6)
FNDA:0,(anonymous_7)
FNDA:0,(anonymous_8)
FNDA:0,(anonymous_9)
FNDA:0,(anonymous_10)
FNDA:0,(anonymous_11)
FNDA:0,(anonymous_12)
FNDA:0,(anonymous_13)
FNDA:0,(anonymous_14)
FNDA:0,(anonymous_15)
FNDA:0,(anonymous_16)
FNDA:0,(anonymous_17)
FNDA:0,(anonymous_18)
FNDA:0,(anonymous_19)
FNDA:0,(anonymous_20)
FNDA:0,(anonymous_21)
FNDA:0,(anonymous_22)
FNDA:0,(anonymous_23)
FNDA:0,(anonymous_24)
FNDA:0,(anonymous_25)
FNDA:0,(anonymous_26)
FNDA:0,(anonymous_27)
FNDA:0,(anonymous_28)
FNDA:0,(anonymous_29)
FNDA:0,(anonymous_30)
FNDA:0,(anonymous_31)
FNDA:0,(anonymous_32)
FNDA:0,(anonymous_33)
FNDA:0,(anonymous_34)
FNDA:0,(anonymous_35)
FNDA:0,(anonymous_36)
DA:1,0
DA:2,0
DA:3,0
DA:4,0
DA:5,0
DA:6,0
DA:7,0
DA:8,0
DA:12,0
DA:13,0
DA:14,0
DA:15,0
DA:16,0
DA:25,0
DA:26,0
DA:27,0
DA:28,0
DA:32,0
DA:34,0
DA:36,0
DA:38,0
DA:40,0
DA:41,0
DA:42,0
DA:43,0
DA:47,0
DA:49,0
DA:50,0
DA:51,0
DA:53,0
DA:57,0
DA:58,0
DA:59,0
DA:72,0
DA:77,0
DA:88,0
DA:89,0
DA:94,0
DA:96,0
DA:97,0
DA:99,0
DA:101,0
DA:102,0
DA:103,0
DA:105,0
DA:106,0
DA:108,0
DA:109,0
DA:110,0
DA:112,0
DA:113,0
DA:118,0
DA:119,0
DA:121,0
DA:122,0
DA:125,0
DA:127,0
DA:136,0
DA:137,0
DA:138,0
DA:139,0
DA:141,0
DA:142,0
DA:145,0
DA:146,0
DA:150,0
DA:151,0
DA:156,0
DA:157,0
DA:159,0
DA:160,0
DA:162,0
DA:165,0
DA:169,0
DA:188,0
DA:189,0
DA:190,0
DA:191,0
DA:192,0
DA:194,0
DA:195,0
DA:198,0
DA:210,0
DA:211,0
DA:213,0
DA:227,0
DA:228,0
DA:229,0
DA:232,0
DA:240,0
DA:257,0
DA:262,0
DA:263,0
DA:266,0
DA:267,0
DA:270,0
DA:281,0
DA:282,0
DA:294,0
DA:301,0
DA:306,0
DA:307,0
DA:310,0
DA:311,0
DA:312,0
DA:315,0
DA:316,0
DA:318,0
DA:328,0
DA:329,0
DA:337,0
DA:344,0
DA:352,0
DA:353,0
DA:354,0
DA:355,0
DA:356,0
DA:357,0
DA:358,0
DA:361,0
DA:366,0
DA:367,0
DA:368,0
DA:370,0
DA:372,0
DA:373,0
DA:374,0
DA:376,0
DA:378,0
DA:379,0
DA:381,0
DA:390,0
DA:395,0
DA:396,0
DA:399,0
DA:400,0
DA:401,0
DA:404,0
DA:406,0
DA:407,0
DA:408,0
DA:411,0
DA:412,0
DA:413,0
DA:415,0
DA:426,0
DA:428,0
DA:434,0
DA:444,0
DA:445,0
DA:447,0
DA:448,0
LF:152
LH:0
BRDA:49,0,0,0
BRDA:49,0,1,0
BRDA:50,1,0,0
BRDA:90,2,0,0
BRDA:90,2,1,0
BRDA:90,2,2,0
BRDA:90,2,3,0
BRDA:94,3,0,0
BRDA:94,3,1,0
BRDA:96,4,0,0
BRDA:96,4,1,0
BRDA:97,5,0,0
BRDA:97,5,1,0
BRDA:97,6,0,0
BRDA:97,6,1,0
BRDA:99,7,0,0
BRDA:99,7,1,0
BRDA:101,8,0,0
BRDA:101,8,1,0
BRDA:102,9,0,0
BRDA:105,10,0,0
BRDA:108,11,0,0
BRDA:109,12,0,0
BRDA:112,13,0,0
BRDA:118,14,0,0
BRDA:118,14,1,0
BRDA:121,15,0,0
BRDA:121,15,1,0
BRDA:125,16,0,0
BRDA:125,16,1,0
BRDA:125,17,0,0
BRDA:125,17,1,0
BRDA:141,18,0,0
BRDA:141,18,1,0
BRDA:159,19,0,0
BRDA:159,19,1,0
BRDA:194,20,0,0
BRDA:227,21,0,0
BRDA:227,21,1,0
BRDA:228,22,0,0
BRDA:228,22,1,0
BRDA:233,23,0,0
BRDA:233,23,1,0
BRDA:234,24,0,0
BRDA:234,24,1,0
BRDA:262,25,0,0
BRDA:266,26,0,0
BRDA:281,27,0,0
BRDA:306,28,0,0
BRDA:311,29,0,0
BRDA:311,30,0,0
BRDA:311,30,1,0
BRDA:328,31,0,0
BRDA:354,32,0,0
BRDA:354,32,1,0
BRDA:355,33,0,0
BRDA:355,33,1,0
BRDA:356,34,0,0
BRDA:356,34,1,0
BRDA:363,35,0,0
BRDA:363,35,1,0
BRDA:378,36,0,0
BRDA:378,36,1,0
BRDA:379,37,0,0
BRDA:379,37,1,0
BRDA:395,38,0,0
BRDA:395,39,0,0
BRDA:395,39,1,0
BRDA:401,40,0,0
BRDA:401,40,1,0
BRDA:404,41,0,0
BRDA:404,41,1,0
BRDA:406,42,0,0
BRDA:406,42,1,0
BRDA:407,43,0,0
BRDA:411,44,0,0
BRDA:411,44,1,0
BRDA:412,45,0,0
BRDA:412,45,1,0
BRDA:413,46,0,0
BRDA:413,46,1,0
BRDA:428,47,0,0
BRDA:428,47,1,0
BRDA:428,48,0,0
BRDA:428,48,1,0
BRDA:428,48,2,0
BRDA:430,49,0,0
BRDA:430,49,1,0
BRDA:443,50,0,0
BRDA:444,51,0,0
BRDA:449,52,0,0
BRDA:449,52,1,0
BRDA:449,52,2,0
BRF:93
BRH:0
end_of_record
TN:
SF:src\analytics\ab-testing.service.ts
FN:33,(anonymous_4)
FN:44,(anonymous_5)
FN:71,(anonymous_6)
FN:88,(anonymous_7)
FN:98,(anonymous_8)
FN:106,(anonymous_9)
FN:109,(anonymous_10)
FN:113,(anonymous_11)
FN:139,(anonymous_12)
FN:179,(anonymous_13)
FN:196,(anonymous_14)
FNF:11
FNH:0
FNDA:0,(anonymous_4)
FNDA:0,(anonymous_5)
FNDA:0,(anonymous_6)
FNDA:0,(anonymous_7)
FNDA:0,(anonymous_8)
FNDA:0,(anonymous_9)
FNDA:0,(anonymous_10)
FNDA:0,(anonymous_11)
FNDA:0,(anonymous_12)
FNDA:0,(anonymous_13)
FNDA:0,(anonymous_14)
DA:1,0
DA:2,0
DA:3,0
DA:4,0
DA:9,0
DA:10,0
DA:11,0
DA:12,0
DA:27,0
DA:28,0
DA:35,0
DA:37,0
DA:39,0
DA:40,0
DA:41,0
DA:48,0
DA:54,0
DA:55,0
DA:58,0
DA:59,0
DA:61,0
DA:68,0
DA:72,0
DA:85,0
DA:89,0
DA:95,0
DA:99,0
DA:106,0
DA:110,0
DA:117,0
DA:118,0
DA:124,0
DA:125,0
DA:126,0
DA:127,0
DA:133,0
DA:140,0
DA:141,0
DA:144,0
DA:145,0
DA:146,0
DA:148,0
DA:162,0
DA:169,0
DA:170,0
DA:172,0
DA:183,0
DA:184,0
DA:187,0
DA:193,0
DA:197,0
LF:51
LH:0
BRDA:46,0,0,0
BRDA:54,1,0,0
BRDA:77,2,0,0
BRDA:77,2,1,0
BRDA:85,3,0,0
BRDA:85,3,1,0
BRDA:95,4,0,0
BRDA:95,4,1,0
BRDA:98,5,0,0
BRDA:110,6,0,0
BRDA:110,6,1,0
BRDA:117,7,0,0
BRDA:117,8,0,0
BRDA:117,8,1,0
BRDA:119,9,0,0
BRDA:119,9,1,0
BRDA:120,10,0,0
BRDA:120,10,1,0
BRDA:134,11,0,0
BRDA:134,11,1,0
BRDA:135,12,0,0
BRDA:135,12,1,0
BRDA:135,12,2,0
BRDA:140,13,0,0
BRDA:162,14,0,0
BRDA:162,14,1,0
BRDA:183,15,0,0
BRDA:193,16,0,0
BRDA:193,16,1,0
BRF:29
BRH:0
end_of_record
TN:
SF:src\analytics\alert.controller.ts
FN:23,(anonymous_4)
FN:27,(anonymous_5)
FN:33,(anonymous_6)
FN:39,(anonymous_7)
FN:45,(anonymous_8)
FN:51,(anonymous_9)
FN:57,(anonymous_10)
FN:63,(anonymous_11)
FN:69,(anonymous_12)
FN:75,(anonymous_13)
FN:81,(anonymous_14)
FN:87,(anonymous_15)
FNF:12
FNH:0
FNDA:0,(anonymous_4)
FNDA:0,(anonymous_5)
FNDA:0,(anonymous_6)
FNDA:0,(anonymous_7)
FNDA:0,(anonymous_8)
FNDA:0,(anonymous_9)
FNDA:0,(anonymous_10)
FNDA:0,(anonymous_11)
FNDA:0,(anonymous_12)
FNDA:0,(anonymous_13)
FNDA:0,(anonymous_14)
FNDA:0,(anonymous_15)
DA:1,0
DA:14,0
DA:15,0
DA:16,0
DA:17,0
DA:18,0
DA:22,0
DA:23,0
DA:27,0
DA:28,0
DA:33,0
DA:34,0
DA:39,0
DA:40,0
DA:45,0
DA:46,0
DA:51,0
DA:52,0
DA:57,0
DA:58,0
DA:63,0
DA:64,0
DA:69,0
DA:70,0
DA:75,0
DA:76,0
DA:81,0
DA:82,0
DA:87,0
DA:88,0
LF:30
LH:0
BRDA:52,0,0,0
BRDA:52,0,1,0
BRF:2
BRH:0
end_of_record
TN:
SF:src\analytics\alert.module.ts
FNF:0
FNH:0
DA:1,0
DA:2,0
DA:3,0
DA:4,0
DA:5,0
DA:6,0
DA:7,0
DA:20,0
LF:8
LH:0
BRF:0
BRH:0
end_of_record
TN:
SF:src\analytics\alert.service.ts
FN:26,(anonymous_4)
FN:34,(anonymous_5)
FN:45,(anonymous_6)
FN:83,(anonymous_7)
FN:93,(anonymous_8)
FN:116,(anonymous_9)
[...]
BRDA:1090,209,1,0
BRDA:1095,210,0,0
BRDA:1096,211,0,0
BRDA:1100,212,0,0
BRDA:1103,213,0,0
BRDA:1103,213,1,0
BRDA:1104,214,0,0
BRDA:1104,215,0,0
BRDA:1104,215,1,0
BRDA:1111,216,0,0
BRDA:1111,217,0,0
BRDA:1111,217,1,0
BRDA:1118,218,0,0
BRDA:1118,218,1,0
BRDA:1120,219,0,0
BRDA:1120,219,1,0
BRDA:1121,220,0,0
BRDA:1121,220,1,0
BRDA:1122,221,0,0
BRDA:1122,221,1,0
BRDA:1130,222,0,0
BRDA:1130,223,0,0
BRDA:1130,223,1,0
BRDA:1130,223,2,0
BRDA:1138,224,0,0
BRDA:1139,225,0,0
BRDA:1139,225,1,0
BRDA:1139,225,2,0
BRDA:1139,225,3,0
BRDA:1139,225,4,0
BRDA:1146,226,0,0
BRDA:1146,226,1,0
BRDA:1148,227,0,0
BRDA:1148,227,1,0
BRDA:1151,228,0,0
BRDA:1151,228,1,0
BRDA:1155,229,0,0
BRDA:1155,229,1,0
BRDA:1156,230,0,0
BRDA:1156,230,1,0
BRDA:1157,231,0,0
BRDA:1157,231,1,0
BRDA:1159,232,0,0
BRDA:1159,232,1,0
BRDA:1163,233,0,0
BRDA:1163,234,0,0
BRDA:1163,234,1,0
BRDA:1167,235,0,0
BRDA:1167,235,1,0
BRDA:1169,236,0,0
BRDA:1169,236,1,0
BRDA:1173,237,0,0
BRDA:1173,237,1,0
BRDA:1174,238,0,0
BRDA:1174,238,1,0
BRDA:1175,239,0,0
BRDA:1175,239,1,0
BRDA:1179,240,0,0
BRDA:1179,241,0,0
BRDA:1179,241,1,0
BRDA:1179,241,2,0
BRDA:1179,241,3,0
BRDA:1183,242,0,0
BRDA:1183,242,1,0
BRDA:1185,243,0,0
BRDA:1185,243,1,0
BRDA:1188,244,0,0
BRDA:1188,244,1,0
BRDA:1188,245,0,0
BRDA:1188,245,1,0
BRDA:1192,246,0,0
BRDA:1192,246,1,0
BRDA:1193,247,0,0
BRDA:1193,247,1,0
BRDA:1194,248,0,0
BRDA:1194,248,1,0
BRDA:1198,249,0,0
BRDA:1199,250,0,0
BRDA:1199,250,1,0
BRDA:1199,250,2,0
BRDA:1199,250,3,0
BRDA:1205,251,0,0
BRDA:1205,251,1,0
BRDA:1207,252,0,0
BRDA:1207,252,1,0
BRDA:1210,253,0,0
BRDA:1210,253,1,0
BRDA:1212,254,0,0
BRDA:1212,254,1,0
BRDA:1216,255,0,0
BRDA:1216,255,1,0
BRDA:1217,256,0,0
BRDA:1217,256,1,0
BRDA:1218,257,0,0
BRDA:1218,257,1,0
BRDA:1219,258,0,0
BRDA:1219,258,1,0
BRDA:1223,259,0,0
BRDA:1223,259,1,0
BRDA:1229,260,0,0
BRDA:1229,260,1,0
BRDA:1230,261,0,0
BRDA:1230,261,1,0
BRDA:1231,262,0,0
BRDA:1231,262,1,0
BRDA:1232,263,0,0
BRDA:1232,263,1,0
BRDA:1233,264,0,0
BRDA:1233,264,1,0
BRDA:1235,265,0,0
BRDA:1235,265,1,0
BRDA:1236,266,0,0
BRDA:1236,266,1,0
BRDA:1254,267,0,0
BRDA:1259,268,0,0
BRDA:1266,269,0,0
BRDA:1266,269,1,0
BRDA:1267,270,0,0
BRDA:1267,270,1,0
BRDA:1271,271,0,0
BRDA:1271,271,1,0
BRDA:1277,272,0,0
BRDA:1283,273,0,0
BRDA:1283,273,1,0
BRDA:1286,274,0,0
BRDA:1293,275,0,0
BRDA:1293,275,1,0
BRDA:1298,276,0,0
BRDA:1298,276,1,0
BRDA:1305,277,0,0
BRDA:1305,277,1,0
BRDA:1305,277,2,0
BRDA:1310,278,0,0
BRDA:1310,278,1,0
BRDA:1318,279,0,0
BRDA:1318,279,1,0
BRDA:1318,280,0,0
BRDA:1318,280,1,0
BRDA:1320,281,0,0
BRDA:1320,281,1,0
BRDA:1320,282,0,0
BRDA:1320,282,1,0
BRDA:1322,283,0,0
BRDA:1322,283,1,0
BRDA:1323,284,0,0
BRDA:1323,284,1,0
BRDA:1326,285,0,0
BRDA:1326,285,1,0
BRDA:1328,286,0,0
BRDA:1328,286,1,0
BRDA:1330,287,0,0
BRDA:1330,287,1,0
BRDA:1331,288,0,0
BRDA:1331,288,1,0
BRDA:1334,289,0,0
BRDA:1334,289,1,0
BRDA:1335,290,0,0
BRDA:1335,290,1,0
BRDA:1338,291,0,0
BRDA:1338,291,1,0
BRDA:1339,292,0,0
BRDA:1339,292,1,0
BRDA:1340,293,0,0
BRDA:1340,293,1,0
BRDA:1344,294,0,0
BRDA:1344,294,1,0
BRDA:1345,295,0,0
BRDA:1345,295,1,0
BRDA:1346,296,0,0
BRDA:1346,296,1,0
BRDA:1348,297,0,0
BRDA:1348,297,1,0
BRDA:1349,298,0,0
BRDA:1349,298,1,0
BRDA:1350,299,0,0
BRDA:1350,299,1,0
BRDA:1352,300,0,0
BRDA:1358,301,0,0
BRDA:1358,302,0,0
BRDA:1358,302,1,0
BRDA:1361,303,0,0
BRDA:1361,304,0,0
BRDA:1361,304,1,0
BRDA:1361,304,2,0
BRDA:1368,305,0,0
BRDA:1368,305,1,0
BRDA:1369,306,0,0
BRDA:1369,306,1,0
BRDA:1371,307,0,0
BRDA:1371,308,0,0
BRDA:1371,308,1,0
BRDA:1371,308,2,0
BRDA:1377,309,0,0
BRDA:1377,310,0,0
BRDA:1377,310,1,0
BRDA:1381,311,0,0
BRDA:1381,312,0,0
BRDA:1381,312,1,0
BRDA:1386,313,0,0
BRDA:1387,314,0,0
BRDA:1391,315,0,0
BRDA:1394,316,0,0
BRDA:1394,316,1,0
BRDA:1395,317,0,0
BRDA:1395,318,0,0
BRDA:1395,318,1,0
BRDA:1402,319,0,0
BRDA:1402,320,0,0
BRDA:1402,320,1,0
BRDA:1411,321,0,0
BRDA:1411,321,1,0
BRDA:1412,322,0,0
BRDA:1412,322,1,0
BRDA:1414,323,0,0
BRDA:1414,323,1,0
BRDA:1415,324,0,0
BRDA:1415,324,1,0
BRDA:1416,325,0,0
BRDA:1416,325,1,0
BRDA:1417,326,0,0
BRDA:1417,326,1,0
BRDA:1418,327,0,0
BRDA:1418,327,1,0
BRDA:1423,328,0,0
BRDA:1423,328,1,0
BRDA:1424,329,0,0
BRDA:1424,329,1,0
BRDA:1426,330,0,0
BRDA:1426,330,1,0
BRDA:1427,331,0,0
BRDA:1427,331,1,0
BRDA:1429,332,0,0
BRDA:1429,333,0,0
BRDA:1429,333,1,0
BRDA:1438,334,0,0
BRDA:1438,335,0,0
BRDA:1438,335,1,0
BRDA:1442,336,0,0
BRDA:1442,336,1,0
BRDA:1444,337,0,0
BRDA:1444,337,1,0
BRDA:1448,338,0,0
BRDA:1448,338,1,0
BRDA:1449,339,0,0
BRDA:1449,339,1,0
BRDA:1450,340,0,0
BRDA:1450,340,1,0
BRDA:1467,341,0,0
BRDA:1472,342,0,0
BRDA:1478,343,0,0
BRDA:1478,343,1,0
BRDA:1484,344,0,0
BRDA:1490,345,0,0
BRDA:1490,345,1,0
BRDA:1491,346,0,0
BRDA:1491,346,1,0
BRDA:1495,347,0,0
BRDA:1585,348,0,0
BRDA:1614,349,0,0
BRDA:1614,349,1,0
BRDA:1615,350,0,0
BRDA:1615,350,1,0
BRDA:1616,351,0,0
BRDA:1616,351,1,0
BRDA:1617,352,0,0
BRDA:1617,352,1,0
BRDA:1618,353,0,0
BRDA:1618,353,1,0
BRDA:1619,354,0,0
BRDA:1619,354,1,0
BRDA:1620,355,0,0
BRDA:1620,355,1,0
BRDA:1621,356,0,0
BRDA:1621,356,1,0
BRDA:1643,357,0,0
BRDA:1651,358,0,0
BRDA:1651,358,1,0
BRDA:1654,359,0,0
BRDA:1674,360,0,0
BRDA:1681,361,0,0
BRDA:1681,361,1,0
BRDA:1685,362,0,0
BRDA:1685,362,1,0
BRDA:1689,363,0,0
BRDA:1689,363,1,0
BRDA:1707,364,0,0
BRDA:1707,364,1,0
BRDA:1718,365,0,0
BRDA:1718,365,1,0
BRDA:1719,366,0,0
BRDA:1720,367,0,0
BRDA:1720,367,1,0
BRDA:1720,367,2,0
BRDA:1721,368,0,0
BRDA:1728,369,0,0
BRDA:1728,370,0,0
BRDA:1728,370,1,0
BRDA:1752,371,0,0
BRDA:1756,372,0,0
BRDA:1756,372,1,0
BRDA:1757,373,0,0
BRDA:1758,374,0,0
BRDA:1758,374,1,0
BRDA:1758,374,2,0
BRDA:1759,375,0,0
BRDA:1770,376,0,0
BRDA:1774,377,0,0
BRDA:1774,377,1,0
BRDA:1776,378,0,0
BRDA:1779,379,0,0
BRDA:1782,380,0,0
BRDA:1792,381,0,0
BRDA:1792,381,1,0
BRDA:1793,382,0,0
BRDA:1794,383,0,0
BRDA:1794,383,1,0
BRDA:1794,383,2,0
BRDA:1794,383,3,0
BRDA:1807,384,0,0
BRDA:1830,385,0,0
BRDA:1838,386,0,0
BRDA:1846,387,0,0
BRDA:1846,388,0,0
BRDA:1846,388,1,0
BRDA:1860,389,0,0
BRDA:1876,390,0,1
BRDA:1876,390,1,0
BRF:691
BRH:18
end_of_record
TN:
SF:src\subjects\dto\add-chapter-content.dto.ts
FN:29,(anonymous_2)
FN:62,(anonymous_3)
FNF:2
FNH:0
FNDA:0,(anonymous_2)
FNDA:0,(anonymous_3)
DA:1,0
DA:2,0
DA:3,0
DA:14,0
DA:18,0
DA:26,0
DA:29,0
DA:32,0
DA:35,0
DA:42,0
DA:47,0
DA:52,0
DA:57,0
DA:62,0
DA:64,0
DA:69,0
DA:74,0
LF:17
LH:0
BRF:0
BRH:0
end_of_record
TN:
SF:src\subjects\dto\add-chapter.dto.ts
FN:17,(anonymous_2)
FNF:1
FNH:0
FNDA:0,(anonymous_2)
DA:1,0
DA:2,0
DA:3,0
DA:5,0
DA:9,0
DA:14,0
DA:17,0
DA:21,0
LF:8
LH:0
BRF:0
BRH:0
end_of_record
TN:
SF:src\subjects\dto\add-subchapter-content.dto.ts
FN:29,(anonymous_2)
FN:70,(anonymous_3)
FNF:2
FNH:0
FNDA:0,(anonymous_2)
FNDA:0,(anonymous_3)
DA:1,0
DA:2,0
DA:3,0
DA:14,0
DA:18,0
DA:26,0
DA:29,0
DA:32,0
DA:35,0
DA:42,0
DA:50,0
DA:55,0
DA:60,0
DA:65,0
DA:70,0
DA:72,0
DA:77,0
DA:82,0
DA:87,0
DA:92,0
DA:97,0
LF:21
LH:0
BRF:0
BRH:0
end_of_record
TN:
SF:src\subjects\dto\add-subchapter.dto.ts
FN:17,(anonymous_2)
FNF:1
FNH:0
FNDA:0,(anonymous_2)
DA:1,0
DA:2,0
DA:3,0
DA:5,0
DA:9,0
DA:14,0
DA:17,0
DA:21,0
LF:8
LH:0
BRF:0
BRH:0
end_of_record
TN:
SF:src\subjects\dto\create-subject.dto.ts
FNF:0
FNH:0
DA:1,0
DA:2,0
DA:3,0
DA:5,0
DA:9,0
DA:16,0
DA:28,0
LF:7
LH:0
BRF:0
BRH:0
end_of_record
TN:
SF:src\subjects\dto\grade-quiz-file-submission.dto.ts
FNF:0
FNH:0
DA:1,0
DA:11,0
DA:16,0
DA:20,0
DA:25,0
DA:30,0
LF:6
LH:0
BRF:0
BRH:0
end_of_record
TN:
SF:src\subjects\dto\submit-quiz-file.dto.ts
FNF:0
FNH:0
DA:1,0
DA:3,0
DA:6,0
DA:10,0
DA:14,0
DA:18,0
DA:22,0
LF:7
LH:0
BRF:0
BRH:0
end_of_record
TN:
SF:src\subjects\dto\submit-quiz.dto.ts
FN:87,(anonymous_2)
FNF:1
FNH:0
FNDA:0,(anonymous_2)
DA:1,0
DA:2,0
DA:12,0
DA:14,0
DA:18,0
DA:23,0
DA:32,0
DA:36,0
DA:39,0
DA:43,0
DA:51,0
DA:59,0
DA:64,0
DA:72,0
DA:77,0
DA:82,0
DA:87,0
DA:88,0
LF:18
LH:0
BRF:0
BRH:0
end_of_record
TN:
SF:src\subjects\dto\update-chapter-content.dto.ts
FN:37,(anonymous_2)
FNF:1
FNH:0
FNDA:0,(anonymous_2)
DA:1,0
DA:2,0
DA:3,0
DA:10,0
DA:12,0
DA:17,0
DA:22,0
DA:27,0
DA:32,0
DA:37,0
DA:39,0
DA:44,0
DA:49,0
LF:13
LH:0
BRF:0
BRH:0
end_of_record
TN:
SF:src\subjects\dto\update-content-engagement.dto.ts
FNF:0
FNH:0
DA:1,0
DA:2,0
DA:4,0
DA:8,0
DA:15,0
DA:22,0
DA:28,0
LF:7
LH:0
BRF:0
BRH:0
end_of_record
TN:
SF:src\subjects\dto\update-subchapter-content.dto.ts
FN:47,(anonymous_2)
FNF:1
FNH:0
FNDA:0,(anonymous_2)
DA:1,0
DA:2,0
DA:3,0
DA:10,0
DA:12,0
DA:19,0
DA:27,0
DA:32,0
DA:37,0
DA:42,0
DA:47,0
DA:49,0
DA:54,0
DA:59,0
DA:64,0
DA:69,0
DA:74,0
LF:17
LH:0
BRF:0
BRH:0
end_of_record
TN:
SF:src\subjects\dto\update-subject.dto.ts
FNF:0
FNH:0
DA:1,0
DA:3,0
DA:6,0
DA:10,0
DA:16,0
LF:5
LH:0
BRF:0
BRH:0
end_of_record
TN:
SF:src\subjects\schemas\course-upload-asset.schema.ts
FN:6,(anonymous_2)
FNF:1
FNH:1
FNDA:1,(anonymous_2)
DA:1,1
DA:2,1
DA:6,1
DA:7,1
DA:11,1
DA:13,1
DA:16,1
DA:19,1
DA:22,1
DA:25,1
DA:28,1
DA:31,1
DA:34,1
DA:37,1
DA:40,1
DA:43,1
DA:46,1
DA:52,1
LF:18
LH:18
BRDA:6,0,0,1
BRDA:6,0,1,1
BRF:2
BRH:2
end_of_record
TN:
SF:src\subjects\schemas\prosit-quiz-asset.schema.ts
FN:6,(anonymous_2)
FNF:1
FNH:1
FNDA:1,(anonymous_2)
DA:1,1
DA:2,1
DA:6,1
DA:7,1
DA:8,1
DA:12,1
DA:14,1
DA:17,1
DA:20,1
DA:23,1
DA:26,1
DA:29,1
DA:32,1
DA:35,1
DA:38,1
DA:41,1
DA:44,1
DA:47,1
DA:50,1
DA:53,1
DA:59,1
LF:21
LH:21
BRDA:6,0,0,1
BRDA:6,0,1,1
BRF:2
BRH:2
end_of_record
TN:
SF:src\subjects\schemas\quiz-file-submission.schema.ts
FN:6,(anonymous_2)
FNF:1
FNH:1
FNDA:3,(anonymous_2)
DA:1,3
DA:2,3
DA:6,3
DA:7,3
DA:8,3
DA:12,3
DA:14,3
DA:17,3
DA:20,3
DA:23,3
DA:26,3
DA:29,3
DA:32,3
DA:35,3
DA:38,3
DA:45,3
DA:48,3
DA:51,3
DA:54,3
DA:57,3
DA:60,3
DA:63,3
DA:66,3
DA:69,3
LF:24
LH:24
BRDA:6,0,0,3
BRDA:6,0,1,3
BRF:2
BRH:2
end_of_record
TN:
SF:src\subjects\schemas\quiz-submission.schema.ts
FNF:0
FNH:0
DA:1,3
DA:2,3
DA:7,3
DA:9,3
DA:12,3
DA:15,3
DA:18,3
DA:21,3
DA:24,3
DA:26,3
DA:29,3
DA:32,3
DA:35,3
DA:38,3
DA:41,3
DA:44,3
DA:47,3
DA:50,3
DA:54,3
DA:57,3
DA:60,3
DA:63,3
DA:66,3
LF:23
LH:23
BRF:0
BRH:0
end_of_record
TN:
SF:src\subjects\schemas\resource-add-asset.schema.ts
FN:6,(anonymous_2)
FNF:1
FNH:1
FNDA:1,(anonymous_2)
DA:1,1
DA:2,1
DA:6,1
DA:7,1
DA:8,1
DA:9,1
DA:13,1
DA:15,1
DA:18,1
DA:21,1
DA:24,1
DA:27,1
DA:30,1
DA:33,1
DA:36,1
DA:39,1
DA:42,1
DA:45,1
DA:48,1
DA:51,1
DA:57,1
LF:21
LH:21
BRDA:6,0,0,1
BRDA:6,0,1,1
BRF:2
BRH:2
end_of_record
TN:
SF:src\subjects\schemas\student-subchapter-engagement.schema.ts
FNF:0
FNH:0
DA:1,0
DA:2,0
DA:14,0
DA:16,0
DA:19,0
DA:22,0
DA:25,0
DA:29,0
DA:32,0
DA:36,0
LF:10
LH:0
BRF:0
BRH:0
end_of_record
TN:
SF:src\subjects\schemas\subject.schema.ts
FNF:0
FNH:0
DA:1,8
DA:2,8
DA:8,8
DA:10,8
DA:13,8
DA:16,8
DA:19,8
DA:25,8
LF:8
LH:8
BRF:0
BRH:0
end_of_record
TN:
SF:src\subjects\schemas\video-asset.schema.ts
FN:6,(anonymous_2)
FNF:1
FNH:1
FNDA:1,(anonymous_2)
DA:1,1
DA:2,1
DA:6,1
DA:7,1
DA:8,1
DA:12,1
DA:14,1
DA:17,1
DA:20,1
DA:23,1
DA:26,1
DA:29,1
DA:32,1
DA:35,1
DA:38,1
DA:41,1
DA:44,1
DA:47,1
DA:53,1
LF:19
LH:19
BRDA:6,0,0,1
BRDA:6,0,1,1
BRF:2
BRH:2
end_of_record
TN:
SF:src\types\express-multer.d.ts
FNF:0
FNH:0
LF:0
LH:0
BRF:0
BRH:0
end_of_record
TN:
SF:src\users\users.controller.ts
FN:8,(anonymous_4)
FN:12,(anonymous_5)
FN:18,(anonymous_6)
FN:27,(anonymous_7)
FNF:4
FNH:4
FNDA:5,(anonymous_4)
FNDA:1,(anonymous_5)
FNDA:2,(anonymous_6)
FNDA:1,(anonymous_7)
DA:1,1
DA:2,1
DA:3,1
DA:4,1
DA:7,1
DA:8,5
DA:12,1
DA:13,1
DA:18,1
DA:19,2
DA:20,1
DA:22,1
DA:27,1
DA:28,1
LF:14
LH:14
BRDA:19,0,0,1
BRF:1
BRH:1
end_of_record
TN:
SF:src\users\users.module.ts
FN:14,(anonymous_1)
FN:15,(anonymous_2)
FNF:2
FNH:0
FNDA:0,(anonymous_1)
FNDA:0,(anonymous_2)
DA:1,0
DA:2,0
DA:3,0
DA:4,0
DA:5,0
DA:6,0
DA:7,0
DA:8,0
DA:9,0
DA:10,0
DA:14,0
DA:15,0
DA:26,0
LF:13
LH:0
BRF:0
BRH:0
end_of_record
TN:
SF:src\users\users.service.ts
FN:17,(anonymous_4)
FN:25,(anonymous_5)
FN:32,(anonymous_6)
FN:59,(anonymous_7)
FN:104,(anonymous_8)
FN:133,(anonymous_9)
FN:134,(anonymous_10)
FN:136,(anonymous_11)
FN:137,(anonymous_12)
FN:148,(anonymous_13)
FN:151,(anonymous_14)
FN:170,(anonymous_15)
FN:178,(anonymous_16)
FN:193,(anonymous_17)
FN:196,(anonymous_18)
FN:197,(anonymous_19)
FN:199,(anonymous_20)
FN:200,(anonymous_21)
FN:207,(anonymous_22)
FN:209,(anonymous_23)
FN:229,(anonymous_24)
FN:268,(anonymous_25)
FN:279,(anonymous_26)
FNF:23
FNH:5
FNDA:9,(anonymous_4)
FNDA:3,(anonymous_5)
FNDA:3,(anonymous_6)
FNDA:2,(anonymous_7)
FNDA:0,(anonymous_8)
FNDA:0,(anonymous_9)
FNDA:0,(anonymous_10)
FNDA:0,(anonymous_11)
FNDA:0,(anonymous_12)
FNDA:0,(anonymous_13)
FNDA:0,(anonymous_14)
FNDA:0,(anonymous_15)
FNDA:0,(anonymous_16)
FNDA:0,(anonymous_17)
FNDA:0,(anonymous_18)
FNDA:0,(anonymous_19)
FNDA:0,(anonymous_20)
FNDA:0,(anonymous_21)
FNDA:0,(anonymous_22)
FNDA:0,(anonymous_23)
FNDA:0,(anonymous_24)
FNDA:0,(anonymous_25)
FNDA:3,(anonymous_26)
DA:1,2
DA:2,2
DA:3,2
DA:4,2
DA:5,2
DA:7,2
DA:8,2
DA:9,2
DA:10,2
DA:11,2
DA:12,2
DA:16,2
DA:18,9
DA:20,9
DA:21,9
DA:22,9
DA:26,3
DA:27,3
DA:29,0
DA:33,3
DA:34,3
DA:35,1
DA:38,2
DA:39,2
DA:60,2
DA:61,2
DA:62,1
DA:65,1
DA:66,1
DA:67,1
DA:68,0
DA:69,1
DA:70,0
DA:72,1
DA:78,1
DA:79,1
DA:80,1
DA:81,1
DA:82,0
DA:83,1
DA:84,0
DA:86,1
DA:95,1
DA:96,1
DA:101,1
DA:107,0
DA:108,0
DA:112,0
DA:117,0
DA:118,0
DA:121,0
DA:123,0
DA:124,0
DA:127,0
DA:128,0
DA:129,0
DA:133,0
DA:134,0
DA:135,0
DA:136,0
DA:137,0
DA:138,0
DA:147,0
DA:148,0
DA:150,0
DA:152,0
DA:153,0
DA:154,0
DA:171,0
DA:172,0
DA:174,0
DA:178,0
DA:194,0
DA:195,0
DA:196,0
DA:197,0
DA:198,0
DA:199,0
DA:200,0
DA:201,0
DA:206,0
DA:207,0
DA:209,0
DA:210,0
DA:211,0
DA:230,0
DA:231,0
DA:233,0
DA:234,0
DA:235,0
DA:236,0
DA:237,0
DA:238,0
DA:239,0
DA:241,0
DA:243,0
DA:249,0
DA:250,0
DA:251,0
DA:252,0
DA:253,0
DA:255,0
DA:264,0
DA:265,0
DA:269,0
DA:270,0
DA:272,0
DA:273,0
DA:274,0
DA:276,0
DA:280,3
DA:281,3
DA:284,2
DA:288,2
DA:291,2
DA:295,2
DA:305,2
DA:307,2
DA:308,2
DA:312,2
DA:316,2
DA:325,2
DA:327,2
DA:328,2
DA:329,0
DA:341,2
DA:347,0
DA:350,2
LF:128
LH:56
BRDA:26,0,0,3
BRDA:34,1,0,1
BRDA:49,2,0,1
BRDA:49,2,1,1
BRDA:51,3,0,1
BRDA:51,3,1,0
BRDA:61,4,0,1
BRDA:65,5,0,1
BRDA:67,6,0,0
BRDA:69,7,0,0
BRDA:72,8,0,1
BRDA:73,9,0,1
BRDA:73,9,1,1
BRDA:73,9,2,0
BRDA:73,9,3,0
BRDA:79,10,0,1
BRDA:81,11,0,0
BRDA:83,12,0,0
BRDA:107,13,0,0
BRDA:107,13,1,0
BRDA:121,14,0,0
BRDA:123,15,0,0
BRDA:123,16,0,0
BRDA:123,16,1,0
BRDA:127,17,0,0
BRDA:127,17,1,0
BRDA:128,18,0,0
BRDA:153,19,0,0
BRDA:153,19,1,0
BRDA:153,20,0,0
BRDA:153,20,1,0
BRDA:166,21,0,0
BRDA:166,21,1,0
BRDA:167,22,0,0
BRDA:167,22,1,0
BRDA:171,23,0,0
BRDA:174,24,0,0
BRDA:174,24,1,0
BRDA:222,25,0,0
BRDA:222,25,1,0
BRDA:223,26,0,0
BRDA:223,26,1,0
BRDA:224,27,0,0
BRDA:224,27,1,0
BRDA:231,28,0,0
BRDA:233,29,0,0
BRDA:234,30,0,0
BRDA:235,31,0,0
BRDA:236,32,0,0
BRDA:237,33,0,0
BRDA:238,34,0,0
BRDA:239,35,0,0
BRDA:243,36,0,0
BRDA:244,37,0,0
BRDA:244,37,1,0
BRDA:244,37,2,0
BRDA:244,37,3,0
BRDA:250,38,0,0
BRDA:251,39,0,0
BRDA:252,40,0,0
BRDA:270,41,0,0
BRDA:281,42,0,1
BRDA:284,43,0,1
BRDA:284,43,1,1
BRDA:284,44,0,2
BRDA:284,44,1,1
BRDA:291,45,0,1
BRDA:291,45,1,1
BRDA:291,46,0,2
BRDA:291,46,1,1
BRDA:301,47,0,2
BRDA:301,47,1,1
BRDA:302,48,0,2
BRDA:302,48,1,2
BRDA:307,49,0,2
BRDA:318,50,0,2
BRDA:318,50,1,2
BRDA:320,51,0,0
BRDA:320,51,1,2
BRDA:325,52,0,2
BRDA:325,52,1,2
BRDA:328,53,0,0
BRDA:328,53,1,2
BRDA:328,54,0,2
BRDA:328,54,1,0
BRDA:330,55,0,0
BRDA:330,55,1,0
BRF:87
BRH:32
end_of_record
TN:
SF:src\users\dto\admin-create-user.dto.ts
FNF:0
FNH:0
DA:1,0
DA:2,0
DA:4,0
DA:6,0
DA:9,0
DA:12,0
DA:16,0
DA:20,0
DA:24,0
DA:29,0
DA:33,0
LF:11
LH:0
BRF:0
BRH:0
end_of_record
TN:
SF:src\users\dto\admin-update-user.dto.ts
FNF:0
FNH:0
DA:1,0
DA:2,0
DA:4,0
DA:7,0
DA:11,0
DA:18,0
DA:22,0
DA:26,0
DA:30,0
DA:34,0
DA:38,0
DA:42,0
DA:47,0
LF:13
LH:0
BRF:0
BRH:0
end_of_record
TN:
SF:src\users\dto\update-profile.dto.ts
FNF:0
FNH:0
DA:1,1
DA:3,1
DA:6,1
DA:10,1
DA:14,1
DA:18,1
DA:22,1
DA:26,1
LF:8
LH:8
BRF:0
BRH:0
end_of_record
TN:
SF:src\users\schemas\student-profile.schema.ts
FNF:0
FNH:0
DA:1,8
DA:2,8
DA:7,8
DA:11,8
DA:14,8
DA:21,8
DA:24,8
DA:31,8
DA:41,8
DA:48,8
DA:52,8
DA:55,8
DA:58,8
DA:61,8
DA:64,8
DA:67,8
LF:16
LH:16
BRF:0
BRH:0
end_of_record
TN:
SF:src\users\schemas\user.schema.ts
FN:6,(anonymous_2)
FN:12,(anonymous_3)
FN:20,(anonymous_4)
FNF:3
FNH:2
FNDA:15,(anonymous_2)
FNDA:15,(anonymous_3)
FNDA:0,(anonymous_4)
DA:1,15
DA:6,15
DA:7,15
DA:8,15
DA:9,15
DA:12,15
DA:13,15
DA:14,15
DA:21,0
DA:22,0
DA:23,0
DA:27,15
DA:29,15
DA:32,15
DA:35,15
DA:38,15
DA:41,15
DA:48,15
DA:55,15
DA:58,15
DA:61,15
DA:64,15
DA:67,15
DA:70,15
DA:73,15
LF:25
LH:22
BRDA:6,0,0,15
BRDA:6,0,1,15
BRDA:12,1,0,15
BRDA:12,1,1,15
BRF:4
BRH:4
end_of_record
TN:
SF:src\video-generator\video-generator.controller.ts
FN:8,(anonymous_4)
FN:15,(anonymous_5)
FN:29,(anonymous_6)
FNF:3
FNH:0
FNDA:0,(anonymous_4)
FNDA:0,(anonymous_5)
FNDA:0,(anonymous_6)
DA:1,0
DA:2,0
DA:3,0
DA:4,0
DA:7,0
DA:8,0
DA:15,0
DA:19,0
DA:20,0
DA:21,0
DA:29,0
DA:30,0
LF:12
LH:0
BRF:0
BRH:0
end_of_record
TN:
SF:src\video-generator\video-generator.module.ts
FNF:0
FNH:0
DA:1,0
DA:2,0
DA:3,0
DA:4,0
DA:12,0
LF:5
LH:0
BRF:0
BRH:0
end_of_record
TN:
SF:src\video-generator\video-generator.service.ts
FN:11,(anonymous_2)
FN:14,(anonymous_3)
FN:39,(anonymous_4)
FNF:3
FNH:3
FNDA:21,(anonymous_2)
FNDA:11,(anonymous_3)
FNDA:11,(anonymous_4)
DA:1,1
DA:2,1
DA:3,1
DA:7,1
DA:8,21
DA:9,21
DA:11,21
DA:15,11
DA:17,11
DA:18,11
DA:19,11
DA:20,11
DA:22,11
DA:23,2
DA:24,2
DA:27,11
DA:28,2
DA:29,2
DA:32,11
DA:35,10
DA:49,11
DA:50,11
DA:53,8
DA:54,8
DA:65,3
DA:66,3
LF:26
LH:26
BRDA:9,0,0,21
BRDA:9,0,1,21
BRDA:18,1,0,11
BRDA:18,1,1,1
BRDA:19,2,0,11
BRDA:19,2,1,0
BRDA:20,3,0,1
BRDA:22,4,0,2
BRDA:27,5,0,2
BRDA:57,6,0,8
BRDA:57,6,1,3
BRDA:58,7,0,8
BRDA:58,7,1,1
BRDA:59,8,0,8
BRDA:59,8,1,3
BRDA:60,9,0,8
BRDA:60,9,1,7
BRDA:61,10,0,8
BRDA:61,10,1,3
BRDA:62,11,0,8
BRDA:62,11,1,3
BRF:21
BRH:20
end_of_record
TN:
SF:src\video-generator\dto\generate-video.dto.ts
FN:3,(anonymous_2)
FNF:1
FNH:0
FNDA:0,(anonymous_2)
DA:1,0
DA:3,0
DA:6,0
DA:10,0
DA:14,0
LF:5
LH:0
BRF:0
BRH:0
end_of_record
TN:
SF:src\webinar\webinar.controller.ts
FN:7,(anonymous_4)
FN:11,(anonymous_5)
FN:16,(anonymous_6)
FN:21,(anonymous_7)
FNF:4
FNH:0
FNDA:0,(anonymous_4)
FNDA:0,(anonymous_5)
FNDA:0,(anonymous_6)
FNDA:0,(anonymous_7)
DA:1,0
DA:2,0
DA:3,0
DA:6,0
DA:7,0
DA:11,0
DA:12,0
DA:16,0
DA:17,0
DA:21,0
DA:22,0
LF:11
LH:0
BRF:0
BRH:0
end_of_record
TN:
SF:src\webinar\webinar.gateway.ts
FN:26,(anonymous_4)
FN:29,(anonymous_5)
FN:56,(anonymous_6)
FN:71,(anonymous_7)
FN:81,(anonymous_8)
FN:88,(anonymous_9)
FN:97,(anonymous_10)
FN:114,(anonymous_11)
FN:121,(anonymous_12)
FN:126,(anonymous_13)
FNF:10
FNH:0
FNDA:0,(anonymous_4)
FNDA:0,(anonymous_5)
FNDA:0,(anonymous_6)
FNDA:0,(anonymous_7)
FNDA:0,(anonymous_8)
FNDA:0,(anonymous_9)
FNDA:0,(anonymous_10)
FNDA:0,(anonymous_11)
FNDA:0,(anonymous_12)
FNDA:0,(anonymous_13)
DA:1,0
DA:9,0
DA:10,0
DA:18,0
DA:20,0
DA:23,0
DA:24,0
DA:26,0
DA:29,0
DA:33,0
DA:36,0
DA:39,0
DA:40,0
DA:43,0
DA:46,0
DA:49,0
DA:50,0
DA:52,0
DA:56,0
DA:59,0
DA:60,0
DA:67,0
DA:71,0
DA:74,0
DA:81,0
DA:85,0
DA:89,0
DA:90,0
DA:92,0
DA:93,0
DA:98,0
DA:99,0
DA:100,0
DA:102,0
DA:104,0
DA:106,0
DA:107,0
DA:108,0
DA:114,0
DA:117,0
DA:121,0
DA:122,0
DA:126,0
DA:127,0
LF:44
LH:0
BRDA:92,0,0,0
BRDA:92,1,0,0
BRDA:92,1,1,0
BRDA:107,2,0,0
BRF:4
BRH:0
end_of_record
TN:
SF:src\webinar\webinar.module.ts
FNF:0
FNH:0
DA:1,0
DA:2,0
DA:3,0
DA:4,0
DA:5,0
DA:6,0
DA:16,0
LF:7
LH:0
BRF:0
BRH:0
end_of_record
TN:
SF:src\webinar\webinar.service.ts
FN:12,(anonymous_4)
FN:16,(anonymous_5)
FN:24,(anonymous_6)
FN:28,(anonymous_7)
FN:32,(anonymous_8)
FN:39,(anonymous_9)
FN:47,(anonymous_10)
FNF:7
FNH:0
FNDA:0,(anonymous_4)
FNDA:0,(anonymous_5)
FNDA:0,(anonymous_6)
FNDA:0,(anonymous_7)
FNDA:0,(anonymous_8)
FNDA:0,(anonymous_9)
FNDA:0,(anonymous_10)
DA:1,0
DA:2,0
DA:3,0
DA:4,0
DA:6,0
DA:9,0
DA:10,0
DA:13,0
DA:17,0
DA:21,0
DA:25,0
DA:29,0
DA:33,0
DA:40,0
DA:47,0
DA:48,0
DA:49,0
DA:52,0
DA:62,0
DA:64,0
DA:65,0
DA:66,0
DA:67,0
DA:68,0
DA:69,0
LF:25
LH:0
BRDA:66,0,0,0
BRF:1
BRH:0
end_of_record
TN:
SF:src\webinar\dto\create-webinar.dto.ts
FNF:0
FNH:0
DA:1,0
DA:3,0
DA:6,0
DA:10,0
DA:14,0
DA:18,0
DA:22,0
DA:26,0
LF:8
LH:0
BRF:0
BRH:0
end_of_record
TN:
SF:src\webinar\schemas\webinar.schema.ts
FNF:0
FNH:0
DA:1,0
DA:7,0
DA:9,0
DA:12,0
DA:15,0
DA:18,0
DA:21,0
DA:24,0
DA:27,0
DA:30,0
DA:33,0
LF:11
LH:0
BRF:0
BRH:0
end_of_record
